#X		Y		Free		Pro
-3.061500	-3.061500	23.057673	0.000001
-3.061500	-2.904500	21.780552	0.000002
-3.061500	-2.747500	20.176168	0.000004
-3.061500	-2.590500	18.789712	0.000007
-3.061500	-2.433500	17.786600	0.000011
-3.061500	-2.276500	17.664030	0.000011
-3.061500	-2.119500	18.299722	0.000009
-3.061500	-1.962500	19.005950	0.000007
-3.061500	-1.805500	19.502435	0.000005
-3.061500	-1.648500	20.023859	0.000004
-3.061500	-1.491500	20.887412	0.000003
-3.061500	-1.334500	20.980780	0.000003
-3.061500	-1.177500	20.507250	0.000004
-3.061500	-1.020500	20.337925	0.000004
-3.061500	-0.863500	20.760625	0.000003
-3.061500	-0.706500	21.986705	0.000002
-3.061500	-0.549500	23.727632	0.000001
-3.061500	-0.392500	25.295784	0.000001
-3.061500	-0.235500	26.287401	0.000000
-3.061500	-0.078500	26.476364	0.000000
-3.061500	0.078500	27.299411	0.000000
-3.061500	0.235500	27.765015	0.000000
-3.061500	0.392500	27.072606	0.000000
-3.061500	0.549500	25.736787	0.000000
-3.061500	0.706500	24.137059	0.000001
-3.061500	0.863500	22.383526	0.000002
-3.061500	1.020500	21.245343	0.000003
-3.061500	1.177500	20.503381	0.000004
-3.061500	1.334500	19.949252	0.000004
-3.061500	1.491500	20.042244	0.000004
-3.061500	1.648500	20.893670	0.000003
-3.061500	1.805500	21.286421	0.000003
-3.061500	1.962500	21.617100	0.000002
-3.061500	2.119500	22.042833	0.000002
-3.061500	2.276500	23.031761	0.000001
-3.061500	2.433500	23.917608	0.000001
-3.061500	2.590500	25.105204	0.000001
-3.061500	2.747500	26.154154	0.000000
-3.061500	2.904500	25.714017	0.000000
-3.061500	3.061500	24.265243	0.000001

-2.904500	-3.061500	26.051377	0.000000
-2.904500	-2.904500	24.017163	0.000001
-2.904500	-2.747500	22.611676	0.000002
-2.904500	-2.590500	21.805965	0.000002
-2.904500	-2.433500	21.374122	0.000003
-2.904500	-2.276500	21.223123	0.000003
-2.904500	-2.119500	21.788809	0.000002
-2.904500	-1.962500	22.712086	0.000001
-2.904500	-1.805500	23.396692	0.000001
-2.904500	-1.648500	23.863196	0.000001
-2.904500	-1.491500	24.711254	0.000001
-2.904500	-1.334500	24.956467	0.000001
-2.904500	-1.177500	24.485545	0.000001
-2.904500	-1.020500	24.162386	0.000001
-2.904500	-0.863500	24.498336	0.000001
-2.904500	-0.706500	25.988675	0.000000
-2.904500	-0.549500	27.550586	0.000000
-2.904500	-0.392500	28.730973	0.000000
-2.904500	-0.235500	28.622081	0.000000
-2.904500	-0.078500	27.717053	0.000000
-2.904500	0.078500	28.354505	0.000000
-2.904500	0.235500	29.031626	0.000000
-2.904500	0.392500	28.620469	0.000000
-2.904500	0.549500	27.314387	0.000000
-2.904500	0.706500	25.679899	0.000000
-2.904500	0.863500	24.917734	0.000001
-2.904500	1.020500	24.583129	0.000001
-2.904500	1.177500	23.923850	0.000001
-2.904500	1.334500	23.423505	0.000001
-2.904500	1.491500	22.966059	0.000001
-2.904500	1.648500	22.962231	0.000001
-2.904500	1.805500	23.028564	0.000001
-2.904500	1.962500	23.422648	0.000001
-2.904500	2.119500	24.324924	0.000001
-2.904500	2.276500	25.420046	0.000001
-2.904500	2.433500	27.191822	0.000000
-2.904500	2.590500	28.540191	0.000000
-2.904500	2.747500	29.594257	0.000000
-2.904500	2.904500	30.159957	0.000000
-2.904500	3.061500	28.653158	0.000000

-2.747500	-3.061500	30.114782	0.000000
-2.747500	-2.904500	27.651954	0.000000
-2.747500	-2.747500	26.219025	0.000000
-2.747500	-2.590500	25.395421	0.000001
-2.747500	-2.433500	25.147371	0.000001
-2.747500	-2.276500	25.112701	0.000001
-2.747500	-2.119500	25.677108	0.000000
-2.747500	-1.962500	26.565458	0.000000
-2.747500	-1.805500	27.220129	0.000000
-2.747500	-1.648500	27.786252	0.000000
-2.747500	-1.491500	28.862388	0.000000
-2.747500	-1.334500	29.497058	0.000000
-2.747500	-1.177500	29.079078	0.000000
-2.747500	-1.020500	28.590256	0.000000
-2.747500	-0.863500	28.940935	0.000000
-2.747500	-0.706500	30.397971	0.000000
-2.747500	-0.549500	31.983241	0.000000
-2.747500	-0.392500	32.963465	0.000000
-2.747500	-0.235500	31.759935	0.000000
-2.747500	-0.078500	30.409980	0.000000
-2.747500	0.078500	30.852130	0.000000
-2.747500	0.235500	31.682407	0.000000
-2.747500	0.392500	31.376176	0.000000
-2.747500	0.549500	30.094221	0.000000
-2.747500	0.706500	28.688436	0.000000
-2.747500	0.863500	27.984907	0.000000
-2.747500	1.020500	28.813046	0.000000
-2.747500	1.177500	28.252742	0.000000
-2.747500	1.334500	27.698275	0.000000
-2.747500	1.491500	26.409092	0.000000
-2.747500	1.648500	25.720422	0.000000
-2.747500	1.805500	25.594913	0.000000
-2.747500	1.962500	25.833550	0.000000
-2.747500	2.119500	26.656090	0.000000
-2.747500	2.276500	28.027184	0.000000
-2.747500	2.433500	30.178244	0.000000
-2.747500	2.590500	32.069033	0.000000
-2.747500	2.747500	33.412139	0.000000
-2.747500	2.904500	34.485691	0.000000
-2.747500	3.061500	33.920139	0.000000

-2.590500	-3.061500	34.377454	0.000000
-2.590500	-2.904500	31.981575	0.000000
-2.590500	-2.747500	30.329011	0.000000
-2.590500	-2.590500	29.384608	0.000000
-2.590500	-2.433500	29.059682	0.000000
-2.590500	-2.276500	28.900860	0.000000
-2.590500	-2.119500	29.202755	0.000000
-2.590500	-1.962500	30.143633	0.000000
-2.590500	-1.805500	30.864548	0.000000
-2.590500	-1.648500	31.562915	0.000000
-2.590500	-1.491500	32.494438	0.000000
-2.590500	-1.334500	33.014568	0.000000
-2.590500	-1.177500	32.492430	0.000000
-2.590500	-1.020500	31.718682	0.000000
-2.590500	-0.863500	31.403432	0.000000
-2.590500	-0.706500	32.472581	0.000000
-2.590500	-0.549500	34.090549	0.000000
-2.590500	-0.392500	35.207567	0.000000
-2.590500	-0.235500	34.577378	0.000000
-2.590500	-0.078500	33.548073	0.000000
-2.590500	0.078500	34.235067	0.000000
-2.590500	0.235500	35.056387	0.000000
-2.590500	0.392500	34.725525	0.000000
-2.590500	0.549500	33.404823	0.000000
-2.590500	0.706500	32.082032	0.000000
-2.590500	0.863500	30.819920	0.000000
-2.590500	1.020500	29.757291	0.000000
-2.590500	1.177500	28.937129	0.000000
-2.590500	1.334500	28.559667	0.000000
-2.590500	1.491500	27.673555	0.000000
-2.590500	1.648500	27.237928	0.000000
-2.590500	1.805500	27.227024	0.000000
-2.590500	1.962500	27.244963	0.000000
-2.590500	2.119500	27.852334	0.000000
-2.590500	2.276500	28.856540	0.000000
-2.590500	2.433500	30.724843	0.000000
-2.590500	2.590500	32.890519	0.000000
-2.590500	2.747500	34.911101	0.000000
-2.590500	2.904500	36.644102	0.000000
-2.590500	3.061500	37.984448	0.000000

-2.433500	-3.061500	38.390092	0.000000
-2.433500	-2.904500	36.149293	0.000000
-2.433500	-2.747500	34.329508	0.000000
-2.433500	-2.590500	33.340327	0.000000
-2.433500	-2.433500	32.724844	0.000000
-2.433500	-2.276500	32.292689	0.000000
-2.433500	-2.119500	32.488201	0.000000
-2.433500	-1.962500	33.301304	0.000000
-2.433500	-1.805500	33.902912	0.000000
-2.433500	-1.648500	34.183028	0.000000
-2.433500	-1.491500	34.832556	0.000000
-2.433500	-1.334500	34.734679	0.000000
-2.433500	-1.177500	34.010437	0.000000
-2.433500	-1.020500	32.964845	0.000000
-2.433500	-0.863500	31.758877	0.000000
-2.433500	-0.706500	32.224052	0.000000
-2.433500	-0.549500	33.799952	0.000000
-2.433500	-0.392500	35.018414	0.000000
-2.433500	-0.235500	35.582941	0.000000
-2.433500	-0.078500	35.937861	0.000000
-2.433500	0.078500	36.831364	0.000000
-2.433500	0.235500	37.494708	0.000000
-2.433500	0.392500	37.053735	0.000000
-2.433500	0.549500	35.838286	0.000000
-2.433500	0.706500	34.101277	0.000000
-2.433500	0.863500	31.377761	0.000000
-2.433500	1.020500	29.307739	0.000000
-2.433500	1.177500	28.367304	0.000000
-2.433500	1.334500	27.988057	0.000000
-2.433500	1.491500	27.665121	0.000000
-2.433500	1.648500	27.294686	0.000000
-2.433500	1.805500	27.227599	0.000000
-2.433500	1.962500	27.275665	0.000000
-2.433500	2.119500	27.863449	0.000000
-2.433500	2.276500	28.854096	0.000000
-2.433500	2.433500	30.547846	0.000000
-2.433500	2.590500	32.538689	0.000000
-2.433500	2.747500	34.461334	0.000000
-2.433500	2.904500	36.428377	0.000000
-2.433500	3.061500	38.178921	0.000000

-2.276500	-3.061500	40.599158	0.000000
-2.276500	-2.904500	39.817022	0.000000
-2.276500	-2.747500	38.316011	0.000000
-2.276500	-2.590500	36.976904	0.000000
-2.276500	-2.433500	35.897647	0.000000
-2.276500	-2.276500	35.146946	0.000000
-2.276500	-2.119500	35.450781	0.000000
-2.276500	-1.962500	36.007688	0.000000
-2.276500	-1.805500	36.324824	0.000000
-2.276500	-1.648500	36.285420	0.000000
-2.276500	-1.491500	35.849932	0.000000
-2.276500	-1.334500	35.519209	0.000000
-2.276500	-1.177500	34.687000	0.000000
-2.276500	-1.020500	33.448514	0.000000
-2.276500	-0.863500	31.902235	0.000000
-2.276500	-0.706500	31.996783	0.000000
-2.276500	-0.549500	33.244853	0.000000
-2.276500	-0.392500	34.223664	0.000000
-2.276500	-0.235500	34.816409	0.000000
-2.276500	-0.078500	35.975219	0.000000
-2.276500	0.078500	37.469922	0.000000
-2.276500	0.235500	37.798357	0.000000
-2.276500	0.392500	37.170579	0.000000
-2.276500	0.549500	36.044894	0.000000
-2.276500	0.706500	34.120795	0.000000
-2.276500	0.863500	30.823450	0.000000
-2.276500	1.020500	28.788799	0.000000
-2.276500	1.177500	28.112829	0.000000
-2.276500	1.334500	27.777239	0.000000
-2.276500	1.491500	27.651572	0.000000
-2.276500	1.648500	27.404893	0.000000
-2.276500	1.805500	27.228712	0.000000
-2.276500	1.962500	27.321319	0.000000
-2.276500	2.119500	27.872411	0.000000
-2.276500	2.276500	28.889942	0.000000
-2.276500	2.433500	30.593081	0.000000
-2.276500	2.590500	32.521358	0.000000
-2.276500	2.747500	34.391614	0.000000
-2.276500	2.904500	36.119275	0.000000
-2.276500	3.061500	38.079553	0.000000

-2.119500	-3.061500	39.944848	0.000000
-2.119500	-2.904500	42.439757	0.000000
-2.119500	-2.747500	42.780217	0.000000
-2.119500	-2.590500	41.555928	0.000000
-2.119500	-2.433500	39.906585	0.000000
-2.119500	-2.276500	38.359666	0.000000
-2.119500	-2.119500	38.141536	0.000000
-2.119500	-1.962500	38.485260	0.000000
-2.119500	-1.805500	38.729090	0.000000
-2.119500	-1.648500	38.171275	0.000000
-2.119500	-1.491500	37.334811	0.000000
-2.119500	-1.334500	36.698610	0.000000
-2.119500	-1.177500	35.684260	0.000000
-2.119500	-1.020500	34.270548	0.000000
-2.119500	-0.863500	32.579083	0.000000
-2.119500	-0.706500	32.538288	0.000000
-2.119500	-0.549500	33.645698	0.000000
-2.119500	-0.392500	34.364208	0.000000
-2.119500	-0.235500	34.782028	0.000000
-2.119500	-0.078500	35.896072	0.000000
-2.119500	0.078500	37.519205	0.000000
-2.119500	0.235500	37.761267	0.000000
-2.119500	0.392500	37.172414	0.000000
-2.119500	0.549500	35.975017	0.000000
-2.119500	0.706500	34.122117	0.000000
-2.119500	0.863500	30.759929	0.000000
-2.119500	1.020500	28.774480	0.000000
-2.119500	1.177500	28.257642	0.000000
-2.119500	1.334500	27.980165	0.000000
-2.119500	1.491500	27.932100	0.000000
-2.119500	1.648500	27.757286	0.000000
-2.119500	1.805500	27.635450	0.000000
-2.119500	1.962500	27.786608	0.000000
-2.119500	2.119500	28.187270	0.000000
-2.119500	2.276500	29.261809	0.000000
-2.119500	2.433500	31.124344	0.000000
-2.119500	2.590500	33.161216	0.000000
-2.119500	2.747500	35.063841	0.000000
-2.119500	2.904500	36.640693	0.000000
-2.119500	3.061500	37.646262	0.000000

-1.962500	-3.061500	40.243691	0.000000
-1.962500	-2.904500	43.404924	0.000000
-1.962500	-2.747500	45.517246	0.000000
-1.962500	-2.590500	45.828342	0.000000
-1.962500	-2.433500	44.111217	0.000000
-1.962500	-2.276500	41.331540	0.000000
-1.962500	-2.119500	40.574111	0.000000
-1.962500	-1.962500	41.058992	0.000000
-1.962500	-1.805500	41.225091	0.000000
-1.962500	-1.648500	40.588041	0.000000
-1.962500	-1.491500	39.406733	0.000000
-1.962500	-1.334500	37.993694	0.000000
-1.962500	-1.177500	36.984429	0.000000
-1.962500	-1.020500	35.666995	0.000000
-1.962500	-0.863500	34.520859	0.000000
-1.962500	-0.706500	34.681280	0.000000
-1.962500	-0.549500	35.828126	0.000000
-1.962500	-0.392500	36.373938	0.000000
-1.962500	-0.235500	36.251572	0.000000
-1.962500	-0.078500	36.185303	0.000000
-1.962500	0.078500	37.225451	0.000000
-1.962500	0.235500	37.882924	0.000000
-1.962500	0.392500	37.470443	0.000000
-1.962500	0.549500	36.348241	0.000000
-1.962500	0.706500	34.362466	0.000000
-1.962500	0.863500	31.178395	0.000000
-1.962500	1.020500	29.268926	0.000000
-1.962500	1.177500	28.540951	0.000000
-1.962500	1.334500	28.202856	0.000000
-1.962500	1.491500	28.057183	0.000000
-1.962500	1.648500	27.907680	0.000000
-1.962500	1.805500	27.960423	0.000000
-1.962500	1.962500	28.043240	0.000000
-1.962500	2.119500	28.450619	0.000000
-1.962500	2.276500	29.638777	0.000000
-1.962500	2.433500	31.687088	0.000000
-1.962500	2.590500	34.122550	0.000000
-1.962500	2.747500	36.061557	0.000000
-1.962500	2.904500	36.801280	0.000000
-1.962500	3.061500	37.652509	0.000000

-1.805500	-3.061500	41.374165	0.000000
-1.805500	-2.904500	44.182653	0.000000
-1.805500	-2.747500	46.598754	0.000000
-1.805500	-2.590500	47.253218	0.000000
-1.805500	-2.433500	46.011450	0.000000
-1.805500	-2.276500	42.949052	0.000000
-1.805500	-2.119500	42.217197	0.000000
-1.805500	-1.962500	42.579654	0.000000
-1.805500	-1.805500	42.787535	0.000000
-1.805500	-1.648500	42.450078	0.000000
-1.805500	-1.491500	41.075215	0.000000
-1.805500	-1.334500	39.318260	0.000000
-1.805500	-1.177500	38.387813	0.000000
-1.805500	-1.020500	37.695771	0.000000
-1.805500	-0.863500	37.902237	0.000000
-1.805500	-0.706500	39.353604	0.000000
-1.805500	-0.549500	40.643021	0.000000
-1.805500	-0.392500	40.290342	0.000000
-1.805500	-0.235500	38.391054	0.000000
-1.805500	-0.078500	36.166643	0.000000
-1.805500	0.078500	36.014921	0.000000
-1.805500	0.235500	36.979156	0.000000
-1.805500	0.392500	37.025335	0.000000
-1.805500	0.549500	35.762120	0.000000
-1.805500	0.706500	34.089093	0.000000
-1.805500	0.863500	31.626692	0.000000
-1.805500	1.020500	29.643455	0.000000
-1.805500	1.177500	28.792311	0.000000
-1.805500	1.334500	28.144962	0.000000
-1.805500	1.491500	27.765856	0.000000
-1.805500	1.648500	27.482038	0.000000
-1.805500	1.805500	27.527273	0.000000
-1.805500	1.962500	27.803233	0.000000
-1.805500	2.119500	28.535902	0.000000
-1.805500	2.276500	29.990123	0.000000
-1.805500	2.433500	32.475392	0.000000
-1.805500	2.590500	34.819540	0.000000
-1.805500	2.747500	36.596813	0.000000
-1.805500	2.904500	37.023193	0.000000
-1.805500	3.061500	38.415127	0.000000

-1.648500	-3.061500	41.631875	0.000000
-1.648500	-2.904500	44.378783	0.000000
-1.648500	-2.747500	46.892658	0.000000
-1.648500	-2.590500	47.446282	0.000000
-1.648500	-2.433500	46.076716	0.000000
-1.648500	-2.276500	43.161780	0.000000
-1.648500	-2.119500	42.736014	0.000000
-1.648500	-1.962500	43.006343	0.000000
-1.648500	-1.805500	43.096946	0.000000
-1.648500	-1.648500	42.948485	0.000000
-1.648500	-1.491500	41.413060	0.000000
-1.648500	-1.334500	39.769569	0.000000
-1.648500	-1.177500	38.821472	0.000000
-1.648500	-1.020500	38.558571	0.000000
-1.648500	-0.863500	39.393971	0.000000
-1.648500	-0.706500	42.426942	0.000000
-1.648500	-0.549500	43.788020	0.000000
-1.648500	-0.392500	41.937126	0.000000
-1.648500	-0.235500	38.783991	0.000000
-1.648500	-0.078500	35.937970	0.000000
-1.648500	0.078500	35.222338	0.000000
-1.648500	0.235500	36.306938	0.000000
-1.648500	0.392500	36.452335	0.000000
-1.648500	0.549500	35.433808	0.000000
-1.648500	0.706500	33.860258	0.000000
-1.648500	0.863500	32.011087	0.000000
-1.648500	1.020500	29.949945	0.000000
-1.648500	1.177500	28.909701	0.000000
-1.648500	1.334500	28.218741	0.000000
-1.648500	1.491500	27.761354	0.000000
-1.648500	1.648500	27.471807	0.000000
-1.648500	1.805500	27.555144	0.000000
-1.648500	1.962500	27.975486	0.000000
-1.648500	2.119500	28.621128	0.000000
-1.648500	2.276500	30.376922	0.000000
-1.648500	2.433500	32.869484	0.000000
-1.648500	2.590500	35.325107	0.000000
-1.648500	2.747500	37.043965	0.000000
-1.648500	2.904500	37.368788	0.000000
-1.648500	3.061500	38.954651	0.000000

-1.491500	-3.061500	41.420609	0.000000
-1.491500	-2.904500	44.178210	0.000000
-1.491500	-2.747500	46.368709	0.000000
-1.491500	-2.590500	47.065308	0.000000
-1.491500	-2.433500	45.263338	0.000000
-1.491500	-2.276500	42.437024	0.000000
-1.491500	-2.119500	42.022921	0.000000
-1.491500	-1.962500	42.301777	0.000000
-1.491500	-1.805500	42.435514	0.000000
-1.491500	-1.648500	42.225786	0.000000
-1.491500	-1.491500	40.803101	0.000000
-1.491500	-1.334500	39.251378	0.000000
-1.491500	-1.177500	38.310460	0.000000
-1.491500	-1.020500	37.949548	0.000000
-1.491500	-0.863500	39.041340	0.000000
-1.491500	-0.706500	42.164521	0.000000
-1.491500	-0.549500	43.585579	0.000000
-1.491500	-0.392500	41.646682	0.000000
-1.491500	-0.235500	38.388783	0.000000
-1.491500	-0.078500	35.508689	0.000000
-1.491500	0.078500	34.577958	0.000000
-1.491500	0.235500	35.758497	0.000000
-1.491500	0.392500	36.001735	0.000000
-1.491500	0.549500	35.073822	0.000000
-1.491500	0.706500	33.604266	0.000000
-1.491500	0.863500	31.726035	0.000000
-1.491500	1.020500	29.936856	0.000000
-1.491500	1.177500	28.848538	0.000000
-1.491500	1.334500	28.251123	0.000000
-1.491500	1.491500	27.625145	0.000000
-1.491500	1.648500	27.344367	0.000000
-1.491500	1.805500	27.417834	0.000000
-1.491500	1.962500	27.795223	0.000000
-1.491500	2.119500	28.447939	0.000000
-1.491500	2.276500	30.347380	0.000000
-1.491500	2.433500	32.949715	0.000000
-1.491500	2.590500	35.385223	0.000000
-1.491500	2.747500	37.005556	0.000000
-1.491500	2.904500	37.449701	0.000000
-1.491500	3.061500	38.853644	0.000000

-1.334500	-3.061500	40.828848	0.000000
-1.334500	-2.904500	43.396793	0.000000
-1.334500	-2.747500	45.610963	0.000000
-1.334500	-2.590500	45.969284	0.000000
-1.334500	-2.433500	43.969376	0.000000
-1.334500	-2.276500	41.036605	0.000000
-1.334500	-2.119500	40.544618	0.000000
-1.334500	-1.962500	40.922853	0.000000
-1.334500	-1.805500	41.156384	0.000000
-1.334500	-1.648500	40.922900	0.000000
-1.334500	-1.491500	39.564942	0.000000
-1.334500	-1.334500	38.090712	0.000000
-1.334500	-1.177500	37.082369	0.000000
-1.334500	-1.020500	36.714965	0.000000
-1.334500	-0.863500	37.781632	0.000000
-1.334500	-0.706500	40.543756	0.000000
-1.334500	-0.549500	42.074339	0.000000
-1.334500	-0.392500	40.809345	0.000000
-1.334500	-0.235500	37.747223	0.000000
-1.334500	-0.078500	34.904683	0.000000
-1.334500	0.078500	33.877837	0.000000
-1.334500	0.235500	34.932921	0.000000
-1.334500	0.392500	35.324470	0.000000
-1.334500	0.549500	34.490516	0.000000
-1.334500	0.706500	33.032700	0.000000
-1.334500	0.863500	30.897084	0.000000
-1.334500	1.020500	29.176816	0.000000
-1.334500	1.177500	28.270523	0.000000
-1.334500	1.334500	27.818670	0.000000
-1.334500	1.491500	27.124764	0.000000
-1.334500	1.648500	26.669647	0.000000
-1.334500	1.805500	26.818230	0.000000
-1.334500	1.962500	27.194110	0.000000
-1.334500	2.119500	28.039263	0.000000
-1.334500	2.276500	30.089789	0.000000
-1.334500	2.433500	32.602443	0.000000
-1.334500	2.590500	35.146012	0.000000
-1.334500	2.747500	36.656868	0.000000
-1.334500	2.904500	36.935031	0.000000
-1.334500	3.061500	38.325766	0.000000

-1.177500	-3.061500	40.079028	0.000000
-1.177500	-2.904500	42.661516	0.000000
-1.177500	-2.747500	44.778090	0.000000
-1.177500	-2.590500	45.131865	0.000000
-1.177500	-2.433500	42.641741	0.000000
-1.177500	-2.276500	39.500299	0.000000
-1.177500	-2.119500	38.982592	0.000000
-1.177500	-1.962500	39.336341	0.000000
-1.177500	-1.805500	39.481272	0.000000
-1.177500	-1.648500	39.319209	0.000000
-1.177500	-1.491500	38.426510	0.000000
-1.177500	-1.334500	36.952211	0.000000
-1.177500	-1.177500	35.991402	0.000000
-1.177500	-1.020500	35.617920	0.000000
-1.177500	-0.863500	36.427034	0.000000
-1.177500	-0.706500	38.594378	0.000000
-1.177500	-0.549500	40.352816	0.000000
-1.177500	-0.392500	39.574589	0.000000
-1.177500	-0.235500	36.750224	0.000000
-1.177500	-0.078500	33.825256	0.000000
-1.177500	0.078500	32.758891	0.000000
-1.177500	0.235500	33.714407	0.000000
-1.177500	0.392500	34.207145	0.000000
-1.177500	0.549500	33.491426	0.000000
-1.177500	0.706500	31.947068	0.000000
-1.177500	0.863500	29.788382	0.000000
-1.177500	1.020500	27.965304	0.000000
-1.177500	1.177500	27.229794	0.000000
-1.177500	1.334500	26.759661	0.000000
-1.177500	1.491500	26.232981	0.000000
-1.177500	1.648500	25.622211	0.000000
-1.177500	1.805500	25.789510	0.000000
-1.177500	1.962500	26.217186	0.000000
-1.177500	2.119500	27.302891	0.000000
-1.177500	2.276500	29.539928	0.000000
-1.177500	2.433500	32.145020	0.000000
-1.177500	2.590500	34.572243	0.000000
-1.177500	2.747500	36.154770	0.000000
-1.177500	2.904500	36.335724	0.000000
-1.177500	3.061500	37.720738	0.000000

-1.020500	-3.061500	39.899271	0.000000
-1.020500	-2.904500	42.565977	0.000000
-1.020500	-2.747500	44.299344	0.000000
-1.020500	-2.590500	44.082927	0.000000
-1.020500	-2.433500	41.421383	0.000000
-1.020500	-2.276500	37.754638	0.000000
-1.020500	-2.119500	37.213305	0.000000
-1.020500	-1.962500	37.542805	0.000000
-1.020500	-1.805500	37.782637	0.000000
-1.020500	-1.648500	37.681397	0.000000
-1.020500	-1.491500	37.279218	0.000000
-1.020500	-1.334500	36.233447	0.000000
-1.020500	-1.177500	35.386068	0.000000
-1.020500	-1.020500	34.989295	0.000000
-1.020500	-0.863500	35.156016	0.000000
-1.020500	-0.706500	36.278825	0.000000
-1.020500	-0.549500	37.907305	0.000000
-1.020500	-0.392500	38.152739	0.000000
-1.020500	-0.235500	35.785910	0.000000
-1.020500	-0.078500	32.719486	0.000000
-1.020500	0.078500	31.772325	0.000000
-1.020500	0.235500	32.813084	0.000000
-1.020500	0.392500	33.223406	0.000000
-1.020500	0.549500	32.643806	0.000000
-1.020500	0.706500	31.054903	0.000000
-1.020500	0.863500	28.441381	0.000000
-1.020500	1.020500	26.754571	0.000000
-1.020500	1.177500	25.913586	0.000000
-1.020500	1.334500	25.352583	0.000001
-1.020500	1.491500	24.788630	0.000001
-1.020500	1.648500	24.374121	0.000001
-1.020500	1.805500	24.643553	0.000001
-1.020500	1.962500	25.397556	0.000001
-1.020500	2.119500	26.998487	0.000000
-1.020500	2.276500	29.898534	0.000000
-1.020500	2.433500	32.580268	0.000000
-1.020500	2.590500	35.031557	0.000000
-1.020500	2.747500	36.519502	0.000000
-1.020500	2.904500	36.706888	0.000000
-1.020500	3.061500	37.490509	0.000000

-0.863500	-3.061500	39.686399	0.000000
-0.863500	-2.904500	41.445622	0.000000
-0.863500	-2.747500	41.108241	0.000000
-0.863500	-2.590500	40.399373	0.000000
-0.863500	-2.433500	38.222758	0.000000
-0.863500	-2.276500	35.208728	0.000000
-0.863500	-2.119500	34.728224	0.000000
-0.863500	-1.962500	35.203451	0.000000
-0.863500	-1.805500	35.349124	0.000000
-0.863500	-1.648500	35.356570	0.000000
-0.863500	-1.491500	35.770698	0.000000
-0.863500	-1.334500	35.470035	0.000000
-0.863500	-1.177500	34.716451	0.000000
-0.863500	-1.020500	33.787166	0.000000
-0.863500	-0.863500	32.617241	0.000000
-0.863500	-0.706500	32.430213	0.000000
-0.863500	-0.549500	34.031332	0.000000
-0.863500	-0.392500	35.503233	0.000000
-0.863500	-0.235500	34.302326	0.000000
-0.863500	-0.078500	32.213323	0.000000
-0.863500	0.078500	32.519231	0.000000
-0.863500	0.235500	33.595803	0.000000
-0.863500	0.392500	33.993964	0.000000
-0.863500	0.549500	33.386280	0.000000
-0.863500	0.706500	31.534594	0.000000
-0.863500	0.863500	28.023263	0.000000
-0.863500	1.020500	26.211732	0.000000
-0.863500	1.177500	25.311823	0.000001
-0.863500	1.334500	24.686032	0.000001
-0.863500	1.491500	24.158518	0.000001
-0.863500	1.648500	23.971470	0.000001
-0.863500	1.805500	24.378325	0.000001
-0.863500	1.962500	25.254088	0.000001
-0.863500	2.119500	27.278697	0.000000
-0.863500	2.276500	31.470761	0.000000
-0.863500	2.433500	34.554182	0.000000
-0.863500	2.590500	36.227530	0.000000
-0.863500	2.747500	37.706865	0.000000
-0.863500	2.904500	38.024054	0.000000
-0.863500	3.061500	38.060825	0.000000

-0.706500	-3.061500	36.123200	0.000000
-0.706500	-2.904500	35.572753	0.000000
-0.706500	-2.747500	34.677529	0.000000
-0.706500	-2.590500	33.714713	0.000000
-0.706500	-2.433500	32.622962	0.000000
-0.706500	-2.276500	30.897969	0.000000
-0.706500	-2.119500	31.130422	0.000000
-0.706500	-1.962500	31.713134	0.000000
-0.706500	-1.805500	31.921335	0.000000
-0.706500	-1.648500	31.611289	0.000000
-0.706500	-1.491500	31.265868	0.000000
-0.706500	-1.334500	30.733392	0.000000
-0.706500	-1.177500	29.935133	0.000000
-0.706500	-1.020500	29.025900	0.000000
-0.706500	-0.863500	28.178304	0.000000
-0.706500	-0.706500	28.389021	0.000000
-0.706500	-0.549500	29.694141	0.000000
-0.706500	-0.392500	31.147080	0.000000
-0.706500	-0.235500	32.007950	0.000000
-0.706500	-0.078500	31.875727	0.000000
-0.706500	0.078500	32.575102	0.000000
-0.706500	0.235500	33.739383	0.000000
-0.706500	0.392500	34.085671	0.000000
-0.706500	0.549500	33.555740	0.000000
-0.706500	0.706500	31.611004	0.000000
-0.706500	0.863500	28.186858	0.000000
-0.706500	1.020500	26.430550	0.000000
-0.706500	1.177500	25.421711	0.000001
-0.706500	1.334500	24.884861	0.000001
-0.706500	1.491500	24.309696	0.000001
-0.706500	1.648500	24.173657	0.000001
-0.706500	1.805500	24.604549	0.000001
-0.706500	1.962500	25.505048	0.000000
-0.706500	2.119500	27.552206	0.000000
-0.706500	2.276500	31.081519	0.000000
-0.706500	2.433500	33.333422	0.000000
-0.706500	2.590500	34.678863	0.000000
-0.706500	2.747500	35.896805	0.000000
-0.706500	2.904500	36.217266	0.000000
-0.706500	3.061500	36.019528	0.000000

-0.549500	-3.061500	32.553770	0.000000
-0.549500	-2.904500	31.817809	0.000000
-0.549500	-2.747500	30.684948	0.000000
-0.549500	-2.590500	29.673432	0.000000
-0.549500	-2.433500	28.669502	0.000000
-0.549500	-2.276500	27.717869	0.000000
-0.549500	-2.119500	27.828516	0.000000
-0.549500	-1.962500	28.388669	0.000000
-0.549500	-1.805500	28.648528	0.000000
-0.549500	-1.648500	28.257442	0.000000
-0.549500	-1.491500	27.569310	0.000000
-0.549500	-1.334500	26.936353	0.000000
-0.549500	-1.177500	26.079356	0.000000
-0.549500	-1.020500	25.272305	0.000001
-0.549500	-0.863500	24.833995	0.000001
-0.549500	-0.706500	25.443149	0.000000
-0.549500	-0.549500	26.529040	0.000000
-0.549500	-0.392500	27.963704	0.000000
-0.549500	-0.235500	28.986778	0.000000
-0.549500	-0.078500	29.486282	0.000000
-0.549500	0.078500	30.412046	0.000000
-0.549500	0.235500	31.329241	0.000000
-0.549500	0.392500	31.694838	0.000000
-0.549500	0.549500	31.266048	0.000000
-0.549500	0.706500	29.998050	0.000000
-0.549500	0.863500	27.815453	0.000000
-0.549500	1.020500	26.300911	0.000000
-0.549500	1.177500	25.388189	0.000001
-0.549500	1.334500	24.850153	0.000001
-0.549500	1.491500	24.457543	0.000001
-0.549500	1.648500	24.422658	0.000001
-0.549500	1.805500	24.798613	0.000001
-0.549500	1.962500	25.674909	0.000000
-0.549500	2.119500	27.391280	0.000000
-0.549500	2.276500	29.280028	0.000000
-0.549500	2.433500	30.600818	0.000000
-0.549500	2.590500	31.903354	0.000000
-0.549500	2.747500	33.189289	0.000000
-0.549500	2.904500	33.647218	0.000000
-0.549500	3.061500	33.142434	0.000000

-0.392500	-3.061500	29.773537	0.000000
-0.392500	-2.904500	28.743549	0.000000
-0.392500	-2.747500	27.536285	0.000000
-0.392500	-2.590500	26.450646	0.000000
-0.392500	-2.433500	25.549969	0.000000
-0.392500	-2.276500	24.804136	0.000001
-0.392500	-2.119500	24.995374	0.000001
-0.392500	-1.962500	25.548965	0.000000
-0.392500	-1.805500	25.723265	0.000000
-0.392500	-1.648500	25.435552	0.000000
-0.392500	-1.491500	24.776123	0.000001
-0.392500	-1.334500	24.170662	0.000001
-0.392500	-1.177500	23.365034	0.000001
-0.392500	-1.020500	22.532303	0.000002
-0.392500	-0.863500	22.137580	0.000002
-0.392500	-0.706500	22.681329	0.000002
-0.392500	-0.549500	23.904715	0.000001
-0.392500	-0.392500	25.173517	0.000001
-0.392500	-0.235500	26.049243	0.000000
-0.392500	-0.078500	26.472221	0.000000
-0.392500	0.078500	27.409572	0.000000
-0.392500	0.235500	28.350532	0.000000
-0.392500	0.392500	28.641171	0.000000
-0.392500	0.549500	28.110247	0.000000
-0.392500	0.706500	27.414608	0.000000
-0.392500	0.863500	26.649392	0.000000
-0.392500	1.020500	25.574732	0.000000
-0.392500	1.177500	24.822435	0.000001
-0.392500	1.334500	24.235557	0.000001
-0.392500	1.491500	24.170657	0.000001
-0.392500	1.648500	24.317918	0.000001
-0.392500	1.805500	24.730648	0.000001
-0.392500	1.962500	25.512300	0.000000
-0.392500	2.119500	26.094154	0.000000
-0.392500	2.276500	26.594163	0.000000
-0.392500	2.433500	27.821566	0.000000
-0.392500	2.590500	29.250594	0.000000
-0.392500	2.747500	30.374584	0.000000
-0.392500	2.904500	30.820066	0.000000
-0.392500	3.061500	30.588707	0.000000

-0.235500	-3.061500	27.067330	0.000000
-0.235500	-2.904500	26.081736	0.000000
-0.235500	-2.747500	24.911189	0.000001
-0.235500	-2.590500	23.779516	0.000001
-0.235500	-2.433500	22.749389	0.000001
-0.235500	-2.276500	22.143421	0.000002
-0.235500	-2.119500	22.401861	0.000002
-0.235500	-1.962500	22.891212	0.000001
-0.235500	-1.805500	23.136119	0.000001
-0.235500	-1.648500	22.763707	0.000001
-0.235500	-1.491500	22.346086	0.000002
-0.235500	-1.334500	21.652310	0.000002
-0.235500	-1.177500	20.827397	0.000003
-0.235500	-1.020500	20.057534	0.000004
-0.235500	-0.863500	19.593817	0.000005
-0.235500	-0.706500	20.074625	0.000004
-0.235500	-0.549500	21.163081	0.000003
-0.235500	-0.392500	22.297692	0.000002
-0.235500	-0.235500	23.109460	0.000001
-0.235500	-0.078500	23.470759	0.000001
-0.235500	0.078500	24.422031	0.000001
-0.235500	0.235500	25.508297	0.000000
-0.235500	0.392500	25.793752	0.000000
-0.235500	0.549500	25.178733	0.000001
-0.235500	0.706500	24.620381	0.000001
-0.235500	0.863500	24.343896	0.000001
-0.235500	1.020500	23.964729	0.000001
-0.235500	1.177500	23.209620	0.000001
-0.235500	1.334500	22.699571	0.000001
-0.235500	1.491500	22.690029	0.000001
-0.235500	1.648500	22.718546	0.000001
-0.235500	1.805500	23.082944	0.000001
-0.235500	1.962500	23.575679	0.000001
-0.235500	2.119500	23.903815	0.000001
-0.235500	2.276500	24.086855	0.000001
-0.235500	2.433500	25.274425	0.000001
-0.235500	2.590500	26.646900	0.000000
-0.235500	2.747500	27.944679	0.000000
-0.235500	2.904500	28.436987	0.000000
-0.235500	3.061500	27.938442	0.000000

-0.078500	-3.061500	24.664412	0.000001
-0.078500	-2.904500	23.670381	0.000001
-0.078500	-2.747500	22.506386	0.000002
-0.078500	-2.590500	21.308398	0.000003
-0.078500	-2.433500	20.115164	0.000004
-0.078500	-2.276500	19.624761	0.000005
-0.078500	-2.119500	19.873143	0.000005
-0.078500	-1.962500	20.316894	0.000004
-0.078500	-1.805500	20.572022	0.000004
-0.078500	-1.648500	20.264292	0.000004
-0.078500	-1.491500	19.745781	0.000005
-0.078500	-1.334500	19.239081	0.000006
-0.078500	-1.177500	18.511768	0.000008
-0.078500	-1.020500	17.712098	0.000011
-0.078500	-0.863500	17.160253	0.000014
-0.078500	-0.706500	17.495981	0.000012
-0.078500	-0.549500	18.385719	0.000008
-0.078500	-0.392500	19.306277	0.000006
-0.078500	-0.235500	19.973661	0.000004
-0.078500	-0.078500	20.677015	0.000003
-0.078500	0.078500	21.883107	0.000002
-0.078500	0.235500	23.133509	0.000001
-0.078500	0.392500	23.500725	0.000001
-0.078500	0.549500	23.103414	0.000001
-0.078500	0.706500	22.474153	0.000002
-0.078500	0.863500	21.891431	0.000002
-0.078500	1.020500	21.227234	0.000003
-0.078500	1.177500	20.631567	0.000003
-0.078500	1.334500	20.158815	0.000004
-0.078500	1.491500	19.704770	0.000005
-0.078500	1.648500	19.704618	0.000005
-0.078500	1.805500	19.878279	0.000005
-0.078500	1.962500	20.315354	0.000004
-0.078500	2.119500	21.164961	0.000003
-0.078500	2.276500	22.272796	0.000002
-0.078500	2.433500	23.491666	0.000001
-0.078500	2.590500	24.904983	0.000001
-0.078500	2.747500	26.316557	0.000000
-0.078500	2.904500	26.724739	0.000000
-0.078500	3.061500	26.241504	0.000000

0.078500	-3.061500	23.074200	0.000001
0.078500	-2.904500	21.699516	0.000002
0.078500	-2.747500	20.633958	0.000003
0.078500	-2.590500	19.409342	0.000006
0.078500	-2.433500	18.076568	0.000010
0.078500	-2.276500	17.358650	0.000013
0.078500	-2.119500	17.399992	0.000012
0.078500	-1.962500	17.854128	0.000010
0.078500	-1.805500	18.121793	0.000009
0.078500	-1.648500	17.749945	0.000011
0.078500	-1.491500	17.128800	0.000014
0.078500	-1.334500	16.818427	0.000016
0.078500	-1.177500	16.303771	0.000019
0.078500	-1.020500	15.505979	0.000027
0.078500	-0.863500	15.054862	0.000032
0.078500	-0.706500	15.437003	0.000027
0.078500	-0.549500	16.251893	0.000020
0.078500	-0.392500	16.923112	0.000015
0.078500	-0.235500	17.640037	0.000011
0.078500	-0.078500	19.008279	0.000007
0.078500	0.078500	20.562150	0.000004
0.078500	0.235500	21.844800	0.000002
0.078500	0.392500	22.583895	0.000002
0.078500	0.549500	22.276881	0.000002
0.078500	0.706500	21.603612	0.000002
0.078500	0.863500	20.445765	0.000004
0.078500	1.020500	19.719105	0.000005
0.078500	1.177500	18.990573	0.000007
0.078500	1.334500	18.544408	0.000008
0.078500	1.491500	18.186796	0.000009
0.078500	1.648500	18.087392	0.000009
0.078500	1.805500	18.178574	0.000009
0.078500	1.962500	18.665313	0.000008
0.078500	2.119500	19.611642	0.000005
0.078500	2.276500	21.146648	0.000003
0.078500	2.433500	22.646067	0.000002
0.078500	2.590500	24.100855	0.000001
0.078500	2.747500	25.545944	0.000000
0.078500	2.904500	26.114267	0.000000
0.078500	3.061500	25.249655	0.000001

0.235500	-3.061500	21.663713	0.000002
0.235500	-2.904500	20.280004	0.000004
0.235500	-2.747500	19.148011	0.000006
0.235500	-2.590500	17.856586	0.000010
0.235500	-2.433500	16.372533	0.000019
0.235500	-2.276500	15.409397	0.000028
0.235500	-2.119500	15.311928	0.000029
0.235500	-1.962500	15.759152	0.000024
0.235500	-1.805500	16.020432	0.000022
0.235500	-1.648500	15.673000	0.000025
0.235500	-1.491500	15.113938	0.000031
0.235500	-1.334500	14.851765	0.000035
0.235500	-1.177500	14.322456	0.000043
0.235500	-1.020500	13.549415	0.000059
0.235500	-0.863500	13.183887	0.000068
0.235500	-0.706500	13.870352	0.000051
0.235500	-0.549500	14.803079	0.000035
0.235500	-0.392500	15.352806	0.000028
0.235500	-0.235500	15.936436	0.000022
0.235500	-0.078500	17.042767	0.000014
0.235500	0.078500	18.516250	0.000008
0.235500	0.235500	19.826415	0.000005
0.235500	0.392500	20.705099	0.000003
0.235500	0.549500	20.650825	0.000003
0.235500	0.706500	20.056672	0.000004
0.235500	0.863500	19.245227	0.000006
0.235500	1.020500	18.554359	0.000008
0.235500	1.177500	17.942685	0.000010
0.235500	1.334500	17.486710	0.000012
0.235500	1.491500	17.252340	0.000013
0.235500	1.648500	17.163333	0.000014
0.235500	1.805500	17.270014	0.000013
0.235500	1.962500	17.640751	0.000011
0.235500	2.119500	18.539720	0.000008
0.235500	2.276500	19.552859	0.000005
0.235500	2.433500	20.710925	0.000003
0.235500	2.590500	22.164241	0.000002
0.235500	2.747500	23.752824	0.000001
0.235500	2.904500	24.438120	0.000001
0.235500	3.061500	23.669751	0.000001

0.392500	-3.061500	19.481221	0.000005
0.392500	-2.904500	18.226886	0.000009
0.392500	-2.747500	17.141485	0.000014
0.392500	-2.590500	15.821924	0.000024
0.392500	-2.433500	14.428152	0.000041
0.392500	-2.276500	13.322138	0.000064
0.392500	-2.119500	13.146187	0.000069
0.392500	-1.962500	13.654672	0.000056
0.392500	-1.805500	13.906153	0.000051
0.392500	-1.648500	13.666067	0.000056
0.392500	-1.491500	13.332550	0.000064
0.392500	-1.334500	13.112888	0.000070
0.392500	-1.177500	12.426306	0.000092
0.392500	-1.020500	11.583533	0.000129
0.392500	-0.863500	11.308111	0.000144
0.392500	-0.706500	11.945887	0.000111
0.392500	-0.549500	12.841143	0.000078
0.392500	-0.392500	13.642981	0.000056
0.392500	-0.235500	13.961533	0.000050
0.392500	-0.078500	14.522235	0.000040
0.392500	0.078500	15.775674	0.000024
0.392500	0.235500	17.173231	0.000014
0.392500	0.392500	18.160014	0.000009
0.392500	0.549500	18.191969	0.000009
0.392500	0.706500	17.974407	0.000010
0.392500	0.863500	17.692830	0.000011
0.392500	1.020500	17.080147	0.000014
0.392500	1.177500	16.462199	0.000018
0.392500	1.334500	16.053796	0.000021
0.392500	1.491500	15.921217	0.000023
0.392500	1.648500	16.188785	0.000020
0.392500	1.805500	16.346139	0.000019
0.392500	1.962500	16.754722	0.000016
0.392500	2.119500	17.251095	0.000013
0.392500	2.276500	17.351185	0.000013
0.392500	2.433500	18.101970	0.000009
0.392500	2.590500	19.551466	0.000005
0.392500	2.747500	21.064948	0.000003
0.392500	2.904500	21.960008	0.000002
0.392500	3.061500	21.321717	0.000003

0.549500	-3.061500	16.764453	0.000016
0.549500	-2.904500	15.602416	0.000026
0.549500	-2.747500	14.569751	0.000039
0.549500	-2.590500	13.447634	0.000061
0.549500	-2.433500	12.096759	0.000105
0.549500	-2.276500	10.892810	0.000170
0.549500	-2.119500	10.693558	0.000184
0.549500	-1.962500	11.139289	0.000154
0.549500	-1.805500	11.424795	0.000137
0.549500	-1.648500	11.324475	0.000143
0.549500	-1.491500	11.172028	0.000152
0.549500	-1.334500	11.011561	0.000162
0.549500	-1.177500	10.366495	0.000210
0.549500	-1.020500	9.595467	0.000286
0.549500	-0.863500	9.303199	0.000321
0.549500	-0.706500	9.873371	0.000255
0.549500	-0.549500	10.767098	0.000179
0.549500	-0.392500	11.477247	0.000134
0.549500	-0.235500	11.586233	0.000129
0.549500	-0.078500	11.945904	0.000111
0.549500	0.078500	13.208313	0.000067
0.549500	0.235500	14.667055	0.000037
0.549500	0.392500	15.713789	0.000025
0.549500	0.549500	15.685825	0.000025
0.549500	0.706500	15.509875	0.000027
0.549500	0.863500	15.562912	0.000026
0.549500	1.020500	15.096769	0.000031
0.549500	1.177500	14.466430	0.000041
0.549500	1.334500	14.116758	0.000047
0.549500	1.491500	14.080663	0.000047
0.549500	1.648500	14.849990	0.000035
0.549500	1.805500	15.332057	0.000029
0.549500	1.962500	15.515979	0.000027
0.549500	2.119500	15.352140	0.000028
0.549500	2.276500	14.623107	0.000038
0.549500	2.433500	15.200527	0.000030
0.549500	2.590500	16.595097	0.000017
0.549500	2.747500	18.042691	0.000010
0.549500	2.904500	18.841877	0.000007
0.549500	3.061500	18.419421	0.000008

0.706500	-3.061500	13.732077	0.000054
0.706500	-2.904500	12.613225	0.000085
0.706500	-2.747500	11.582311	0.000129
0.706500	-2.590500	10.629516	0.000189
0.706500	-2.433500	9.574319	0.000288
0.706500	-2.276500	8.262562	0.000487
0.706500	-2.119500	7.899098	0.000564
0.706500	-1.962500	8.300527	0.000480
0.706500	-1.805500	8.775288	0.000397
0.706500	-1.648500	8.723477	0.000405
0.706500	-1.491500	8.603131	0.000425
0.706500	-1.334500	8.671099	0.000414
0.706500	-1.177500	8.354891	0.000470
0.706500	-1.020500	7.575872	0.000642
0.706500	-0.863500	7.269597	0.000726
0.706500	-0.706500	7.785992	0.000590
0.706500	-0.549500	8.506914	0.000442
0.706500	-0.392500	9.054767	0.000355
0.706500	-0.235500	9.262712	0.000326
0.706500	-0.078500	9.744176	0.000269
0.706500	0.078500	11.156481	0.000153
0.706500	0.235500	12.730557	0.000081
0.706500	0.392500	13.697508	0.000055
0.706500	0.549500	13.490547	0.000060
0.706500	0.706500	13.152796	0.000069
0.706500	0.863500	13.107433	0.000070
0.706500	1.020500	12.570541	0.000087
0.706500	1.177500	12.025573	0.000108
0.706500	1.334500	11.603435	0.000128
0.706500	1.491500	11.672672	0.000124
0.706500	1.648500	12.332711	0.000095
0.706500	1.805500	12.466767	0.000090
0.706500	1.962500	12.524500	0.000088
0.706500	2.119500	12.292005	0.000097
0.706500	2.276500	11.913274	0.000113
0.706500	2.433500	12.406573	0.000093
0.706500	2.590500	13.686759	0.000055
0.706500	2.747500	15.091464	0.000032
0.706500	2.904500	15.770261	0.000024
0.706500	3.061500	15.092187	0.000032

0.863500	-3.061500	10.924367	0.000168
0.863500	-2.904500	9.762124	0.000267
0.863500	-2.747500	8.773294	0.000397
0.863500	-2.590500	7.799038	0.000587
0.863500	-2.433500	6.730669	0.000901
0.863500	-2.276500	5.714990	0.001353
0.863500	-2.119500	5.635781	0.001397
0.863500	-1.962500	6.238847	0.001097
0.863500	-1.805500	6.752986	0.000893
0.863500	-1.648500	6.625145	0.000939
0.863500	-1.491500	6.215886	0.001107
0.863500	-1.334500	6.327798	0.001058
0.863500	-1.177500	6.278068	0.001080
0.863500	-1.020500	5.995333	0.001209
0.863500	-0.863500	5.475023	0.001490
0.863500	-0.706500	5.666859	0.001380
0.863500	-0.549500	6.359774	0.001045
0.863500	-0.392500	7.080525	0.000783
0.863500	-0.235500	7.561681	0.000645
0.863500	-0.078500	8.482905	0.000446
0.863500	0.078500	9.776113	0.000266
0.863500	0.235500	11.298842	0.000144
0.863500	0.392500	12.008780	0.000109
0.863500	0.549500	11.849286	0.000116
0.863500	0.706500	11.130862	0.000154
0.863500	0.863500	10.887783	0.000170
0.863500	1.020500	10.450889	0.000203
0.863500	1.177500	9.846675	0.000258
0.863500	1.334500	9.453262	0.000302
0.863500	1.491500	9.600816	0.000285
0.863500	1.648500	9.836967	0.000259
0.863500	1.805500	9.803074	0.000263
0.863500	1.962500	9.548811	0.000291
0.863500	2.119500	9.560914	0.000290
0.863500	2.276500	9.747734	0.000269
0.863500	2.433500	10.621322	0.000189
0.863500	2.590500	11.748286	0.000120
0.863500	2.747500	12.811648	0.000079
0.863500	2.904500	13.051347	0.000071
0.863500	3.061500	12.178847	0.000101

1.020500	-3.061500	8.566720	0.000431
1.020500	-2.904500	7.362915	0.000699
1.020500	-2.747500	6.375642	0.001038
1.020500	-2.590500	5.477856	0.001488
1.020500	-2.433500	4.538855	0.002168
1.020500	-2.276500	3.971367	0.002722
1.020500	-2.119500	4.086016	0.002600
1.020500	-1.962500	4.743051	0.001998
1.020500	-1.805500	5.240551	0.001637
1.020500	-1.648500	4.898606	0.001877
1.020500	-1.491500	4.423749	0.002271
1.020500	-1.334500	4.627785	0.002092
1.020500	-1.177500	4.705891	0.002028
1.020500	-1.020500	4.372138	0.002318
1.020500	-0.863500	3.823375	0.002889
1.020500	-0.706500	3.948918	0.002747
1.020500	-0.549500	4.644370	0.002079
1.020500	-0.392500	5.349601	0.001567
1.020500	-0.235500	6.000820	0.001207
1.020500	-0.078500	6.883149	0.000847
1.020500	0.078500	8.261400	0.000488
1.020500	0.235500	9.625272	0.000282
1.020500	0.392500	10.412794	0.000206
1.020500	0.549500	10.116065	0.000232
1.020500	0.706500	9.394523	0.000310
1.020500	0.863500	9.069858	0.000353
1.020500	1.020500	8.520318	0.000439
1.020500	1.177500	8.058515	0.000529
1.020500	1.334500	7.746016	0.000599
1.020500	1.491500	7.783061	0.000591
1.020500	1.648500	7.990675	0.000543
1.020500	1.805500	7.940884	0.000554
1.020500	1.962500	7.750717	0.000598
1.020500	2.119500	7.716231	0.000607
1.020500	2.276500	8.019439	0.000537
1.020500	2.433500	8.823554	0.000389
1.020500	2.590500	10.056490	0.000237
1.020500	2.747500	10.883704	0.000170
1.020500	2.904500	10.823668	0.000175
1.020500	3.061500	9.868833	0.000256

1.177500	-3.061500	6.648032	0.000931
1.177500	-2.904500	5.490621	0.001481
1.177500	-2.747500	4.536675	0.002170
1.177500	-2.590500	3.547660	0.003226
1.177500	-2.433500	2.836996	0.004290
1.177500	-2.276500	2.465817	0.004978
1.177500	-2.119500	2.770192	0.004406
1.177500	-1.962500	3.482562	0.003312
1.177500	-1.805500	3.904677	0.002796
1.177500	-1.648500	3.452124	0.003352
1.177500	-1.491500	3.084891	0.003884
1.177500	-1.334500	3.355577	0.003485
1.177500	-1.177500	3.470699	0.003327
1.177500	-1.020500	3.127935	0.003818
1.177500	-0.863500	2.586161	0.004744
1.177500	-0.706500	2.721330	0.004493
1.177500	-0.549500	3.502462	0.003285
1.177500	-0.392500	4.231154	0.002453
1.177500	-0.235500	4.845599	0.001917
1.177500	-0.078500	5.600013	0.001417
1.177500	0.078500	6.910930	0.000838
1.177500	0.235500	8.279444	0.000484
1.177500	0.392500	9.062599	0.000354
1.177500	0.549500	8.719017	0.000406
1.177500	0.706500	7.944493	0.000554
1.177500	0.863500	7.620501	0.000630
1.177500	1.020500	7.138683	0.000765
1.177500	1.177500	6.668040	0.000923
1.177500	1.334500	6.440126	0.001012
1.177500	1.491500	6.483998	0.000994
1.177500	1.648500	6.742505	0.000896
1.177500	1.805500	6.647941	0.000931
1.177500	1.962500	6.514175	0.000982
1.177500	2.119500	6.512361	0.000983
1.177500	2.276500	6.647718	0.000931
1.177500	2.433500	7.430160	0.000680
1.177500	2.590500	8.562972	0.000432
1.177500	2.747500	9.324560	0.000318
1.177500	2.904500	9.070131	0.000353
1.177500	3.061500	8.044147	0.000532

1.334500	-3.061500	5.410533	0.001529
1.334500	-2.904500	4.233092	0.002451
1.334500	-2.747500	3.139164	0.003800
1.334500	-2.590500	2.217700	0.005499
1.334500	-2.433500	1.489351	0.007363
1.334500	-2.276500	1.398270	0.007637
1.334500	-2.119500	1.801635	0.006497
1.334500	-1.962500	2.519363	0.004872
1.334500	-1.805500	2.815458	0.004327
1.334500	-1.648500	2.511160	0.004888
1.334500	-1.491500	2.288355	0.005345
1.334500	-1.334500	2.519126	0.004873
1.334500	-1.177500	2.427976	0.005054
1.334500	-1.020500	1.967436	0.006079
1.334500	-0.863500	1.766180	0.006590
1.334500	-0.706500	2.203884	0.005529
1.334500	-0.549500	2.998806	0.004020
1.334500	-0.392500	3.891842	0.002810
1.334500	-0.235500	4.388389	0.002303
1.334500	-0.078500	4.903137	0.001874
1.334500	0.078500	6.034764	0.001190
1.334500	0.235500	7.423674	0.000682
1.334500	0.392500	8.115113	0.000517
1.334500	0.549500	7.960448	0.000550
1.334500	0.706500	7.240710	0.000734
1.334500	0.863500	6.719477	0.000905
1.334500	1.020500	6.158607	0.001133
1.334500	1.177500	5.763443	0.001327
1.334500	1.334500	5.554794	0.001443
1.334500	1.491500	5.606358	0.001413
1.334500	1.648500	5.761673	0.001328
1.334500	1.805500	5.717425	0.001352
1.334500	1.962500	5.670707	0.001377
1.334500	2.119500	5.714667	0.001353
1.334500	2.276500	5.799868	0.001308
1.334500	2.433500	6.640265	0.000934
1.334500	2.590500	7.707326	0.000609
1.334500	2.747500	8.453789	0.000451
1.334500	2.904500	7.992584	0.000543
1.334500	3.061500	6.801912	0.000875

1.491500	-3.061500	5.095169	0.001735
1.491500	-2.904500	3.776428	0.002944
1.491500	-2.747500	2.621302	0.004677
1.491500	-2.590500	1.517340	0.007281
1.491500	-2.433500	0.717498	0.010034
1.491500	-2.276500	0.836607	0.009566
1.491500	-2.119500	1.401415	0.007628
1.491500	-1.962500	2.009764	0.005977
1.491500	-1.805500	2.389186	0.005133
1.491500	-1.648500	2.370321	0.005172
1.491500	-1.491500	2.374795	0.005163
1.491500	-1.334500	2.427183	0.005056
1.491500	-1.177500	1.998452	0.006004
1.491500	-1.020500	1.513597	0.007292
1.491500	-0.863500	1.417640	0.007578
1.491500	-0.706500	2.000559	0.005999
1.491500	-0.549500	2.951716	0.004097
1.491500	-0.392500	4.018916	0.002671
1.491500	-0.235500	4.609569	0.002108
1.491500	-0.078500	4.646044	0.002077
1.491500	0.078500	5.622434	0.001404
1.491500	0.235500	6.776394	0.000884
1.491500	0.392500	7.785992	0.000590
1.491500	0.549500	7.988279	0.000544
1.491500	0.706500	7.208015	0.000744
1.491500	0.863500	6.350124	0.001049
1.491500	1.020500	5.820400	0.001297
1.491500	1.177500	5.536640	0.001453
1.491500	1.334500	5.294951	0.001601
1.491500	1.491500	5.249114	0.001631
1.491500	1.648500	5.278256	0.001612
1.491500	1.805500	5.193502	0.001668
1.491500	1.962500	5.183427	0.001675
1.491500	2.119500	5.377577	0.001549
1.491500	2.276500	5.673915	0.001376
1.491500	2.433500	6.387887	0.001033
1.491500	2.590500	7.402044	0.000688
1.491500	2.747500	8.183617	0.000503
1.491500	2.904500	7.834386	0.000579
1.491500	3.061500	6.428532	0.001017

1.648500	-3.061500	4.822737	0.001935
1.648500	-2.904500	3.615791	0.003139
1.648500	-2.747500	2.323865	0.005270
1.648500	-2.590500	1.131767	0.008498
1.648500	-2.433500	0.329800	0.011721
1.648500	-2.276500	0.557567	0.010698
1.648500	-2.119500	1.237611	0.008145
1.648500	-1.962500	1.959853	0.006098
1.648500	-1.805500	2.200997	0.005536
1.648500	-1.648500	2.314471	0.005290
1.648500	-1.491500	2.478536	0.004953
1.648500	-1.334500	2.404924	0.005101
1.648500	-1.177500	1.893803	0.006261
1.648500	-1.020500	1.326430	0.007860
1.648500	-0.863500	0.907581	0.009298
1.648500	-0.706500	1.415186	0.007586
1.648500	-0.549500	2.419148	0.005072
1.648500	-0.392500	3.641893	0.003107
1.648500	-0.235500	4.535230	0.002171
1.648500	-0.078500	4.585517	0.002128
1.648500	0.078500	5.397266	0.001537
1.648500	0.235500	6.579131	0.000957
1.648500	0.392500	7.604769	0.000634
1.648500	0.549500	7.966025	0.000549
1.648500	0.706500	7.134146	0.000766
1.648500	0.863500	6.211287	0.001109
1.648500	1.020500	5.548179	0.001447
1.648500	1.177500	5.238803	0.001638
1.648500	1.334500	5.062301	0.001758
1.648500	1.491500	5.058246	0.001761
1.648500	1.648500	4.972934	0.001822
1.648500	1.805500	4.968806	0.001825
1.648500	1.962500	4.929460	0.001854
1.648500	2.119500	5.179725	0.001677
1.648500	2.276500	5.491398	0.001480
1.648500	2.433500	6.220736	0.001105
1.648500	2.590500	7.247344	0.000732
1.648500	2.747500	8.016394	0.000538
1.648500	2.904500	7.662750	0.000620
1.648500	3.061500	6.207945	0.001110

1.805500	-3.061500	4.477735	0.002222
1.805500	-2.904500	3.212072	0.003691
1.805500	-2.747500	1.927836	0.006176
1.805500	-2.590500	0.779203	0.009789
1.805500	-2.433500	0.000000	0.013378
1.805500	-2.276500	0.294904	0.011886
1.805500	-2.119500	1.099783	0.008608
1.805500	-1.962500	1.811194	0.006472
1.805500	-1.805500	2.207344	0.005522
1.805500	-1.648500	2.303937	0.005312
1.805500	-1.491500	2.405052	0.005101
1.805500	-1.334500	2.355205	0.005204
1.805500	-1.177500	1.933496	0.006162
1.805500	-1.020500	1.213365	0.008225
1.805500	-0.863500	0.595346	0.010537
1.805500	-0.706500	0.819516	0.009632
1.805500	-0.549500	1.940808	0.006144
1.805500	-0.392500	3.193819	0.003718
1.805500	-0.235500	4.293645	0.002392
1.805500	-0.078500	4.749659	0.001993
1.805500	0.078500	5.575276	0.001431
1.805500	0.235500	6.591055	0.000952
1.805500	0.392500	7.568232	0.000644
1.805500	0.549500	7.720690	0.000606
1.805500	0.706500	6.891280	0.000844
1.805500	0.863500	5.889176	0.001262
1.805500	1.020500	5.310657	0.001591
1.805500	1.177500	4.967294	0.001826
1.805500	1.334500	4.757751	0.001986
1.805500	1.491500	4.778463	0.001970
1.805500	1.648500	4.778075	0.001970
1.805500	1.805500	4.770600	0.001976
1.805500	1.962500	4.840759	0.001921
1.805500	2.119500	5.043240	0.001771
1.805500	2.276500	5.484943	0.001484
1.805500	2.433500	6.253807	0.001090
1.805500	2.590500	7.306335	0.000715
1.805500	2.747500	8.040662	0.000533
1.805500	2.904500	7.612377	0.000632
1.805500	3.061500	5.959912	0.001227

1.962500	-3.061500	4.229797	0.002454
1.962500	-2.904500	3.081205	0.003890
1.962500	-2.747500	1.882677	0.006289
1.962500	-2.590500	0.786733	0.009759
1.962500	-2.433500	0.005021	0.013351
1.962500	-2.276500	0.394075	0.011423
1.962500	-2.119500	1.305886	0.007925
1.962500	-1.962500	2.276950	0.005370
1.962500	-1.805500	2.849323	0.004269
1.962500	-1.648500	2.658476	0.004608
1.962500	-1.491500	2.702709	0.004527
1.962500	-1.334500	2.756985	0.004430
1.962500	-1.177500	2.533100	0.004846
1.962500	-1.020500	2.025854	0.005938
1.962500	-0.863500	1.231772	0.008164
1.962500	-0.706500	1.597285	0.007052
1.962500	-0.549500	2.415852	0.005079
1.962500	-0.392500	3.386291	0.003442
1.962500	-0.235500	4.338556	0.002350
1.962500	-0.078500	5.467006	0.001495
1.962500	0.078500	6.439634	0.001012
1.962500	0.235500	7.330041	0.000708
1.962500	0.392500	7.596866	0.000636
1.962500	0.549500	7.403880	0.000688
1.962500	0.706500	6.587458	0.000954
1.962500	0.863500	5.919938	0.001246
1.962500	1.020500	5.350633	0.001566
1.962500	1.177500	4.971089	0.001823
1.962500	1.334500	4.744755	0.001997
1.962500	1.491500	4.707024	0.002027
1.962500	1.648500	4.731659	0.002007
1.962500	1.805500	4.852782	0.001912
1.962500	1.962500	4.931595	0.001852
1.962500	2.119500	5.234421	0.001641
1.962500	2.276500	5.920624	0.001246
1.962500	2.433500	7.230735	0.000737
1.962500	2.590500	8.323928	0.000475
1.962500	2.747500	8.710136	0.000407
1.962500	2.904500	7.545236	0.000650
1.962500	3.061500	5.751978	0.001333

2.119500	-3.061500	5.246909	0.001632
2.119500	-2.904500	4.282645	0.002403
2.119500	-2.747500	3.199016	0.003710
2.119500	-2.590500	2.143554	0.005665
2.119500	-2.433500	1.208582	0.008241
2.119500	-2.276500	1.375769	0.007706
2.119500	-2.119500	2.259430	0.005408
2.119500	-1.962500	3.302002	0.003560
2.119500	-1.805500	4.086744	0.002599
2.119500	-1.648500	3.906356	0.002794
2.119500	-1.491500	3.676131	0.003064
2.119500	-1.334500	4.029792	0.002659
2.119500	-1.177500	4.075786	0.002611
2.119500	-1.020500	3.827175	0.002884
2.119500	-0.863500	3.477994	0.003318
2.119500	-0.706500	3.761078	0.002962
2.119500	-0.549500	4.451269	0.002246
2.119500	-0.392500	5.057023	0.001762
2.119500	-0.235500	5.817905	0.001298
2.119500	-0.078500	7.105414	0.000775
2.119500	0.078500	8.215670	0.000497
2.119500	0.235500	8.858244	0.000384
2.119500	0.392500	8.863806	0.000383
2.119500	0.549500	8.151407	0.000509
2.119500	0.706500	7.236377	0.000735
2.119500	0.863500	6.791978	0.000879
2.119500	1.020500	6.301344	0.001070
2.119500	1.177500	5.869264	0.001272
2.119500	1.334500	5.557099	0.001442
2.119500	1.491500	5.473039	0.001491
2.119500	1.648500	5.518363	0.001464
2.119500	1.805500	5.637729	0.001396
2.119500	1.962500	5.716420	0.001352
2.119500	2.119500	6.086065	0.001166
2.119500	2.276500	7.258405	0.000729
2.119500	2.433500	9.049114	0.000355
2.119500	2.590500	10.308338	0.000215
2.119500	2.747500	10.077887	0.000235
2.119500	2.904500	8.258807	0.000488
2.119500	3.061500	6.519400	0.000980

2.276500	-3.061500	7.227867	0.000738
2.276500	-2.904500	6.468909	0.001000
2.276500	-2.747500	5.465749	0.001495
2.276500	-2.590500	4.412028	0.002281
2.276500	-2.433500	3.218773	0.003681
2.276500	-2.276500	2.828893	0.004304
2.276500	-2.119500	3.539499	0.003237
2.276500	-1.962500	4.688524	0.002042
2.276500	-1.805500	5.600719	0.001417
2.276500	-1.648500	5.470529	0.001492
2.276500	-1.491500	5.286585	0.001607
2.276500	-1.334500	5.697479	0.001363
2.276500	-1.177500	5.791874	0.001312
2.276500	-1.020500	5.684066	0.001370
2.276500	-0.863500	5.732889	0.001343
2.276500	-0.706500	6.198396	0.001115
2.276500	-0.549500	6.976706	0.000816
2.276500	-0.392500	7.551331	0.000648
2.276500	-0.235500	8.345521	0.000471
2.276500	-0.078500	9.531156	0.000293
2.276500	0.078500	10.499635	0.000199
2.276500	0.235500	11.084874	0.000157
2.276500	0.392500	10.989496	0.000163
2.276500	0.549500	10.245438	0.000220
2.276500	0.706500	9.229460	0.000331
2.276500	0.863500	8.745136	0.000402
2.276500	1.020500	8.249151	0.000490
2.276500	1.177500	7.732315	0.000603
2.276500	1.334500	7.348580	0.000703
2.276500	1.491500	7.185098	0.000751
2.276500	1.648500	7.185639	0.000750
2.276500	1.805500	7.202327	0.000745
2.276500	1.962500	7.361725	0.000699
2.276500	2.119500	7.886033	0.000567
2.276500	2.276500	9.149294	0.000341
2.276500	2.433500	11.018741	0.000161
2.276500	2.590500	12.216828	0.000100
2.276500	2.747500	11.838720	0.000116
2.276500	2.904500	10.064339	0.000237
2.276500	3.061500	8.335472	0.000473

2.433500	-3.061500	9.787995	0.000264
2.433500	-2.904500	9.116076	0.000346
2.433500	-2.747500	8.080363	0.000524
2.433500	-2.590500	6.953335	0.000824
2.433500	-2.433500	5.596990	0.001419
2.433500	-2.276500	4.762359	0.001982
2.433500	-2.119500	5.302471	0.001597
2.433500	-1.962500	6.440560	0.001012
2.433500	-1.805500	7.281596	0.000722
2.433500	-1.648500	7.181580	0.000752
2.433500	-1.491500	7.263382	0.000727
2.433500	-1.334500	7.710388	0.000608
2.433500	-1.177500	7.827338	0.000580
2.433500	-1.020500	7.790296	0.000589
2.433500	-0.863500	8.175657	0.000505
2.433500	-0.706500	9.074948	0.000352
2.433500	-0.549500	9.931054	0.000250
2.433500	-0.392500	10.821845	0.000175
2.433500	-0.235500	11.474029	0.000134
2.433500	-0.078500	12.319147	0.000096
2.433500	0.078500	13.223760	0.000067
2.433500	0.235500	13.741930	0.000054
2.433500	0.392500	13.728825	0.000054
2.433500	0.549500	12.831650	0.000078
2.433500	0.706500	11.981615	0.000110
2.433500	0.863500	11.430359	0.000137
2.433500	1.020500	10.801999	0.000176
2.433500	1.177500	10.235785	0.000221
2.433500	1.334500	9.873758	0.000255
2.433500	1.491500	9.428042	0.000305
2.433500	1.648500	9.086841	0.000350
2.433500	1.805500	9.072802	0.000352
2.433500	1.962500	9.343576	0.000316
2.433500	2.119500	9.809364	0.000262
2.433500	2.276500	11.165088	0.000152
2.433500	2.433500	13.079152	0.000071
2.433500	2.590500	14.291171	0.000043
2.433500	2.747500	14.085684	0.000047
2.433500	2.904500	12.470758	0.000090
2.433500	3.061500	10.892611	0.000170

2.590500	-3.061500	12.905898	0.000076
2.590500	-2.904500	11.794452	0.000118
2.590500	-2.747500	10.520235	0.000197
2.590500	-2.590500	9.271837	0.000325
2.590500	-2.433500	8.061736	0.000528
2.590500	-2.276500	7.618983	0.000631
2.590500	-2.119500	8.215498	0.000497
2.590500	-1.962500	9.170968	0.000339
2.590500	-1.805500	9.691762	0.000275
2.590500	-1.648500	9.827399	0.000260
2.590500	-1.491500	9.942379	0.000248
2.590500	-1.334500	10.157540	0.000228
2.590500	-1.177500	10.091640	0.000234
2.590500	-1.020500	10.164813	0.000227
2.590500	-0.863500	10.922460	0.000168
2.590500	-0.706500	12.247024	0.000099
2.590500	-0.549500	13.635277	0.000057
2.590500	-0.392500	14.697538	0.000037
2.590500	-0.235500	15.215486	0.000030
2.590500	-0.078500	15.375916	0.000028
2.590500	0.078500	16.094835	0.000021
2.590500	0.235500	16.702619	0.000017
2.590500	0.392500	16.854757	0.000016
2.590500	0.549500	16.104005	0.000021
2.590500	0.706500	14.916867	0.000034
2.590500	0.863500	14.568781	0.000039
2.590500	1.020500	14.283417	0.000044
2.590500	1.177500	13.767596	0.000054
2.590500	1.334500	13.225700	0.000067
2.590500	1.491500	12.196874	0.000101
2.590500	1.648500	11.362699	0.000141
2.590500	1.805500	11.204300	0.000150
2.590500	1.962500	11.462155	0.000135
2.590500	2.119500	12.044516	0.000107
2.590500	2.276500	13.371708	0.000063
2.590500	2.433500	15.036613	0.000032
2.590500	2.590500	16.196348	0.000020
2.590500	2.747500	16.774138	0.000016
2.590500	2.904500	16.059483	0.000021
2.590500	3.061500	14.427552	0.000041

2.747500	-3.061500	15.764913	0.000024
2.747500	-2.904500	14.796829	0.000035
2.747500	-2.747500	13.451976	0.000061
2.747500	-2.590500	11.938051	0.000112
2.747500	-2.433500	10.765846	0.000179
2.747500	-2.276500	10.624972	0.000189
2.747500	-2.119500	11.298811	0.000144
2.747500	-1.962500	12.030001	0.000108
2.747500	-1.805500	12.336701	0.000095
2.747500	-1.648500	12.625438	0.000085
2.747500	-1.491500	13.150734	0.000069
2.747500	-1.334500	13.149990	0.000069
2.747500	-1.177500	12.886563	0.000076
2.747500	-1.020500	12.837545	0.000078
2.747500	-0.863500	13.480069	0.000060
2.747500	-0.706500	15.019912	0.000032
2.747500	-0.549500	16.615317	0.000017
2.747500	-0.392500	17.948379	0.000010
2.747500	-0.235500	18.507471	0.000008
2.747500	-0.078500	18.661387	0.000008
2.747500	0.078500	19.441240	0.000006
2.747500	0.235500	20.137919	0.000004
2.747500	0.392500	20.047402	0.000004
2.747500	0.549500	19.215933	0.000006
2.747500	0.706500	17.916019	0.000010
2.747500	0.863500	17.380735	0.000013
2.747500	1.020500	16.989643	0.000015
2.747500	1.177500	16.386526	0.000019
2.747500	1.334500	15.829875	0.000023
2.747500	1.491500	14.898279	0.000034
2.747500	1.648500	14.127458	0.000046
2.747500	1.805500	14.070114	0.000047
2.747500	1.962500	14.296309	0.000043
2.747500	2.119500	14.880963	0.000034
2.747500	2.276500	15.821334	0.000024
2.747500	2.433500	17.187189	0.000014
2.747500	2.590500	18.203320	0.000009
2.747500	2.747500	19.080033	0.000006
2.747500	2.904500	18.725825	0.000007
2.747500	3.061500	17.206793	0.000014

2.904500	-3.061500	18.111767	0.000009
2.904500	-2.904500	17.663234	0.000011
2.904500	-2.747500	16.182623	0.000020
2.904500	-2.590500	14.507428	0.000040
2.904500	-2.433500	13.103773	0.000070
2.904500	-2.276500	12.958308	0.000074
2.904500	-2.119500	13.670594	0.000056
2.904500	-1.962500	14.220017	0.000045
2.904500	-1.805500	14.501166	0.000040
2.904500	-1.648500	15.061086	0.000032
2.904500	-1.491500	15.746935	0.000024
2.904500	-1.334500	15.819457	0.000024
2.904500	-1.177500	15.476012	0.000027
2.904500	-1.020500	15.419019	0.000028
2.904500	-0.863500	15.971186	0.000022
2.904500	-0.706500	17.311198	0.000013
2.904500	-0.549500	18.973575	0.000007
2.904500	-0.392500	20.478036	0.000004
2.904500	-0.235500	21.246169	0.000003
2.904500	-0.078500	21.589989	0.000002
2.904500	0.078500	22.492011	0.000002
2.904500	0.235500	23.008883	0.000001
2.904500	0.392500	22.691517	0.000001
2.904500	0.549500	21.633485	0.000002
2.904500	0.706500	20.120271	0.000004
2.904500	0.863500	18.918099	0.000007
2.904500	1.020500	18.130570	0.000009
2.904500	1.177500	17.358048	0.000013
2.904500	1.334500	16.923525	0.000015
2.904500	1.491500	16.579163	0.000017
2.904500	1.648500	16.658127	0.000017
2.904500	1.805500	16.722716	0.000016
2.904500	1.962500	16.916107	0.000015
2.904500	2.119500	17.459938	0.000012
2.904500	2.276500	18.247145	0.000009
2.904500	2.433500	19.070421	0.000006
2.904500	2.590500	20.171091	0.000004
2.904500	2.747500	21.041155	0.000003
2.904500	2.904500	20.625135	0.000003
2.904500	3.061500	19.066671	0.000006

3.061500	-3.061500	20.308727	0.000004
3.061500	-2.904500	20.092706	0.000004
3.061500	-2.747500	18.470217	0.000008
3.061500	-2.590500	16.607885	0.000017
3.061500	-2.433500	15.262605	0.000029
3.061500	-2.276500	15.103954	0.000031
3.061500	-2.119500	15.773537	0.000024
3.061500	-1.962500	16.269919	0.000020
3.061500	-1.805500	16.550512	0.000018
3.061500	-1.648500	17.228440	0.000013
3.061500	-1.491500	18.160880	0.000009
3.061500	-1.334500	18.135755	0.000009
3.061500	-1.177500	17.856145	0.000010
3.061500	-1.020500	17.739659	0.000011
3.061500	-0.863500	18.222822	0.000009
3.061500	-0.706500	19.553545	0.000005
3.061500	-0.549500	21.155016	0.000003
3.061500	-0.392500	22.719113	0.000001
3.061500	-0.235500	23.717005	0.000001
3.061500	-0.078500	24.236463	0.000001
3.061500	0.078500	25.139672	0.000001
3.061500	0.235500	25.701580	0.000000
3.061500	0.392500	24.937937	0.000001
3.061500	0.549500	23.694297	0.000001
3.061500	0.706500	22.150162	0.000002
3.061500	0.863500	20.427777	0.000004
3.061500	1.020500	19.267226	0.000006
3.061500	1.177500	18.489983	0.000008
3.061500	1.334500	17.969650	0.000010
3.061500	1.491500	18.071058	0.000010
3.061500	1.648500	18.747088	0.000007
3.061500	1.805500	19.079455	0.000006
3.061500	1.962500	19.333853	0.000006
3.061500	2.119500	19.744990	0.000005
3.061500	2.276500	20.429721	0.000004
3.061500	2.433500	21.185878	0.000003
3.061500	2.590500	22.262045	0.000002
3.061500	2.747500	23.377857	0.000001
3.061500	2.904500	22.801753	0.000001
3.061500	3.061500	21.174264	0.000003

