#X		Y		Free		Pro
-3.061500	-3.061500	16.706821	0.000013
-3.061500	-2.904500	16.722790	0.000013
-3.061500	-2.747500	16.865095	0.000012
-3.061500	-2.590500	16.567975	0.000014
-3.061500	-2.433500	15.990348	0.000017
-3.061500	-2.276500	15.770648	0.000019
-3.061500	-2.119500	16.475111	0.000014
-3.061500	-1.962500	17.334950	0.000010
-3.061500	-1.805500	18.023116	0.000008
-3.061500	-1.648500	18.246088	0.000007
-3.061500	-1.491500	18.290007	0.000007
-3.061500	-1.334500	17.789896	0.000008
-3.061500	-1.177500	17.633607	0.000009
-3.061500	-1.020500	17.673977	0.000009
-3.061500	-0.863500	18.168872	0.000007
-3.061500	-0.706500	18.804329	0.000006
-3.061500	-0.549500	20.148814	0.000003
-3.061500	-0.392500	21.375591	0.000002
-3.061500	-0.235500	22.025734	0.000002
-3.061500	-0.078500	22.081977	0.000002
-3.061500	0.078500	21.468825	0.000002
-3.061500	0.235500	20.220569	0.000003
-3.061500	0.392500	18.501625	0.000006
-3.061500	0.549500	16.836944	0.000012
-3.061500	0.706500	15.051541	0.000025
-3.061500	0.863500	13.185724	0.000053
-3.061500	1.020500	11.452108	0.000107
-3.061500	1.177500	10.196092	0.000176
-3.061500	1.334500	9.767494	0.000209
-3.061500	1.491500	9.620766	0.000222
-3.061500	1.648500	9.476991	0.000235
-3.061500	1.805500	9.314416	0.000251
-3.061500	1.962500	9.407024	0.000242
-3.061500	2.119500	10.033727	0.000188
-3.061500	2.276500	10.974386	0.000129
-3.061500	2.433500	11.961355	0.000087
-3.061500	2.590500	13.123370	0.000055
-3.061500	2.747500	14.355247	0.000033
-3.061500	2.904500	15.609219	0.000020
-3.061500	3.061500	16.546272	0.000014

-2.904500	-3.061500	16.980524	0.000012
-2.904500	-2.904500	16.926085	0.000012
-2.904500	-2.747500	16.910699	0.000012
-2.904500	-2.590500	16.551281	0.000014
-2.904500	-2.433500	15.985837	0.000017
-2.904500	-2.276500	15.739747	0.000019
-2.904500	-2.119500	16.304514	0.000015
-2.904500	-1.962500	17.156990	0.000011
-2.904500	-1.805500	17.685359	0.000009
-2.904500	-1.648500	17.885424	0.000008
-2.904500	-1.491500	17.776016	0.000008
-2.904500	-1.334500	17.349501	0.000010
-2.904500	-1.177500	17.021972	0.000011
-2.904500	-1.020500	17.133909	0.000011
-2.904500	-0.863500	17.472965	0.000010
-2.904500	-0.706500	17.640857	0.000009
-2.904500	-0.549500	18.668265	0.000006
-2.904500	-0.392500	20.012034	0.000003
-2.904500	-0.235500	20.970894	0.000002
-2.904500	-0.078500	21.097023	0.000002
-2.904500	0.078500	20.645549	0.000003
-2.904500	0.235500	19.542036	0.000004
-2.904500	0.392500	18.600261	0.000006
-2.904500	0.549500	17.238622	0.000010
-2.904500	0.706500	15.548222	0.000021
-2.904500	0.863500	13.792894	0.000042
-2.904500	1.020500	11.809855	0.000092
-2.904500	1.177500	10.329771	0.000167
-2.904500	1.334500	9.865919	0.000201
-2.904500	1.491500	9.668111	0.000218
-2.904500	1.648500	9.456874	0.000237
-2.904500	1.805500	9.654714	0.000219
-2.904500	1.962500	9.839010	0.000203
-2.904500	2.119500	10.408321	0.000162
-2.904500	2.276500	11.308038	0.000113
-2.904500	2.433500	12.457960	0.000071
-2.904500	2.590500	13.884491	0.000040
-2.904500	2.747500	15.129551	0.000024
-2.904500	2.904500	16.202056	0.000016
-2.904500	3.061500	17.018634	0.000011

-2.747500	-3.061500	16.711348	0.000013
-2.747500	-2.904500	16.371600	0.000015
-2.747500	-2.747500	16.195068	0.000016
-2.747500	-2.590500	15.545529	0.000021
-2.747500	-2.433500	14.929051	0.000026
-2.747500	-2.276500	14.606424	0.000030
-2.747500	-2.119500	15.457229	0.000021
-2.747500	-1.962500	16.247053	0.000016
-2.747500	-1.805500	16.774140	0.000013
-2.747500	-1.648500	16.802502	0.000012
-2.747500	-1.491500	16.364783	0.000015
-2.747500	-1.334500	16.065800	0.000017
-2.747500	-1.177500	15.773404	0.000019
-2.747500	-1.020500	15.750616	0.000019
-2.747500	-0.863500	16.007053	0.000017
-2.747500	-0.706500	16.203295	0.000016
-2.747500	-0.549500	17.052619	0.000011
-2.747500	-0.392500	18.411258	0.000007
-2.747500	-0.235500	19.431736	0.000004
-2.747500	-0.078500	19.780284	0.000004
-2.747500	0.078500	19.343140	0.000005
-2.747500	0.235500	18.531938	0.000006
-2.747500	0.392500	18.010719	0.000008
-2.747500	0.549500	17.016750	0.000011
-2.747500	0.706500	15.518744	0.000021
-2.747500	0.863500	13.840147	0.000041
-2.747500	1.020500	11.808888	0.000092
-2.747500	1.177500	10.266974	0.000171
-2.747500	1.334500	9.691658	0.000216
-2.747500	1.491500	9.460148	0.000237
-2.747500	1.648500	9.271953	0.000255
-2.747500	1.805500	9.361290	0.000246
-2.747500	1.962500	9.523594	0.000231
-2.747500	2.119500	10.000469	0.000191
-2.747500	2.276500	10.696621	0.000144
-2.747500	2.433500	12.460952	0.000071
-2.747500	2.590500	14.113287	0.000037
-2.747500	2.747500	15.323938	0.000023
-2.747500	2.904500	16.342705	0.000015
-2.747500	3.061500	17.016989	0.000011

-2.590500	-3.061500	16.219612	0.000016
-2.590500	-2.904500	15.874660	0.000018
-2.590500	-2.747500	15.587790	0.000020
-2.590500	-2.590500	14.762177	0.000028
-2.590500	-2.433500	14.017128	0.000038
-2.590500	-2.276500	13.526271	0.000046
-2.590500	-2.119500	13.979527	0.000039
-2.590500	-1.962500	15.028617	0.000025
-2.590500	-1.805500	15.615641	0.000020
-2.590500	-1.648500	15.741652	0.000019
-2.590500	-1.491500	15.308981	0.000023
-2.590500	-1.334500	14.726262	0.000029
-2.590500	-1.177500	14.374501	0.000033
-2.590500	-1.020500	14.304383	0.000034
-2.590500	-0.863500	14.601459	0.000030
-2.590500	-0.706500	14.898049	0.000027
-2.590500	-0.549500	15.794472	0.000019
-2.590500	-0.392500	17.259540	0.000010
-2.590500	-0.235500	18.261452	0.000007
-2.590500	-0.078500	18.733664	0.000006
-2.590500	0.078500	18.600705	0.000006
-2.590500	0.235500	18.102874	0.000007
-2.590500	0.392500	17.537188	0.000009
-2.590500	0.549500	16.606406	0.000013
-2.590500	0.706500	15.189982	0.000024
-2.590500	0.863500	13.401193	0.000049
-2.590500	1.020500	11.704009	0.000096
-2.590500	1.177500	10.100578	0.000183
-2.590500	1.334500	9.397101	0.000243
-2.590500	1.491500	8.931289	0.000293
-2.590500	1.648500	8.680689	0.000324
-2.590500	1.805500	8.865579	0.000300
-2.590500	1.962500	9.104356	0.000273
-2.590500	2.119500	9.506071	0.000232
-2.590500	2.276500	10.264719	0.000171
-2.590500	2.433500	11.911306	0.000089
-2.590500	2.590500	13.845947	0.000041
-2.590500	2.747500	15.126747	0.000024
-2.590500	2.904500	16.015986	0.000017
-2.590500	3.061500	16.423807	0.000015

-2.433500	-3.061500	15.724158	0.000019
-2.433500	-2.904500	15.460613	0.000021
-2.433500	-2.747500	15.331379	0.000022
-2.433500	-2.590500	14.548046	0.000031
-2.433500	-2.433500	13.684225	0.000044
-2.433500	-2.276500	13.120638	0.000055
-2.433500	-2.119500	13.458474	0.000048
-2.433500	-1.962500	14.374914	0.000033
-2.433500	-1.805500	15.075450	0.000025
-2.433500	-1.648500	15.244700	0.000023
-2.433500	-1.491500	14.677208	0.000029
-2.433500	-1.334500	13.907090	0.000040
-2.433500	-1.177500	13.544654	0.000046
-2.433500	-1.020500	13.351063	0.000050
-2.433500	-0.863500	13.501772	0.000047
-2.433500	-0.706500	13.829362	0.000041
-2.433500	-0.549500	14.896127	0.000027
-2.433500	-0.392500	16.342914	0.000015
-2.433500	-0.235500	17.412376	0.000010
-2.433500	-0.078500	17.995515	0.000008
-2.433500	0.078500	17.795915	0.000008
-2.433500	0.235500	17.268238	0.000010
-2.433500	0.392500	16.814204	0.000012
-2.433500	0.549500	15.705929	0.000019
-2.433500	0.706500	14.356313	0.000033
-2.433500	0.863500	12.608878	0.000067
-2.433500	1.020500	10.854381	0.000135
-2.433500	1.177500	9.699509	0.000215
-2.433500	1.334500	8.954164	0.000290
-2.433500	1.491500	8.560293	0.000340
-2.433500	1.648500	8.478911	0.000351
-2.433500	1.805500	8.732221	0.000317
-2.433500	1.962500	9.081046	0.000276
-2.433500	2.119500	9.541308	0.000229
-2.433500	2.276500	10.308157	0.000168
-2.433500	2.433500	11.762293	0.000094
-2.433500	2.590500	13.461030	0.000048
-2.433500	2.747500	14.745045	0.000028
-2.433500	2.904500	15.539692	0.000021
-2.433500	3.061500	15.947807	0.000018

-2.276500	-3.061500	15.582456	0.000020
-2.276500	-2.904500	15.405113	0.000022
-2.276500	-2.747500	15.381189	0.000022
-2.276500	-2.590500	14.572179	0.000030
-2.276500	-2.433500	13.635618	0.000044
-2.276500	-2.276500	13.189409	0.000053
-2.276500	-2.119500	13.332930	0.000050
-2.276500	-1.962500	14.260622	0.000035
-2.276500	-1.805500	14.870010	0.000027
-2.276500	-1.648500	14.953980	0.000026
-2.276500	-1.491500	14.354546	0.000033
-2.276500	-1.334500	13.659268	0.000044
-2.276500	-1.177500	13.158977	0.000054
-2.276500	-1.020500	12.919159	0.000059
-2.276500	-0.863500	12.959688	0.000058
-2.276500	-0.706500	13.273001	0.000051
-2.276500	-0.549500	14.320617	0.000034
-2.276500	-0.392500	15.743570	0.000019
-2.276500	-0.235500	16.821333	0.000012
-2.276500	-0.078500	17.205401	0.000011
-2.276500	0.078500	17.124773	0.000011
-2.276500	0.235500	16.527366	0.000014
-2.276500	0.392500	15.967774	0.000017
-2.276500	0.549500	15.085895	0.000025
-2.276500	0.706500	13.723053	0.000043
-2.276500	0.863500	12.017867	0.000085
-2.276500	1.020500	10.389199	0.000163
-2.276500	1.177500	9.358264	0.000247
-2.276500	1.334500	8.842334	0.000303
-2.276500	1.491500	8.471056	0.000352
-2.276500	1.648500	8.399365	0.000362
-2.276500	1.805500	8.928614	0.000293
-2.276500	1.962500	9.376449	0.000245
-2.276500	2.119500	9.951444	0.000194
-2.276500	2.276500	10.725298	0.000143
-2.276500	2.433500	11.960092	0.000087
-2.276500	2.590500	13.586505	0.000045
-2.276500	2.747500	14.682560	0.000029
-2.276500	2.904500	15.456028	0.000021
-2.276500	3.061500	15.774361	0.000019

-2.119500	-3.061500	15.969617	0.000017
-2.119500	-2.904500	15.941446	0.000018
-2.119500	-2.747500	15.768173	0.000019
-2.119500	-2.590500	14.872737	0.000027
-2.119500	-2.433500	14.015812	0.000038
-2.119500	-2.276500	13.303802	0.000051
-2.119500	-2.119500	13.545174	0.000046
-2.119500	-1.962500	14.407242	0.000033
-2.119500	-1.805500	14.872581	0.000027
-2.119500	-1.648500	14.920895	0.000027
-2.119500	-1.491500	14.477410	0.000032
-2.119500	-1.334500	13.802048	0.000042
-2.119500	-1.177500	13.213369	0.000053
-2.119500	-1.020500	12.874739	0.000060
-2.119500	-0.863500	12.904435	0.000060
-2.119500	-0.706500	13.317023	0.000050
-2.119500	-0.549500	14.515533	0.000031
-2.119500	-0.392500	15.795254	0.000019
-2.119500	-0.235500	16.786906	0.000013
-2.119500	-0.078500	17.297481	0.000010
-2.119500	0.078500	17.162594	0.000011
-2.119500	0.235500	16.438779	0.000014
-2.119500	0.392500	15.794729	0.000019
-2.119500	0.549500	14.905432	0.000027
-2.119500	0.706500	13.506955	0.000047
-2.119500	0.863500	11.866162	0.000090
-2.119500	1.020500	10.345335	0.000166
-2.119500	1.177500	9.539567	0.000229
-2.119500	1.334500	8.947961	0.000291
-2.119500	1.491500	8.709045	0.000320
-2.119500	1.648500	8.744264	0.000315
-2.119500	1.805500	9.221998	0.000260
-2.119500	1.962500	9.829724	0.000204
-2.119500	2.119500	10.525717	0.000154
-2.119500	2.276500	11.510696	0.000104
-2.119500	2.433500	12.609150	0.000067
-2.119500	2.590500	13.916714	0.000040
-2.119500	2.747500	15.096466	0.000025
-2.119500	2.904500	15.851027	0.000018
-2.119500	3.061500	16.294157	0.000015

-1.962500	-3.061500	17.260313	0.000010
-1.962500	-2.904500	16.966666	0.000012
-1.962500	-2.747500	16.377895	0.000015
-1.962500	-2.590500	15.496841	0.000021
-1.962500	-2.433500	14.589166	0.000030
-1.962500	-2.276500	13.895957	0.000040
-1.962500	-2.119500	14.266566	0.000034
-1.962500	-1.962500	14.898004	0.000027
-1.962500	-1.805500	15.322465	0.000023
-1.962500	-1.648500	15.356604	0.000022
-1.962500	-1.491500	14.875820	0.000027
-1.962500	-1.334500	14.347491	0.000033
-1.962500	-1.177500	13.647636	0.000044
-1.962500	-1.020500	13.351118	0.000050
-1.962500	-0.863500	13.540870	0.000046
-1.962500	-0.706500	14.013605	0.000038
-1.962500	-0.549500	15.059769	0.000025
-1.962500	-0.392500	16.247494	0.000016
-1.962500	-0.235500	17.307646	0.000010
-1.962500	-0.078500	17.797103	0.000008
-1.962500	0.078500	17.741581	0.000009
-1.962500	0.235500	17.113549	0.000011
-1.962500	0.392500	16.184377	0.000016
-1.962500	0.549500	15.114362	0.000025
-1.962500	0.706500	13.735007	0.000043
-1.962500	0.863500	12.155661	0.000080
-1.962500	1.020500	10.866737	0.000135
-1.962500	1.177500	9.949786	0.000195
-1.962500	1.334500	9.358947	0.000247
-1.962500	1.491500	9.104238	0.000273
-1.962500	1.648500	9.090158	0.000275
-1.962500	1.805500	9.476690	0.000235
-1.962500	1.962500	10.145610	0.000180
-1.962500	2.119500	11.036765	0.000126
-1.962500	2.276500	12.118055	0.000082
-1.962500	2.433500	13.265322	0.000051
-1.962500	2.590500	14.481394	0.000032
-1.962500	2.747500	15.644564	0.000020
-1.962500	2.904500	16.587821	0.000014
-1.962500	3.061500	17.163218	0.000011

-1.805500	-3.061500	18.166028	0.000007
-1.805500	-2.904500	18.044248	0.000008
-1.805500	-2.747500	17.263610	0.000010
-1.805500	-2.590500	16.238351	0.000016
-1.805500	-2.433500	15.184751	0.000024
-1.805500	-2.276500	14.675054	0.000029
-1.805500	-2.119500	15.090676	0.000025
-1.805500	-1.962500	15.620971	0.000020
-1.805500	-1.805500	15.963401	0.000017
-1.805500	-1.648500	16.062588	0.000017
-1.805500	-1.491500	15.683611	0.000020
-1.805500	-1.334500	15.041341	0.000025
-1.805500	-1.177500	14.417099	0.000032
-1.805500	-1.020500	14.014215	0.000038
-1.805500	-0.863500	14.300181	0.000034
-1.805500	-0.706500	14.828340	0.000028
-1.805500	-0.549500	15.820553	0.000018
-1.805500	-0.392500	16.982334	0.000012
-1.805500	-0.235500	17.971036	0.000008
-1.805500	-0.078500	18.522774	0.000006
-1.805500	0.078500	18.468736	0.000006
-1.805500	0.235500	17.850382	0.000008
-1.805500	0.392500	16.861589	0.000012
-1.805500	0.549500	15.573195	0.000020
-1.805500	0.706500	14.265303	0.000034
-1.805500	0.863500	12.782737	0.000062
-1.805500	1.020500	11.558432	0.000102
-1.805500	1.177500	10.609424	0.000149
-1.805500	1.334500	10.121785	0.000182
-1.805500	1.491500	9.844786	0.000203
-1.805500	1.648500	9.842796	0.000203
-1.805500	1.805500	10.052773	0.000187
-1.805500	1.962500	10.668001	0.000146
-1.805500	2.119500	11.717181	0.000096
-1.805500	2.276500	12.726371	0.000064
-1.805500	2.433500	14.006685	0.000038
-1.805500	2.590500	15.190120	0.000024
-1.805500	2.747500	16.444971	0.000014
-1.805500	2.904500	17.478530	0.000010
-1.805500	3.061500	18.039408	0.000008

-1.648500	-3.061500	18.691084	0.000006
-1.648500	-2.904500	18.117784	0.000007
-1.648500	-2.747500	17.486601	0.000009
-1.648500	-2.590500	16.374041	0.000015
-1.648500	-2.433500	15.481256	0.000021
-1.648500	-2.276500	15.036667	0.000025
-1.648500	-2.119500	15.254980	0.000023
-1.648500	-1.962500	15.890797	0.000018
-1.648500	-1.805500	16.133005	0.000016
-1.648500	-1.648500	16.151150	0.000016
-1.648500	-1.491500	15.974191	0.000017
-1.648500	-1.334500	15.325778	0.000023
-1.648500	-1.177500	14.595257	0.000030
-1.648500	-1.020500	14.306434	0.000034
-1.648500	-0.863500	14.511997	0.000031
-1.648500	-0.706500	15.220802	0.000024
-1.648500	-0.549500	16.101790	0.000017
-1.648500	-0.392500	17.225419	0.000011
-1.648500	-0.235500	18.156184	0.000007
-1.648500	-0.078500	18.627447	0.000006
-1.648500	0.078500	18.619223	0.000006
-1.648500	0.235500	17.888351	0.000008
-1.648500	0.392500	16.949500	0.000012
-1.648500	0.549500	15.643992	0.000020
-1.648500	0.706500	14.423981	0.000032
-1.648500	0.863500	13.031426	0.000057
-1.648500	1.020500	11.794129	0.000093
-1.648500	1.177500	11.050688	0.000125
-1.648500	1.334500	10.451417	0.000159
-1.648500	1.491500	10.207410	0.000175
-1.648500	1.648500	10.214271	0.000175
-1.648500	1.805500	10.477621	0.000157
-1.648500	1.962500	11.095650	0.000123
-1.648500	2.119500	12.038447	0.000084
-1.648500	2.276500	13.231025	0.000052
-1.648500	2.433500	14.412015	0.000033
-1.648500	2.590500	15.709105	0.000019
-1.648500	2.747500	16.978419	0.000012
-1.648500	2.904500	17.916136	0.000008
-1.648500	3.061500	18.591636	0.000006

-1.491500	-3.061500	18.445042	0.000006
-1.491500	-2.904500	17.815446	0.000008
-1.491500	-2.747500	17.164427	0.000011
-1.491500	-2.590500	16.084174	0.000017
-1.491500	-2.433500	15.153648	0.000024
-1.491500	-2.276500	14.824372	0.000028
-1.491500	-2.119500	15.088631	0.000025
-1.491500	-1.962500	15.671721	0.000020
-1.491500	-1.805500	16.053638	0.000017
-1.491500	-1.648500	16.070600	0.000017
-1.491500	-1.491500	15.978966	0.000017
-1.491500	-1.334500	15.194026	0.000024
-1.491500	-1.177500	14.458099	0.000032
-1.491500	-1.020500	14.127560	0.000036
-1.491500	-0.863500	14.401351	0.000033
-1.491500	-0.706500	15.050667	0.000025
-1.491500	-0.549500	16.033253	0.000017
-1.491500	-0.392500	17.051732	0.000011
-1.491500	-0.235500	17.951956	0.000008
-1.491500	-0.078500	18.416879	0.000007
-1.491500	0.078500	18.327880	0.000007
-1.491500	0.235500	17.592280	0.000009
-1.491500	0.392500	16.596317	0.000014
-1.491500	0.549500	15.298229	0.000023
-1.491500	0.706500	14.095209	0.000037
-1.491500	0.863500	12.679947	0.000065
-1.491500	1.020500	11.691935	0.000097
-1.491500	1.177500	10.839087	0.000136
-1.491500	1.334500	10.392735	0.000163
-1.491500	1.491500	10.295486	0.000169
-1.491500	1.648500	10.210636	0.000175
-1.491500	1.805500	10.381489	0.000164
-1.491500	1.962500	11.003677	0.000127
-1.491500	2.119500	12.001207	0.000085
-1.491500	2.276500	13.058773	0.000056
-1.491500	2.433500	14.393639	0.000033
-1.491500	2.590500	15.844384	0.000018
-1.491500	2.747500	17.056504	0.000011
-1.491500	2.904500	17.967475	0.000008
-1.491500	3.061500	18.545716	0.000006

-1.334500	-3.061500	18.012442	0.000008
-1.334500	-2.904500	17.342309	0.000010
-1.334500	-2.747500	16.510209	0.000014
-1.334500	-2.590500	15.352723	0.000022
-1.334500	-2.433500	14.493368	0.000031
-1.334500	-2.276500	14.178135	0.000036
-1.334500	-2.119500	14.587343	0.000030
-1.334500	-1.962500	15.336866	0.000022
-1.334500	-1.805500	15.783361	0.000019
-1.334500	-1.648500	15.937229	0.000018
-1.334500	-1.491500	15.680963	0.000020
-1.334500	-1.334500	14.885187	0.000027
-1.334500	-1.177500	14.050761	0.000038
-1.334500	-1.020500	13.741923	0.000043
-1.334500	-0.863500	13.996911	0.000038
-1.334500	-0.706500	14.740924	0.000028
-1.334500	-0.549500	15.607909	0.000020
-1.334500	-0.392500	16.522950	0.000014
-1.334500	-0.235500	17.381449	0.000010
-1.334500	-0.078500	17.620947	0.000009
-1.334500	0.078500	17.527829	0.000009
-1.334500	0.235500	16.711679	0.000013
-1.334500	0.392500	15.721504	0.000019
-1.334500	0.549500	14.550926	0.000031
-1.334500	0.706500	13.376411	0.000049
-1.334500	0.863500	12.064533	0.000083
-1.334500	1.020500	10.997730	0.000128
-1.334500	1.177500	10.372499	0.000164
-1.334500	1.334500	9.965834	0.000193
-1.334500	1.491500	9.808352	0.000206
-1.334500	1.648500	9.679990	0.000217
-1.334500	1.805500	9.870765	0.000201
-1.334500	1.962500	10.528276	0.000154
-1.334500	2.119500	11.666498	0.000098
-1.334500	2.276500	12.801736	0.000062
-1.334500	2.433500	14.176867	0.000036
-1.334500	2.590500	15.576947	0.000020
-1.334500	2.747500	16.844097	0.000012
-1.334500	2.904500	17.749492	0.000009
-1.334500	3.061500	18.293213	0.000007

-1.177500	-3.061500	18.001941	0.000008
-1.177500	-2.904500	16.965304	0.000012
-1.177500	-2.747500	15.805972	0.000019
-1.177500	-2.590500	14.765161	0.000028
-1.177500	-2.433500	13.873168	0.000040
-1.177500	-2.276500	13.457784	0.000048
-1.177500	-2.119500	13.940148	0.000039
-1.177500	-1.962500	14.737371	0.000029
-1.177500	-1.805500	15.372232	0.000022
-1.177500	-1.648500	15.391901	0.000022
-1.177500	-1.491500	15.111801	0.000025
-1.177500	-1.334500	14.266724	0.000034
-1.177500	-1.177500	13.694363	0.000043
-1.177500	-1.020500	13.500297	0.000047
-1.177500	-0.863500	13.575137	0.000045
-1.177500	-0.706500	14.055601	0.000038
-1.177500	-0.549500	15.065190	0.000025
-1.177500	-0.392500	16.009841	0.000017
-1.177500	-0.235500	16.807860	0.000012
-1.177500	-0.078500	16.868685	0.000012
-1.177500	0.078500	16.449033	0.000014
-1.177500	0.235500	15.585055	0.000020
-1.177500	0.392500	14.544673	0.000031
-1.177500	0.549500	13.485808	0.000047
-1.177500	0.706500	12.327098	0.000075
-1.177500	0.863500	11.162367	0.000120
-1.177500	1.020500	10.159710	0.000179
-1.177500	1.177500	9.523677	0.000231
-1.177500	1.334500	9.328218	0.000250
-1.177500	1.491500	9.257033	0.000257
-1.177500	1.648500	9.193597	0.000263
-1.177500	1.805500	9.578621	0.000226
-1.177500	1.962500	10.169890	0.000178
-1.177500	2.119500	11.160184	0.000120
-1.177500	2.276500	12.205930	0.000079
-1.177500	2.433500	13.430173	0.000048
-1.177500	2.590500	14.971527	0.000026
-1.177500	2.747500	16.389678	0.000015
-1.177500	2.904500	17.413658	0.000010
-1.177500	3.061500	17.976552	0.000008

-1.020500	-3.061500	18.254802	0.000007
-1.020500	-2.904500	17.190157	0.000011
-1.020500	-2.747500	15.932511	0.000018
-1.020500	-2.590500	14.731061	0.000029
-1.020500	-2.433500	13.844345	0.000041
-1.020500	-2.276500	13.294790	0.000051
-1.020500	-2.119500	13.534697	0.000046
-1.020500	-1.962500	14.305421	0.000034
-1.020500	-1.805500	14.941500	0.000026
-1.020500	-1.648500	15.093177	0.000025
-1.020500	-1.491500	14.698672	0.000029
-1.020500	-1.334500	14.116348	0.000037
-1.020500	-1.177500	13.743752	0.000043
-1.020500	-1.020500	13.429914	0.000048
-1.020500	-0.863500	13.405294	0.000049
-1.020500	-0.706500	13.742730	0.000043
-1.020500	-0.549500	15.014401	0.000026
-1.020500	-0.392500	15.970504	0.000017
-1.020500	-0.235500	16.494796	0.000014
-1.020500	-0.078500	16.302555	0.000015
-1.020500	0.078500	15.797586	0.000019
-1.020500	0.235500	14.804402	0.000028
-1.020500	0.392500	13.880286	0.000040
-1.020500	0.549500	12.850211	0.000061
-1.020500	0.706500	11.770422	0.000094
-1.020500	0.863500	10.616416	0.000149
-1.020500	1.020500	9.503918	0.000233
-1.020500	1.177500	8.996413	0.000285
-1.020500	1.334500	8.909567	0.000295
-1.020500	1.491500	8.919262	0.000294
-1.020500	1.648500	8.976553	0.000287
-1.020500	1.805500	9.422972	0.000240
-1.020500	1.962500	10.023843	0.000189
-1.020500	2.119500	10.900197	0.000133
-1.020500	2.276500	11.929250	0.000088
-1.020500	2.433500	13.267610	0.000051
-1.020500	2.590500	14.971970	0.000026
-1.020500	2.747500	16.363349	0.000015
-1.020500	2.904500	17.552068	0.000009
-1.020500	3.061500	18.246718	0.000007

-0.863500	-3.061500	18.897825	0.000005
-0.863500	-2.904500	17.941361	0.000008
-0.863500	-2.747500	16.415619	0.000015
-0.863500	-2.590500	15.220726	0.000024
-0.863500	-2.433500	14.232377	0.000035
-0.863500	-2.276500	13.560914	0.000046
-0.863500	-2.119500	13.776583	0.000042
-0.863500	-1.962500	14.473550	0.000032
-0.863500	-1.805500	15.097436	0.000025
-0.863500	-1.648500	15.229053	0.000023
-0.863500	-1.491500	14.841530	0.000027
-0.863500	-1.334500	14.291321	0.000034
-0.863500	-1.177500	13.955919	0.000039
-0.863500	-1.020500	13.635140	0.000044
-0.863500	-0.863500	13.585870	0.000045
-0.863500	-0.706500	14.011515	0.000038
-0.863500	-0.549500	15.215511	0.000024
-0.863500	-0.392500	16.190510	0.000016
-0.863500	-0.235500	16.479788	0.000014
-0.863500	-0.078500	16.315579	0.000015
-0.863500	0.078500	15.652537	0.000020
-0.863500	0.235500	14.658611	0.000029
-0.863500	0.392500	13.623058	0.000045
-0.863500	0.549500	12.717016	0.000064
-0.863500	0.706500	11.646157	0.000099
-0.863500	0.863500	10.415160	0.000161
-0.863500	1.020500	9.456852	0.000237
-0.863500	1.177500	9.028336	0.000281
-0.863500	1.334500	8.975253	0.000288
-0.863500	1.491500	9.036774	0.000281
-0.863500	1.648500	9.195491	0.000263
-0.863500	1.805500	9.406518	0.000242
-0.863500	1.962500	10.027048	0.000189
-0.863500	2.119500	10.964533	0.000130
-0.863500	2.276500	12.091565	0.000082
-0.863500	2.433500	13.697473	0.000043
-0.863500	2.590500	15.547962	0.000021
-0.863500	2.747500	17.040941	0.000011
-0.863500	2.904500	18.052152	0.000008
-0.863500	3.061500	18.886315	0.000005

-0.706500	-3.061500	19.920575	0.000004
-0.706500	-2.904500	18.831960	0.000006
-0.706500	-2.747500	17.453772	0.000010
-0.706500	-2.590500	16.105365	0.000016
-0.706500	-2.433500	15.079948	0.000025
-0.706500	-2.276500	14.406868	0.000033
-0.706500	-2.119500	14.449475	0.000032
-0.706500	-1.962500	15.050519	0.000025
-0.706500	-1.805500	15.552902	0.000021
-0.706500	-1.648500	15.733920	0.000019
-0.706500	-1.491500	15.262349	0.000023
-0.706500	-1.334500	14.968630	0.000026
-0.706500	-1.177500	14.595540	0.000030
-0.706500	-1.020500	14.302440	0.000034
-0.706500	-0.863500	14.158336	0.000036
-0.706500	-0.706500	14.533393	0.000031
-0.706500	-0.549500	15.581838	0.000020
-0.706500	-0.392500	16.466828	0.000014
-0.706500	-0.235500	16.776169	0.000013
-0.706500	-0.078500	16.422594	0.000015
-0.706500	0.078500	15.768687	0.000019
-0.706500	0.235500	14.753786	0.000028
-0.706500	0.392500	13.818932	0.000041
-0.706500	0.549500	12.958444	0.000058
-0.706500	0.706500	11.957155	0.000087
-0.706500	0.863500	10.782390	0.000139
-0.706500	1.020500	9.752464	0.000211
-0.706500	1.177500	9.324041	0.000250
-0.706500	1.334500	9.363072	0.000246
-0.706500	1.491500	9.411403	0.000241
-0.706500	1.648500	9.548523	0.000228
-0.706500	1.805500	9.758156	0.000210
-0.706500	1.962500	10.333918	0.000167
-0.706500	2.119500	11.326846	0.000112
-0.706500	2.276500	12.484918	0.000070
-0.706500	2.433500	14.383667	0.000033
-0.706500	2.590500	16.285751	0.000015
-0.706500	2.747500	17.887085	0.000008
-0.706500	2.904500	19.017995	0.000005
-0.706500	3.061500	19.762250	0.000004

-0.549500	-3.061500	20.828858	0.000002
-0.549500	-2.904500	19.844411	0.000004
-0.549500	-2.747500	18.325102	0.000007
-0.549500	-2.590500	17.102624	0.000011
-0.549500	-2.433500	15.955533	0.000018
-0.549500	-2.276500	15.199217	0.000024
-0.549500	-2.119500	15.240250	0.000023
-0.549500	-1.962500	15.914762	0.000018
-0.549500	-1.805500	16.318000	0.000015
-0.549500	-1.648500	16.391447	0.000015
-0.549500	-1.491500	16.146812	0.000016
-0.549500	-1.334500	15.704076	0.000019
-0.549500	-1.177500	15.431308	0.000022
-0.549500	-1.020500	15.045413	0.000025
-0.549500	-0.863500	15.058389	0.000025
-0.549500	-0.706500	15.409594	0.000022
-0.549500	-0.549500	16.059784	0.000017
-0.549500	-0.392500	16.934972	0.000012
-0.549500	-0.235500	17.327601	0.000010
-0.549500	-0.078500	16.931216	0.000012
-0.549500	0.078500	16.163086	0.000016
-0.549500	0.235500	15.068654	0.000025
-0.549500	0.392500	14.265732	0.000034
-0.549500	0.549500	13.453785	0.000048
-0.549500	0.706500	12.452219	0.000071
-0.549500	0.863500	11.149228	0.000120
-0.549500	1.020500	10.179118	0.000177
-0.549500	1.177500	9.854575	0.000202
-0.549500	1.334500	9.813006	0.000205
-0.549500	1.491500	9.997551	0.000191
-0.549500	1.648500	9.991834	0.000191
-0.549500	1.805500	10.103604	0.000183
-0.549500	1.962500	10.822547	0.000137
-0.549500	2.119500	11.738158	0.000095
-0.549500	2.276500	12.985981	0.000058
-0.549500	2.433500	14.929295	0.000026
-0.549500	2.590500	17.028457	0.000011
-0.549500	2.747500	18.633302	0.000006
-0.549500	2.904500	19.907202	0.000004
-0.549500	3.061500	20.703987	0.000003

-0.392500	-3.061500	21.145079	0.000002
-0.392500	-2.904500	20.194559	0.000003
-0.392500	-2.747500	19.342706	0.000005
-0.392500	-2.590500	18.031558	0.000008
-0.392500	-2.433500	16.865767	0.000012
-0.392500	-2.276500	16.054590	0.000017
-0.392500	-2.119500	16.221877	0.000016
-0.392500	-1.962500	16.858392	0.000012
-0.392500	-1.805500	17.370694	0.000010
-0.392500	-1.648500	17.376199	0.000010
-0.392500	-1.491500	17.300218	0.000010
-0.392500	-1.334500	16.895307	0.000012
-0.392500	-1.177500	16.247572	0.000016
-0.392500	-1.020500	16.017400	0.000017
-0.392500	-0.863500	16.140141	0.000016
-0.392500	-0.706500	16.414727	0.000015
-0.392500	-0.549500	16.976105	0.000012
-0.392500	-0.392500	17.611807	0.000009
-0.392500	-0.235500	17.828432	0.000008
-0.392500	-0.078500	17.606840	0.000009
-0.392500	0.078500	16.961135	0.000012
-0.392500	0.235500	15.595392	0.000020
-0.392500	0.392500	14.604286	0.000030
-0.392500	0.549500	13.604457	0.000045
-0.392500	0.706500	12.476788	0.000071
-0.392500	0.863500	11.279005	0.000114
-0.392500	1.020500	10.404163	0.000162
-0.392500	1.177500	10.133022	0.000181
-0.392500	1.334500	10.188868	0.000177
-0.392500	1.491500	10.098884	0.000183
-0.392500	1.648500	10.111207	0.000182
-0.392500	1.805500	10.416244	0.000161
-0.392500	1.962500	11.035317	0.000126
-0.392500	2.119500	12.136676	0.000081
-0.392500	2.276500	13.423225	0.000048
-0.392500	2.433500	15.010121	0.000026
-0.392500	2.590500	17.124217	0.000011
-0.392500	2.747500	18.886965	0.000005
-0.392500	2.904500	20.028065	0.000003
-0.392500	3.061500	21.111767	0.000002

-0.235500	-3.061500	21.115598	0.000002
-0.235500	-2.904500	20.852657	0.000002
-0.235500	-2.747500	20.275818	0.000003
-0.235500	-2.590500	19.204900	0.000005
-0.235500	-2.433500	17.978027	0.000008
-0.235500	-2.276500	17.318032	0.000010
-0.235500	-2.119500	17.317578	0.000010
-0.235500	-1.962500	17.935268	0.000008
-0.235500	-1.805500	18.317660	0.000007
-0.235500	-1.648500	18.409904	0.000007
-0.235500	-1.491500	18.225583	0.000007
-0.235500	-1.334500	17.841628	0.000008
-0.235500	-1.177500	16.979870	0.000012
-0.235500	-1.020500	16.556000	0.000014
-0.235500	-0.863500	16.553666	0.000014
-0.235500	-0.706500	16.872192	0.000012
-0.235500	-0.549500	17.351919	0.000010
-0.235500	-0.392500	17.998027	0.000008
-0.235500	-0.235500	18.224012	0.000007
-0.235500	-0.078500	18.164077	0.000007
-0.235500	0.078500	17.459301	0.000010
-0.235500	0.235500	16.307479	0.000015
-0.235500	0.392500	14.856174	0.000027
-0.235500	0.549500	13.897221	0.000040
-0.235500	0.706500	12.716962	0.000064
-0.235500	0.863500	11.467863	0.000106
-0.235500	1.020500	10.484518	0.000157
-0.235500	1.177500	10.187271	0.000177
-0.235500	1.334500	10.188201	0.000177
-0.235500	1.491500	10.115722	0.000182
-0.235500	1.648500	10.035057	0.000188
-0.235500	1.805500	10.196333	0.000176
-0.235500	1.962500	10.944101	0.000131
-0.235500	2.119500	12.006224	0.000085
-0.235500	2.276500	13.189589	0.000053
-0.235500	2.433500	14.655857	0.000029
-0.235500	2.590500	16.765863	0.000013
-0.235500	2.747500	18.394306	0.000007
-0.235500	2.904500	19.834399	0.000004
-0.235500	3.061500	20.914803	0.000002

-0.078500	-3.061500	21.235050	0.000002
-0.078500	-2.904500	21.323021	0.000002
-0.078500	-2.747500	20.885364	0.000002
-0.078500	-2.590500	20.028987	0.000003
-0.078500	-2.433500	18.921468	0.000005
-0.078500	-2.276500	18.209794	0.000007
-0.078500	-2.119500	18.112304	0.000007
-0.078500	-1.962500	18.355501	0.000007
-0.078500	-1.805500	18.641928	0.000006
-0.078500	-1.648500	18.871790	0.000005
-0.078500	-1.491500	18.624555	0.000006
-0.078500	-1.334500	17.791638	0.000008
-0.078500	-1.177500	16.976455	0.000012
-0.078500	-1.020500	16.512923	0.000014
-0.078500	-0.863500	16.393549	0.000015
-0.078500	-0.706500	16.726888	0.000013
-0.078500	-0.549500	16.987299	0.000012
-0.078500	-0.392500	17.425734	0.000010
-0.078500	-0.235500	17.776957	0.000008
-0.078500	-0.078500	17.673468	0.000009
-0.078500	0.078500	17.181900	0.000011
-0.078500	0.235500	16.091788	0.000017
-0.078500	0.392500	14.997190	0.000026
-0.078500	0.549500	13.974533	0.000039
-0.078500	0.706500	12.777293	0.000063
-0.078500	0.863500	11.454324	0.000106
-0.078500	1.020500	10.387018	0.000163
-0.078500	1.177500	9.827554	0.000204
-0.078500	1.334500	9.654265	0.000219
-0.078500	1.491500	9.716265	0.000214
-0.078500	1.648500	9.540911	0.000229
-0.078500	1.805500	9.685325	0.000216
-0.078500	1.962500	10.221289	0.000174
-0.078500	2.119500	11.221191	0.000117
-0.078500	2.276500	12.594497	0.000067
-0.078500	2.433500	14.064106	0.000037
-0.078500	2.590500	16.073231	0.000017
-0.078500	2.747500	17.800081	0.000008
-0.078500	2.904500	19.380322	0.000004
-0.078500	3.061500	20.395880	0.000003

0.078500	-3.061500	20.472814	0.000003
0.078500	-2.904500	21.092256	0.000002
0.078500	-2.747500	21.058139	0.000002
0.078500	-2.590500	20.296772	0.000003
0.078500	-2.433500	19.316288	0.000005
0.078500	-2.276500	18.329022	0.000007
0.078500	-2.119500	17.950733	0.000008
0.078500	-1.962500	18.209023	0.000007
0.078500	-1.805500	18.515075	0.000006
0.078500	-1.648500	18.675687	0.000006
0.078500	-1.491500	18.348308	0.000007
0.078500	-1.334500	17.579947	0.000009
0.078500	-1.177500	16.642424	0.000013
0.078500	-1.020500	15.992519	0.000017
0.078500	-0.863500	15.853365	0.000018
0.078500	-0.706500	16.135023	0.000016
0.078500	-0.549500	16.343005	0.000015
0.078500	-0.392500	16.486585	0.000014
0.078500	-0.235500	16.745755	0.000013
0.078500	-0.078500	16.769845	0.000013
0.078500	0.078500	16.337699	0.000015
0.078500	0.235500	15.559179	0.000021
0.078500	0.392500	14.584248	0.000030
0.078500	0.549500	13.677998	0.000044
0.078500	0.706500	12.441444	0.000072
0.078500	0.863500	11.136352	0.000121
0.078500	1.020500	9.849437	0.000203
0.078500	1.177500	9.095244	0.000274
0.078500	1.334500	8.829678	0.000305
0.078500	1.491500	8.800094	0.000308
0.078500	1.648500	8.649023	0.000328
0.078500	1.805500	8.649994	0.000328
0.078500	1.962500	9.192799	0.000263
0.078500	2.119500	10.110436	0.000182
0.078500	2.276500	11.305897	0.000113
0.078500	2.433500	12.882995	0.000060
0.078500	2.590500	14.949221	0.000026
0.078500	2.747500	16.754956	0.000013
0.078500	2.904500	18.326742	0.000007
0.078500	3.061500	19.648771	0.000004

0.235500	-3.061500	19.256965	0.000005
0.235500	-2.904500	20.201249	0.000003
0.235500	-2.747500	20.377650	0.000003
0.235500	-2.590500	19.820567	0.000004
0.235500	-2.433500	19.055266	0.000005
0.235500	-2.276500	17.954366	0.000008
0.235500	-2.119500	17.388255	0.000010
0.235500	-1.962500	17.477630	0.000010
0.235500	-1.805500	17.935915	0.000008
0.235500	-1.648500	17.990666	0.000008
0.235500	-1.491500	17.573428	0.000009
0.235500	-1.334500	16.795716	0.000013
0.235500	-1.177500	15.875525	0.000018
0.235500	-1.020500	15.176594	0.000024
0.235500	-0.863500	15.046378	0.000025
0.235500	-0.706500	15.077545	0.000025
0.235500	-0.549500	15.185685	0.000024
0.235500	-0.392500	15.451685	0.000021
0.235500	-0.235500	15.580418	0.000020
0.235500	-0.078500	15.613212	0.000020
0.235500	0.078500	15.131847	0.000024
0.235500	0.235500	14.383005	0.000033
0.235500	0.392500	13.663870	0.000044
0.235500	0.549500	12.745272	0.000063
0.235500	0.706500	11.656709	0.000098
0.235500	0.863500	10.327809	0.000167
0.235500	1.020500	8.804672	0.000308
0.235500	1.177500	7.992916	0.000426
0.235500	1.334500	7.658058	0.000488
0.235500	1.491500	7.664507	0.000486
0.235500	1.648500	7.458968	0.000528
0.235500	1.805500	7.398610	0.000541
0.235500	1.962500	7.876147	0.000447
0.235500	2.119500	8.683203	0.000323
0.235500	2.276500	9.846933	0.000203
0.235500	2.433500	11.501279	0.000104
0.235500	2.590500	13.522720	0.000046
0.235500	2.747500	15.287588	0.000023
0.235500	2.904500	17.042539	0.000011
0.235500	3.061500	18.345202	0.000007

0.392500	-3.061500	17.778168	0.000008
0.392500	-2.904500	18.931658	0.000005
0.392500	-2.747500	19.182598	0.000005
0.392500	-2.590500	18.799569	0.000006
0.392500	-2.433500	17.999006	0.000008
0.392500	-2.276500	16.954122	0.000012
0.392500	-2.119500	16.318040	0.000015
0.392500	-1.962500	16.508477	0.000014
0.392500	-1.805500	16.952324	0.000012
0.392500	-1.648500	17.042191	0.000011
0.392500	-1.491500	16.597640	0.000014
0.392500	-1.334500	15.789380	0.000019
0.392500	-1.177500	14.816510	0.000028
0.392500	-1.020500	14.190313	0.000036
0.392500	-0.863500	13.890215	0.000040
0.392500	-0.706500	13.970177	0.000039
0.392500	-0.549500	13.972346	0.000039
0.392500	-0.392500	14.283817	0.000034
0.392500	-0.235500	14.378243	0.000033
0.392500	-0.078500	14.258103	0.000035
0.392500	0.078500	13.761478	0.000042
0.392500	0.235500	13.147844	0.000054
0.392500	0.392500	12.518221	0.000069
0.392500	0.549500	11.636584	0.000099
0.392500	0.706500	10.356512	0.000165
0.392500	0.863500	9.097224	0.000274
0.392500	1.020500	7.550197	0.000509
0.392500	1.177500	6.571633	0.000754
0.392500	1.334500	6.342200	0.000826
0.392500	1.491500	6.288438	0.000844
0.392500	1.648500	6.069410	0.000922
0.392500	1.805500	5.986125	0.000953
0.392500	1.962500	6.398726	0.000808
0.392500	2.119500	7.093977	0.000611
0.392500	2.276500	8.277488	0.000380
0.392500	2.433500	9.851353	0.000202
0.392500	2.590500	11.797819	0.000093
0.392500	2.747500	13.701227	0.000043
0.392500	2.904500	15.397757	0.000022
0.392500	3.061500	16.836756	0.000012

0.549500	-3.061500	15.975479	0.000017
0.549500	-2.904500	17.108930	0.000011
0.549500	-2.747500	17.286305	0.000010
0.549500	-2.590500	17.015685	0.000011
0.549500	-2.433500	16.273276	0.000015
0.549500	-2.276500	15.396470	0.000022
0.549500	-2.119500	15.175632	0.000024
0.549500	-1.962500	15.566587	0.000020
0.549500	-1.805500	15.883623	0.000018
0.549500	-1.648500	15.663568	0.000020
0.549500	-1.491500	15.262178	0.000023
0.549500	-1.334500	14.752536	0.000028
0.549500	-1.177500	14.030510	0.000038
0.549500	-1.020500	13.304428	0.000051
0.549500	-0.863500	12.943117	0.000059
0.549500	-0.706500	12.704621	0.000064
0.549500	-0.549500	12.902629	0.000060
0.549500	-0.392500	13.173665	0.000053
0.549500	-0.235500	13.234202	0.000052
0.549500	-0.078500	12.989533	0.000058
0.549500	0.078500	12.277301	0.000077
0.549500	0.235500	11.759154	0.000094
0.549500	0.392500	11.414711	0.000108
0.549500	0.549500	10.370402	0.000164
0.549500	0.706500	8.977767	0.000287
0.549500	0.863500	7.540510	0.000511
0.549500	1.020500	5.934253	0.000973
0.549500	1.177500	4.952474	0.001442
0.549500	1.334500	4.828966	0.001516
0.549500	1.491500	4.985492	0.001423
0.549500	1.648500	4.787188	0.001541
0.549500	1.805500	4.414346	0.001790
0.549500	1.962500	4.593224	0.001666
0.549500	2.119500	5.342386	0.001234
0.549500	2.276500	6.394490	0.000809
0.549500	2.433500	7.975016	0.000429
0.549500	2.590500	9.916731	0.000197
0.549500	2.747500	11.781289	0.000093
0.549500	2.904500	13.496810	0.000047
0.549500	3.061500	14.980405	0.000026

0.706500	-3.061500	14.341750	0.000033
0.706500	-2.904500	15.277041	0.000023
0.706500	-2.747500	15.673012	0.000020
0.706500	-2.590500	15.212525	0.000024
0.706500	-2.433500	14.531426	0.000031
0.706500	-2.276500	13.842323	0.000041
0.706500	-2.119500	13.882984	0.000040
0.706500	-1.962500	14.324840	0.000034
0.706500	-1.805500	14.600584	0.000030
0.706500	-1.648500	14.527706	0.000031
0.706500	-1.491500	14.129672	0.000036
0.706500	-1.334500	13.691014	0.000043
0.706500	-1.177500	13.141478	0.000054
0.706500	-1.020500	12.385098	0.000073
0.706500	-0.863500	11.851170	0.000091
0.706500	-0.706500	11.425302	0.000108
0.706500	-0.549500	11.795356	0.000093
0.706500	-0.392500	12.267777	0.000077
0.706500	-0.235500	12.283477	0.000076
0.706500	-0.078500	11.834419	0.000091
0.706500	0.078500	11.045552	0.000125
0.706500	0.235500	10.311663	0.000168
0.706500	0.392500	9.931303	0.000196
0.706500	0.549500	8.918890	0.000294
0.706500	0.706500	7.534881	0.000512
0.706500	0.863500	5.961230	0.000963
0.706500	1.020500	4.344235	0.001841
0.706500	1.177500	3.588215	0.002492
0.706500	1.334500	3.612875	0.002468
0.706500	1.491500	3.806822	0.002283
0.706500	1.648500	3.576070	0.002504
0.706500	1.805500	3.014633	0.003137
0.706500	1.962500	3.209235	0.002901
0.706500	2.119500	3.767821	0.002319
0.706500	2.276500	4.870629	0.001490
0.706500	2.433500	6.199258	0.000875
0.706500	2.590500	8.024418	0.000421
0.706500	2.747500	9.808701	0.000206
0.706500	2.904500	11.455436	0.000106
0.706500	3.061500	12.922360	0.000059

0.863500	-3.061500	12.675560	0.000065
0.863500	-2.904500	13.542810	0.000046
0.863500	-2.747500	13.890411	0.000040
0.863500	-2.590500	13.527072	0.000046
0.863500	-2.433500	12.828899	0.000061
0.863500	-2.276500	12.269972	0.000077
0.863500	-2.119500	12.386582	0.000073
0.863500	-1.962500	12.938979	0.000059
0.863500	-1.805500	13.368506	0.000049
0.863500	-1.648500	13.282504	0.000051
0.863500	-1.491500	12.676050	0.000065
0.863500	-1.334500	12.347197	0.000074
0.863500	-1.177500	11.830886	0.000092
0.863500	-1.020500	11.021211	0.000127
0.863500	-0.863500	10.434787	0.000160
0.863500	-0.706500	10.072523	0.000185
0.863500	-0.549500	10.498905	0.000156
0.863500	-0.392500	11.151220	0.000120
0.863500	-0.235500	11.205027	0.000118
0.863500	-0.078500	10.665253	0.000146
0.863500	0.078500	9.982826	0.000192
0.863500	0.235500	9.081538	0.000276
0.863500	0.392500	8.439270	0.000356
0.863500	0.549500	7.272542	0.000569
0.863500	0.706500	5.870268	0.000998
0.863500	0.863500	4.309715	0.001866
0.863500	1.020500	2.860026	0.003337
0.863500	1.177500	2.258011	0.004248
0.863500	1.334500	2.379218	0.004047
0.863500	1.491500	2.592368	0.003715
0.863500	1.648500	2.353379	0.004089
0.863500	1.805500	1.881112	0.004941
0.863500	1.962500	2.019469	0.004675
0.863500	2.119500	2.637760	0.003648
0.863500	2.276500	3.590253	0.002490
0.863500	2.433500	4.850037	0.001503
0.863500	2.590500	6.544888	0.000762
0.863500	2.747500	8.143079	0.000401
0.863500	2.904500	9.766069	0.000209
0.863500	3.061500	11.256738	0.000115

1.020500	-3.061500	11.180476	0.000119
1.020500	-2.904500	11.921884	0.000088
1.020500	-2.747500	12.291840	0.000076
1.020500	-2.590500	11.793984	0.000093
1.020500	-2.433500	11.199405	0.000118
1.020500	-2.276500	10.806784	0.000138
1.020500	-2.119500	11.032199	0.000126
1.020500	-1.962500	11.663540	0.000098
1.020500	-1.805500	12.153306	0.000080
1.020500	-1.648500	12.066196	0.000083
1.020500	-1.491500	11.613845	0.000100
1.020500	-1.334500	11.081986	0.000124
1.020500	-1.177500	10.505248	0.000156
1.020500	-1.020500	9.713895	0.000214
1.020500	-0.863500	9.096445	0.000274
1.020500	-0.706500	8.911937	0.000295
1.020500	-0.549500	9.495156	0.000233
1.020500	-0.392500	10.184030	0.000177
1.020500	-0.235500	10.181554	0.000177
1.020500	-0.078500	9.746970	0.000211
1.020500	0.078500	8.925698	0.000293
1.020500	0.235500	7.871385	0.000448
1.020500	0.392500	6.874709	0.000667
1.020500	0.549500	5.698694	0.001069
1.020500	0.706500	4.261406	0.001903
1.020500	0.863500	2.789013	0.003434
1.020500	1.020500	1.488749	0.005783
1.020500	1.177500	1.064570	0.006855
1.020500	1.334500	1.238882	0.006392
1.020500	1.491500	1.404628	0.005981
1.020500	1.648500	1.311771	0.006208
1.020500	1.805500	1.004288	0.007023
1.020500	1.962500	1.185254	0.006531
1.020500	2.119500	1.723704	0.005263
1.020500	2.276500	2.607140	0.003693
1.020500	2.433500	3.694743	0.002388
1.020500	2.590500	5.346164	0.001232
1.020500	2.747500	6.922066	0.000655
1.020500	2.904500	8.540939	0.000342
1.020500	3.061500	9.866234	0.000201

1.177500	-3.061500	9.899427	0.000198
1.177500	-2.904500	10.668686	0.000146
1.177500	-2.747500	10.796519	0.000139
1.177500	-2.590500	10.420351	0.000161
1.177500	-2.433500	9.906263	0.000198
1.177500	-2.276500	9.663222	0.000218
1.177500	-2.119500	9.881961	0.000200
1.177500	-1.962500	10.539748	0.000154
1.177500	-1.805500	11.023549	0.000126
1.177500	-1.648500	11.135529	0.000121
1.177500	-1.491500	10.798926	0.000138
1.177500	-1.334500	10.191540	0.000177
1.177500	-1.177500	9.490175	0.000234
1.177500	-1.020500	8.775413	0.000311
1.177500	-0.863500	8.309468	0.000375
1.177500	-0.706500	8.216224	0.000390
1.177500	-0.549500	8.862948	0.000301
1.177500	-0.392500	9.635096	0.000221
1.177500	-0.235500	9.603277	0.000224
1.177500	-0.078500	9.159374	0.000267
1.177500	0.078500	8.335754	0.000372
1.177500	0.235500	7.290533	0.000565
1.177500	0.392500	6.034931	0.000935
1.177500	0.549500	4.832553	0.001513
1.177500	0.706500	3.405304	0.002682
1.177500	0.863500	1.940146	0.004826
1.177500	1.020500	0.694466	0.007951
1.177500	1.177500	0.320999	0.009236
1.177500	1.334500	0.361090	0.009088
1.177500	1.491500	0.522228	0.008520
1.177500	1.648500	0.409086	0.008915
1.177500	1.805500	0.467157	0.008710
1.177500	1.962500	0.618707	0.008197
1.177500	2.119500	1.081719	0.006808
1.177500	2.276500	1.818405	0.005067
1.177500	2.433500	2.816655	0.003396
1.177500	2.590500	4.454421	0.001761
1.177500	2.747500	6.010422	0.000944
1.177500	2.904500	7.542138	0.000511
1.177500	3.061500	8.961976	0.000289

1.334500	-3.061500	9.691634	0.000216
1.334500	-2.904500	9.925561	0.000196
1.334500	-2.747500	9.762007	0.000210
1.334500	-2.590500	9.499568	0.000233
1.334500	-2.433500	9.178158	0.000265
1.334500	-2.276500	9.116895	0.000272
1.334500	-2.119500	9.394659	0.000243
1.334500	-1.962500	9.868213	0.000201
1.334500	-1.805500	10.415427	0.000161
1.334500	-1.648500	10.561019	0.000152
1.334500	-1.491500	10.387080	0.000163
1.334500	-1.334500	9.815710	0.000205
1.334500	-1.177500	9.094529	0.000274
1.334500	-1.020500	8.500391	0.000348
1.334500	-0.863500	8.230594	0.000388
1.334500	-0.706500	8.307756	0.000376
1.334500	-0.549500	8.990128	0.000286
1.334500	-0.392500	9.546058	0.000229
1.334500	-0.235500	9.497360	0.000233
1.334500	-0.078500	9.035500	0.000281
1.334500	0.078500	8.283805	0.000379
1.334500	0.235500	7.190723	0.000588
1.334500	0.392500	6.098170	0.000911
1.334500	0.549500	5.004981	0.001412
1.334500	0.706500	3.470850	0.002612
1.334500	0.863500	1.990408	0.004729
1.334500	1.020500	0.836426	0.007511
1.334500	1.177500	0.255743	0.009480
1.334500	1.334500	0.105782	0.010068
1.334500	1.491500	0.129453	0.009973
1.334500	1.648500	0.162109	0.009843
1.334500	1.805500	0.353422	0.009116
1.334500	1.962500	0.450635	0.008768
1.334500	2.119500	0.783845	0.007671
1.334500	2.276500	1.435816	0.005907
1.334500	2.433500	2.447948	0.003937
1.334500	2.590500	4.027318	0.002090
1.334500	2.747500	5.663035	0.001085
1.334500	2.904500	7.251382	0.000574
1.334500	3.061500	8.644391	0.000328

1.491500	-3.061500	9.475857	0.000235
1.491500	-2.904500	9.668389	0.000218
1.491500	-2.747500	9.496855	0.000233
1.491500	-2.590500	9.190705	0.000264
1.491500	-2.433500	8.953365	0.000290
1.491500	-2.276500	8.930391	0.000293
1.491500	-2.119500	9.278437	0.000255
1.491500	-1.962500	9.813391	0.000205
1.491500	-1.805500	10.330799	0.000167
1.491500	-1.648500	10.636477	0.000148
1.491500	-1.491500	10.464513	0.000158
1.491500	-1.334500	9.748339	0.000211
1.491500	-1.177500	9.042052	0.000280
1.491500	-1.020500	8.545538	0.000342
1.491500	-0.863500	8.401938	0.000362
1.491500	-0.706500	8.660577	0.000326
1.491500	-0.549500	9.109444	0.000272
1.491500	-0.392500	9.613239	0.000223
1.491500	-0.235500	9.710674	0.000214
1.491500	-0.078500	9.217697	0.000261
1.491500	0.078500	8.389175	0.000364
1.491500	0.235500	7.286483	0.000566
1.491500	0.392500	6.290157	0.000844
1.491500	0.549500	5.111259	0.001353
1.491500	0.706500	3.672031	0.002410
1.491500	0.863500	2.090352	0.004544
1.491500	1.020500	0.929299	0.007237
1.491500	1.177500	0.483184	0.008654
1.491500	1.334500	0.313671	0.009263
1.491500	1.491500	0.232785	0.009568
1.491500	1.648500	0.334846	0.009184
1.491500	1.805500	0.578472	0.008330
1.491500	1.962500	0.688380	0.007971
1.491500	2.119500	0.982348	0.007085
1.491500	2.276500	1.522128	0.005706
1.491500	2.433500	2.618653	0.003676
1.491500	2.590500	4.114266	0.002018
1.491500	2.747500	5.813289	0.001021
1.491500	2.904500	7.294103	0.000564
1.491500	3.061500	8.648013	0.000328

1.648500	-3.061500	9.361747	0.000246
1.648500	-2.904500	9.458565	0.000237
1.648500	-2.747500	9.257510	0.000257
1.648500	-2.590500	8.911744	0.000295
1.648500	-2.433500	8.749031	0.000315
1.648500	-2.276500	8.816014	0.000306
1.648500	-2.119500	9.177104	0.000265
1.648500	-1.962500	9.793099	0.000207
1.648500	-1.805500	10.357015	0.000165
1.648500	-1.648500	10.625234	0.000148
1.648500	-1.491500	10.431953	0.000160
1.648500	-1.334500	9.785411	0.000208
1.648500	-1.177500	9.221472	0.000260
1.648500	-1.020500	8.851436	0.000302
1.648500	-0.863500	8.652988	0.000327
1.648500	-0.706500	8.812418	0.000307
1.648500	-0.549500	9.267610	0.000256
1.648500	-0.392500	9.804122	0.000206
1.648500	-0.235500	9.933044	0.000196
1.648500	-0.078500	9.395610	0.000243
1.648500	0.078500	8.510854	0.000346
1.648500	0.235500	7.355079	0.000550
1.648500	0.392500	6.284397	0.000846
1.648500	0.549500	5.081315	0.001370
1.648500	0.706500	3.637248	0.002444
1.648500	0.863500	2.141913	0.004451
1.648500	1.020500	1.051392	0.006891
1.648500	1.177500	0.531935	0.008487
1.648500	1.334500	0.320048	0.009239
1.648500	1.491500	0.311874	0.009269
1.648500	1.648500	0.424193	0.008861
1.648500	1.805500	0.641911	0.008121
1.648500	1.962500	0.691505	0.007961
1.648500	2.119500	0.986932	0.007072
1.648500	2.276500	1.672353	0.005373
1.648500	2.433500	2.645009	0.003638
1.648500	2.590500	4.234852	0.001923
1.648500	2.747500	5.794359	0.001029
1.648500	2.904500	7.296193	0.000564
1.648500	3.061500	8.526525	0.000344

1.805500	-3.061500	9.107974	0.000273
1.805500	-2.904500	9.185432	0.000264
1.805500	-2.747500	8.997993	0.000285
1.805500	-2.590500	8.716339	0.000319
1.805500	-2.433500	8.502944	0.000347
1.805500	-2.276500	8.514901	0.000346
1.805500	-2.119500	8.871615	0.000300
1.805500	-1.962500	9.646262	0.000220
1.805500	-1.805500	10.238566	0.000173
1.805500	-1.648500	10.472217	0.000158
1.805500	-1.491500	10.302252	0.000169
1.805500	-1.334500	9.859743	0.000202
1.805500	-1.177500	9.496345	0.000233
1.805500	-1.020500	9.154408	0.000268
1.805500	-0.863500	8.968600	0.000288
1.805500	-0.706500	9.081668	0.000276
1.805500	-0.549500	9.706225	0.000214
1.805500	-0.392500	10.284991	0.000170
1.805500	-0.235500	10.236909	0.000173
1.805500	-0.078500	9.646637	0.000220
1.805500	0.078500	8.633244	0.000330
1.805500	0.235500	7.334856	0.000555
1.805500	0.392500	6.164927	0.000887
1.805500	0.549500	4.871140	0.001490
1.805500	0.706500	3.416992	0.002669
1.805500	0.863500	1.911536	0.004881
1.805500	1.020500	0.763191	0.007735
1.805500	1.177500	0.329027	0.009206
1.805500	1.334500	0.159816	0.009852
1.805500	1.491500	0.174001	0.009796
1.805500	1.648500	0.194767	0.009715
1.805500	1.805500	0.301814	0.009307
1.805500	1.962500	0.422886	0.008866
1.805500	2.119500	0.773082	0.007705
1.805500	2.276500	1.442709	0.005891
1.805500	2.433500	2.509648	0.003841
1.805500	2.590500	4.014552	0.002101
1.805500	2.747500	5.567727	0.001127
1.805500	2.904500	7.010274	0.000632
1.805500	3.061500	8.207583	0.000391

1.962500	-3.061500	8.716382	0.000319
1.962500	-2.904500	9.295635	0.000253
1.962500	-2.747500	9.071683	0.000277
1.962500	-2.590500	8.680143	0.000324
1.962500	-2.433500	8.386448	0.000364
1.962500	-2.276500	8.320892	0.000374
1.962500	-2.119500	8.746923	0.000315
1.962500	-1.962500	9.608574	0.000223
1.962500	-1.805500	10.295302	0.000169
1.962500	-1.648500	10.579922	0.000151
1.962500	-1.491500	10.396615	0.000163
1.962500	-1.334500	10.323773	0.000167
1.962500	-1.177500	10.111079	0.000182
1.962500	-1.020500	9.899904	0.000198
1.962500	-0.863500	9.751182	0.000211
1.962500	-0.706500	9.982941	0.000192
1.962500	-0.549500	10.715590	0.000143
1.962500	-0.392500	11.436043	0.000107
1.962500	-0.235500	11.156887	0.000120
1.962500	-0.078500	10.311673	0.000168
1.962500	0.078500	9.042867	0.000280
1.962500	0.235500	7.598755	0.000499
1.962500	0.392500	6.459203	0.000788
1.962500	0.549500	5.055969	0.001384
1.962500	0.706500	3.574310	0.002506
1.962500	0.863500	2.079346	0.004564
1.962500	1.020500	0.924714	0.007250
1.962500	1.177500	0.528643	0.008498
1.962500	1.334500	0.369022	0.009060
1.962500	1.491500	0.388402	0.008989
1.962500	1.648500	0.276106	0.009403
1.962500	1.805500	0.000000	0.010504
1.962500	1.962500	0.087233	0.010143
1.962500	2.119500	0.514862	0.008545
1.962500	2.276500	1.343092	0.006131
1.962500	2.433500	2.690703	0.003572
1.962500	2.590500	4.177458	0.001968
1.962500	2.747500	5.538585	0.001140
1.962500	2.904500	6.742397	0.000704
1.962500	3.061500	7.901470	0.000442

2.119500	-3.061500	9.142623	0.000269
2.119500	-2.904500	9.680341	0.000217
2.119500	-2.747500	9.493229	0.000234
2.119500	-2.590500	9.028599	0.000281
2.119500	-2.433500	8.743085	0.000316
2.119500	-2.276500	8.840052	0.000304
2.119500	-2.119500	9.501879	0.000233
2.119500	-1.962500	10.481173	0.000157
2.119500	-1.805500	11.278798	0.000114
2.119500	-1.648500	11.584543	0.000101
2.119500	-1.491500	11.418662	0.000108
2.119500	-1.334500	11.282958	0.000114
2.119500	-1.177500	11.235681	0.000116
2.119500	-1.020500	11.084768	0.000123
2.119500	-0.863500	11.070313	0.000124
2.119500	-0.706500	11.365423	0.000110
2.119500	-0.549500	12.243382	0.000078
2.119500	-0.392500	12.867393	0.000060
2.119500	-0.235500	12.501357	0.000070
2.119500	-0.078500	11.481283	0.000105
2.119500	0.078500	10.060709	0.000186
2.119500	0.235500	8.642759	0.000329
2.119500	0.392500	7.233698	0.000578
2.119500	0.549500	5.905342	0.000984
2.119500	0.706500	4.408694	0.001794
2.119500	0.863500	2.886141	0.003303
2.119500	1.020500	1.614739	0.005498
2.119500	1.177500	1.059918	0.006868
2.119500	1.334500	0.944535	0.007193
2.119500	1.491500	1.003665	0.007024
2.119500	1.648500	0.940832	0.007204
2.119500	1.805500	0.566826	0.008369
2.119500	1.962500	0.744302	0.007794
2.119500	2.119500	1.239809	0.006390
2.119500	2.276500	2.166538	0.004407
2.119500	2.433500	3.585676	0.002495
2.119500	2.590500	4.960467	0.001438
2.119500	2.747500	6.290602	0.000844
2.119500	2.904500	7.362768	0.000549
2.119500	3.061500	8.221417	0.000389

2.276500	-3.061500	10.197776	0.000176
2.276500	-2.904500	10.430314	0.000160
2.276500	-2.747500	10.147808	0.000180
2.276500	-2.590500	9.748914	0.000211
2.276500	-2.433500	9.535767	0.000230
2.276500	-2.276500	9.764713	0.000210
2.276500	-2.119500	10.751149	0.000141
2.276500	-1.962500	11.883154	0.000090
2.276500	-1.805500	12.787798	0.000062
2.276500	-1.648500	13.159978	0.000054
2.276500	-1.491500	12.752368	0.000063
2.276500	-1.334500	12.612628	0.000067
2.276500	-1.177500	12.476212	0.000071
2.276500	-1.020500	12.333552	0.000075
2.276500	-0.863500	12.391688	0.000073
2.276500	-0.706500	12.697460	0.000065
2.276500	-0.549500	13.940360	0.000039
2.276500	-0.392500	14.570418	0.000031
2.276500	-0.235500	14.130472	0.000036
2.276500	-0.078500	13.070098	0.000056
2.276500	0.078500	11.700625	0.000096
2.276500	0.235500	10.073251	0.000185
2.276500	0.392500	8.605497	0.000333
2.276500	0.549500	7.354370	0.000551
2.276500	0.706500	5.686302	0.001075
2.276500	0.863500	4.047246	0.002073
2.276500	1.020500	2.646983	0.003635
2.276500	1.177500	1.904821	0.004894
2.276500	1.334500	1.747495	0.005213
2.276500	1.491500	1.905702	0.004893
2.276500	1.648500	1.862000	0.004979
2.276500	1.805500	1.700411	0.005312
2.276500	1.962500	1.967470	0.004773
2.276500	2.119500	2.522241	0.003821
2.276500	2.276500	3.542067	0.002539
2.276500	2.433500	4.823211	0.001519
2.276500	2.590500	6.164191	0.000887
2.276500	2.747500	7.355844	0.000550
2.276500	2.904500	8.409103	0.000361
2.276500	3.061500	9.360966	0.000246

2.433500	-3.061500	11.437380	0.000107
2.433500	-2.904500	11.401430	0.000109
2.433500	-2.747500	11.091979	0.000123
2.433500	-2.590500	10.703579	0.000144
2.433500	-2.433500	10.519906	0.000155
2.433500	-2.276500	10.941729	0.000131
2.433500	-2.119500	12.077129	0.000083
2.433500	-1.962500	13.335928	0.000050
2.433500	-1.805500	14.328693	0.000034
2.433500	-1.648500	14.767489	0.000028
2.433500	-1.491500	14.310694	0.000034
2.433500	-1.334500	13.807568	0.000041
2.433500	-1.177500	13.722462	0.000043
2.433500	-1.020500	13.596057	0.000045
2.433500	-0.863500	13.747920	0.000042
2.433500	-0.706500	14.365675	0.000033
2.433500	-0.549500	15.797356	0.000019
2.433500	-0.392500	16.455330	0.000014
2.433500	-0.235500	16.068433	0.000017
2.433500	-0.078500	15.046738	0.000025
2.433500	0.078500	13.613415	0.000045
2.433500	0.235500	11.965935	0.000087
2.433500	0.392500	10.452755	0.000159
2.433500	0.549500	8.937787	0.000292
2.433500	0.706500	7.264569	0.000571
2.433500	0.863500	5.533955	0.001142
2.433500	1.020500	3.967240	0.002141
2.433500	1.177500	3.048520	0.003094
2.433500	1.334500	2.821185	0.003390
2.433500	1.491500	3.002322	0.003152
2.433500	1.648500	3.014726	0.003137
2.433500	1.805500	3.053694	0.003088
2.433500	1.962500	3.345876	0.002747
2.433500	2.119500	4.009518	0.002105
2.433500	2.276500	4.994641	0.001418
2.433500	2.433500	6.131595	0.000899
2.433500	2.590500	7.295110	0.000564
2.433500	2.747500	8.531857	0.000343
2.433500	2.904500	9.662092	0.000218
2.433500	3.061500	10.452801	0.000159

2.590500	-3.061500	12.002109	0.000085
2.590500	-2.904500	12.395258	0.000073
2.590500	-2.747500	12.255913	0.000077
2.590500	-2.590500	12.050943	0.000084
2.590500	-2.433500	11.680428	0.000097
2.590500	-2.276500	12.018682	0.000085
2.590500	-2.119500	13.068603	0.000056
2.590500	-1.962500	14.479017	0.000032
2.590500	-1.805500	15.445495	0.000021
2.590500	-1.648500	15.918893	0.000018
2.590500	-1.491500	15.438921	0.000022
2.590500	-1.334500	14.995303	0.000026
2.590500	-1.177500	14.666773	0.000029
2.590500	-1.020500	14.759978	0.000028
2.590500	-0.863500	15.061898	0.000025
2.590500	-0.706500	15.983049	0.000017
2.590500	-0.549500	17.824817	0.000008
2.590500	-0.392500	18.648588	0.000006
2.590500	-0.235500	18.486074	0.000006
2.590500	-0.078500	17.584621	0.000009
2.590500	0.078500	16.343011	0.000015
2.590500	0.235500	14.600569	0.000030
2.590500	0.392500	12.425385	0.000072
2.590500	0.549500	10.712817	0.000143
2.590500	0.706500	9.101145	0.000273
2.590500	0.863500	7.388839	0.000543
2.590500	1.020500	5.657904	0.001087
2.590500	1.177500	4.587840	0.001669
2.590500	1.334500	4.346120	0.001839
2.590500	1.491500	4.507890	0.001724
2.590500	1.648500	4.295413	0.001877
2.590500	1.805500	4.241898	0.001918
2.590500	1.962500	4.501876	0.001728
2.590500	2.119500	5.163469	0.001325
2.590500	2.276500	6.123962	0.000902
2.590500	2.433500	7.130185	0.000602
2.590500	2.590500	8.310385	0.000375
2.590500	2.747500	9.615489	0.000222
2.590500	2.904500	10.845962	0.000136
2.590500	3.061500	11.823505	0.000092

2.747500	-3.061500	13.154271	0.000054
2.747500	-2.904500	13.554076	0.000046
2.747500	-2.747500	13.861981	0.000041
2.747500	-2.590500	13.656473	0.000044
2.747500	-2.433500	13.296812	0.000051
2.747500	-2.276500	13.217114	0.000052
2.747500	-2.119500	14.174967	0.000036
2.747500	-1.962500	15.413781	0.000022
2.747500	-1.805500	16.188888	0.000016
2.747500	-1.648500	16.702556	0.000013
2.747500	-1.491500	16.678602	0.000013
2.747500	-1.334500	16.039066	0.000017
2.747500	-1.177500	15.675094	0.000020
2.747500	-1.020500	15.847278	0.000018
2.747500	-0.863500	16.411214	0.000015
2.747500	-0.706500	17.567886	0.000009
2.747500	-0.549500	19.676058	0.000004
2.747500	-0.392500	20.785968	0.000003
2.747500	-0.235500	20.841459	0.000002
2.747500	-0.078500	20.157217	0.000003
2.747500	0.078500	18.930388	0.000005
2.747500	0.235500	17.186210	0.000011
2.747500	0.392500	14.713847	0.000029
2.747500	0.549500	12.658721	0.000066
2.747500	0.706500	10.912051	0.000132
2.747500	0.863500	9.228815	0.000260
2.747500	1.020500	7.524804	0.000514
2.747500	1.177500	6.524556	0.000768
2.747500	1.334500	6.297936	0.000841
2.747500	1.491500	6.420505	0.000801
2.747500	1.648500	6.107416	0.000908
2.747500	1.805500	5.676944	0.001079
2.747500	1.962500	5.723642	0.001059
2.747500	2.119500	6.403781	0.000806
2.747500	2.276500	7.348126	0.000552
2.747500	2.433500	8.410850	0.000361
2.747500	2.590500	9.464692	0.000236
2.747500	2.747500	10.653421	0.000147
2.747500	2.904500	11.918780	0.000088
2.747500	3.061500	12.927675	0.000059

2.904500	-3.061500	14.477029	0.000032
2.904500	-2.904500	14.827812	0.000028
2.904500	-2.747500	15.094035	0.000025
2.904500	-2.590500	14.885698	0.000027
2.904500	-2.433500	14.468302	0.000032
2.904500	-2.276500	14.356235	0.000033
2.904500	-2.119500	15.275724	0.000023
2.904500	-1.962500	16.385552	0.000015
2.904500	-1.805500	17.101324	0.000011
2.904500	-1.648500	17.550096	0.000009
2.904500	-1.491500	17.634598	0.000009
2.904500	-1.334500	17.060388	0.000011
2.904500	-1.177500	16.759239	0.000013
2.904500	-1.020500	16.820572	0.000012
2.904500	-0.863500	17.404327	0.000010
2.904500	-0.706500	18.825765	0.000006
2.904500	-0.549500	20.493992	0.000003
2.904500	-0.392500	21.689639	0.000002
2.904500	-0.235500	22.027234	0.000002
2.904500	-0.078500	21.723354	0.000002
2.904500	0.078500	20.693873	0.000003
2.904500	0.235500	19.041473	0.000005
2.904500	0.392500	16.462790	0.000014
2.904500	0.549500	14.330972	0.000034
2.904500	0.706500	12.478089	0.000071
2.904500	0.863500	10.716060	0.000143
2.904500	1.020500	9.079966	0.000276
2.904500	1.177500	8.118079	0.000405
2.904500	1.334500	7.879906	0.000446
2.904500	1.491500	7.900595	0.000442
2.904500	1.648500	7.683577	0.000483
2.904500	1.805500	7.068338	0.000618
2.904500	1.962500	7.177252	0.000591
2.904500	2.119500	7.778230	0.000465
2.904500	2.276500	8.743706	0.000315
2.904500	2.433500	9.691180	0.000216
2.904500	2.590500	10.776925	0.000140
2.904500	2.747500	11.934806	0.000088
2.904500	2.904500	13.148764	0.000054
2.904500	3.061500	14.287453	0.000034

3.061500	-3.061500	15.752481	0.000019
3.061500	-2.904500	15.965566	0.000017
3.061500	-2.747500	16.197713	0.000016
3.061500	-2.590500	15.934912	0.000018
3.061500	-2.433500	15.382134	0.000022
3.061500	-2.276500	15.289907	0.000023
3.061500	-2.119500	16.016387	0.000017
3.061500	-1.962500	17.038496	0.000011
3.061500	-1.805500	17.830081	0.000008
3.061500	-1.648500	18.166842	0.000007
3.061500	-1.491500	18.117813	0.000007
3.061500	-1.334500	17.789752	0.000008
3.061500	-1.177500	17.403969	0.000010
3.061500	-1.020500	17.533003	0.000009
3.061500	-0.863500	18.144526	0.000007
3.061500	-0.706500	19.274853	0.000005
3.061500	-0.549500	20.693973	0.000003
3.061500	-0.392500	21.983899	0.000002
3.061500	-0.235500	22.533476	0.000001
3.061500	-0.078500	22.349322	0.000001
3.061500	0.078500	21.480156	0.000002
3.061500	0.235500	19.970491	0.000004
3.061500	0.392500	17.772559	0.000008
3.061500	0.549500	15.731027	0.000019
3.061500	0.706500	13.918498	0.000040
3.061500	0.863500	12.025851	0.000085
3.061500	1.020500	10.403315	0.000162
3.061500	1.177500	9.376154	0.000245
3.061500	1.334500	9.100946	0.000273
3.061500	1.491500	8.951313	0.000290
3.061500	1.648500	8.801221	0.000308
3.061500	1.805500	8.355153	0.000369
3.061500	1.962500	8.520289	0.000345
3.061500	2.119500	9.081388	0.000276
3.061500	2.276500	10.054933	0.000186
3.061500	2.433500	10.899189	0.000133
3.061500	2.590500	11.984546	0.000086
3.061500	2.747500	13.250889	0.000052
3.061500	2.904500	14.558302	0.000031
3.061500	3.061500	15.532619	0.000021

