#X		Y		Free		Pro
-3.061500	-3.061500	20.804510	0.000003
-3.061500	-2.904500	18.215731	0.000008
-3.061500	-2.747500	16.601351	0.000015
-3.061500	-2.590500	15.432154	0.000024
-3.061500	-2.433500	14.898040	0.000030
-3.061500	-2.276500	15.524249	0.000024
-3.061500	-2.119500	16.812860	0.000014
-3.061500	-1.962500	18.365797	0.000008
-3.061500	-1.805500	19.645738	0.000005
-3.061500	-1.648500	19.835505	0.000004
-3.061500	-1.491500	19.172253	0.000005
-3.061500	-1.334500	18.679082	0.000007
-3.061500	-1.177500	18.258241	0.000008
-3.061500	-1.020500	18.283260	0.000008
-3.061500	-0.863500	18.819244	0.000006
-3.061500	-0.706500	19.973231	0.000004
-3.061500	-0.549500	21.363634	0.000002
-3.061500	-0.392500	22.942866	0.000001
-3.061500	-0.235500	24.419638	0.000001
-3.061500	-0.078500	26.069662	0.000000
-3.061500	0.078500	27.728910	0.000000
-3.061500	0.235500	28.443709	0.000000
-3.061500	0.392500	27.546411	0.000000
-3.061500	0.549500	26.435670	0.000000
-3.061500	0.706500	25.290329	0.000000
-3.061500	0.863500	23.888379	0.000001
-3.061500	1.020500	22.744855	0.000001
-3.061500	1.177500	22.354467	0.000002
-3.061500	1.334500	22.188470	0.000002
-3.061500	1.491500	22.114519	0.000002
-3.061500	1.648500	21.948027	0.000002
-3.061500	1.805500	21.434222	0.000002
-3.061500	1.962500	21.267883	0.000002
-3.061500	2.119500	21.345346	0.000002
-3.061500	2.276500	21.606154	0.000002
-3.061500	2.433500	21.784976	0.000002
-3.061500	2.590500	22.704105	0.000001
-3.061500	2.747500	23.948330	0.000001
-3.061500	2.904500	24.260448	0.000001
-3.061500	3.061500	23.126193	0.000001

-2.904500	-3.061500	22.172115	0.000002
-2.904500	-2.904500	20.002258	0.000004
-2.904500	-2.747500	18.690975	0.000007
-2.904500	-2.590500	17.969005	0.000009
-2.904500	-2.433500	17.870158	0.000009
-2.904500	-2.276500	18.633896	0.000007
-2.904500	-2.119500	19.786564	0.000004
-2.904500	-1.962500	21.230098	0.000002
-2.904500	-1.805500	22.266019	0.000002
-2.904500	-1.648500	22.650203	0.000001
-2.904500	-1.491500	21.941242	0.000002
-2.904500	-1.334500	21.206249	0.000002
-2.904500	-1.177500	20.751907	0.000003
-2.904500	-1.020500	20.792309	0.000003
-2.904500	-0.863500	21.239067	0.000002
-2.904500	-0.706500	22.174111	0.000002
-2.904500	-0.549500	23.380506	0.000001
-2.904500	-0.392500	24.719865	0.000001
-2.904500	-0.235500	26.228828	0.000000
-2.904500	-0.078500	27.523218	0.000000
-2.904500	0.078500	29.770517	0.000000
-2.904500	0.235500	30.489944	0.000000
-2.904500	0.392500	30.186590	0.000000
-2.904500	0.549500	28.881236	0.000000
-2.904500	0.706500	27.729534	0.000000
-2.904500	0.863500	26.870912	0.000000
-2.904500	1.020500	25.876138	0.000000
-2.904500	1.177500	25.542458	0.000000
-2.904500	1.334500	25.575102	0.000000
-2.904500	1.491500	25.253284	0.000000
-2.904500	1.648500	25.304197	0.000000
-2.904500	1.805500	25.211409	0.000000
-2.904500	1.962500	25.132781	0.000001
-2.904500	2.119500	24.986377	0.000001
-2.904500	2.276500	25.062435	0.000001
-2.904500	2.433500	24.606211	0.000001
-2.904500	2.590500	24.937623	0.000001
-2.904500	2.747500	26.063898	0.000000
-2.904500	2.904500	26.492924	0.000000
-2.904500	3.061500	25.184142	0.000000

-2.747500	-3.061500	25.206390	0.000000
-2.747500	-2.904500	23.376722	0.000001
-2.747500	-2.747500	22.069980	0.000002
-2.747500	-2.590500	21.371754	0.000002
-2.747500	-2.433500	21.344398	0.000002
-2.747500	-2.276500	21.530490	0.000002
-2.747500	-2.119500	22.408275	0.000001
-2.747500	-1.962500	23.747616	0.000001
-2.747500	-1.805500	24.746739	0.000001
-2.747500	-1.648500	25.033929	0.000001
-2.747500	-1.491500	24.584521	0.000001
-2.747500	-1.334500	23.843980	0.000001
-2.747500	-1.177500	23.240090	0.000001
-2.747500	-1.020500	23.126878	0.000001
-2.747500	-0.863500	23.724182	0.000001
-2.747500	-0.706500	24.952928	0.000001
-2.747500	-0.549500	25.896388	0.000000
-2.747500	-0.392500	26.870941	0.000000
-2.747500	-0.235500	28.088485	0.000000
-2.747500	-0.078500	29.628347	0.000000
-2.747500	0.078500	31.336105	0.000000
-2.747500	0.235500	33.411160	0.000000
-2.747500	0.392500	32.057339	0.000000
-2.747500	0.549500	31.946143	0.000000
-2.747500	0.706500	30.953867	0.000000
-2.747500	0.863500	29.740677	0.000000
-2.747500	1.020500	29.130264	0.000000
-2.747500	1.177500	28.487570	0.000000
-2.747500	1.334500	28.049697	0.000000
-2.747500	1.491500	28.063949	0.000000
-2.747500	1.648500	28.724105	0.000000
-2.747500	1.805500	29.069328	0.000000
-2.747500	1.962500	29.617020	0.000000
-2.747500	2.119500	29.746439	0.000000
-2.747500	2.276500	29.860592	0.000000
-2.747500	2.433500	29.051425	0.000000
-2.747500	2.590500	27.486360	0.000000
-2.747500	2.747500	27.925447	0.000000
-2.747500	2.904500	28.184856	0.000000
-2.747500	3.061500	27.252135	0.000000

-2.590500	-3.061500	29.326408	0.000000
-2.590500	-2.904500	27.284003	0.000000
-2.590500	-2.747500	25.922764	0.000000
-2.590500	-2.590500	25.142862	0.000000
-2.590500	-2.433500	24.977200	0.000001
-2.590500	-2.276500	24.363144	0.000001
-2.590500	-2.119500	25.030719	0.000001
-2.590500	-1.962500	26.348768	0.000000
-2.590500	-1.805500	27.503897	0.000000
-2.590500	-1.648500	27.584055	0.000000
-2.590500	-1.491500	27.334079	0.000000
-2.590500	-1.334500	26.583868	0.000000
-2.590500	-1.177500	25.811769	0.000000
-2.590500	-1.020500	25.647418	0.000000
-2.590500	-0.863500	26.235254	0.000000
-2.590500	-0.706500	27.643010	0.000000
-2.590500	-0.549500	29.092077	0.000000
-2.590500	-0.392500	29.390002	0.000000
-2.590500	-0.235500	30.369041	0.000000
-2.590500	-0.078500	30.107112	0.000000
-2.590500	0.078500	33.497851	0.000000
-2.590500	0.235500	35.613245	0.000000
-2.590500	0.392500	36.500485	0.000000
-2.590500	0.549500	33.757207	0.000000
-2.590500	0.706500	32.236851	0.000000
-2.590500	0.863500	30.978860	0.000000
-2.590500	1.020500	29.940675	0.000000
-2.590500	1.177500	29.116374	0.000000
-2.590500	1.334500	28.869550	0.000000
-2.590500	1.491500	28.934161	0.000000
-2.590500	1.648500	29.713735	0.000000
-2.590500	1.805500	30.265550	0.000000
-2.590500	1.962500	30.658120	0.000000
-2.590500	2.119500	31.016102	0.000000
-2.590500	2.276500	31.519509	0.000000
-2.590500	2.433500	32.254010	0.000000
-2.590500	2.590500	30.697464	0.000000
-2.590500	2.747500	29.374846	0.000000
-2.590500	2.904500	31.251536	0.000000
-2.590500	3.061500	30.745231	0.000000

-2.433500	-3.061500	33.306805	0.000000
-2.433500	-2.904500	31.459120	0.000000
-2.433500	-2.747500	29.846209	0.000000
-2.433500	-2.590500	29.095189	0.000000
-2.433500	-2.433500	28.411280	0.000000
-2.433500	-2.276500	27.054303	0.000000
-2.433500	-2.119500	27.718595	0.000000
-2.433500	-1.962500	29.006763	0.000000
-2.433500	-1.805500	30.127428	0.000000
-2.433500	-1.648500	30.451229	0.000000
-2.433500	-1.491500	30.317872	0.000000
-2.433500	-1.334500	29.505127	0.000000
-2.433500	-1.177500	28.798122	0.000000
-2.433500	-1.020500	28.426376	0.000000
-2.433500	-0.863500	29.053007	0.000000
-2.433500	-0.706500	30.283365	0.000000
-2.433500	-0.549500	31.703956	0.000000
-2.433500	-0.392500	32.645929	0.000000
-2.433500	-0.235500	36.757279	0.000000
-2.433500	-0.078500	9999999.000000	0.000000
-2.433500	0.078500	34.757894	0.000000
-2.433500	0.235500	9999999.000000	0.000000
-2.433500	0.392500	37.009463	0.000000
-2.433500	0.549500	9999999.000000	0.000000
-2.433500	0.706500	32.290729	0.000000
-2.433500	0.863500	30.462849	0.000000
-2.433500	1.020500	29.518510	0.000000
-2.433500	1.177500	28.668293	0.000000
-2.433500	1.334500	28.215719	0.000000
-2.433500	1.491500	27.909834	0.000000
-2.433500	1.648500	27.918003	0.000000
-2.433500	1.805500	28.001271	0.000000
-2.433500	1.962500	28.307274	0.000000
-2.433500	2.119500	28.786548	0.000000
-2.433500	2.276500	29.582558	0.000000
-2.433500	2.433500	30.699204	0.000000
-2.433500	2.590500	31.655254	0.000000
-2.433500	2.747500	30.900287	0.000000
-2.433500	2.904500	34.947178	0.000000
-2.433500	3.061500	35.514433	0.000000

-2.276500	-3.061500	37.044175	0.000000
-2.276500	-2.904500	34.837589	0.000000
-2.276500	-2.747500	33.035036	0.000000
-2.276500	-2.590500	32.001757	0.000000
-2.276500	-2.433500	30.963798	0.000000
-2.276500	-2.276500	29.777534	0.000000
-2.276500	-2.119500	30.501778	0.000000
-2.276500	-1.962500	31.844224	0.000000
-2.276500	-1.805500	32.983947	0.000000
-2.276500	-1.648500	33.288196	0.000000
-2.276500	-1.491500	33.095485	0.000000
-2.276500	-1.334500	32.601299	0.000000
-2.276500	-1.177500	31.827175	0.000000
-2.276500	-1.020500	31.475987	0.000000
-2.276500	-0.863500	31.775734	0.000000
-2.276500	-0.706500	32.873113	0.000000
-2.276500	-0.549500	33.932052	0.000000
-2.276500	-0.392500	35.391731	0.000000
-2.276500	-0.235500	37.459680	0.000000
-2.276500	-0.078500	37.607737	0.000000
-2.276500	0.078500	40.264962	0.000000
-2.276500	0.235500	38.574602	0.000000
-2.276500	0.392500	40.503441	0.000000
-2.276500	0.549500	36.757897	0.000000
-2.276500	0.706500	32.544109	0.000000
-2.276500	0.863500	30.136842	0.000000
-2.276500	1.020500	29.216420	0.000000
-2.276500	1.177500	28.741553	0.000000
-2.276500	1.334500	28.247514	0.000000
-2.276500	1.491500	27.545470	0.000000
-2.276500	1.648500	26.779165	0.000000
-2.276500	1.805500	26.850406	0.000000
-2.276500	1.962500	27.131042	0.000000
-2.276500	2.119500	27.744339	0.000000
-2.276500	2.276500	28.466407	0.000000
-2.276500	2.433500	29.401326	0.000000
-2.276500	2.590500	30.299657	0.000000
-2.276500	2.747500	32.928650	0.000000
-2.276500	2.904500	37.601254	0.000000
-2.276500	3.061500	38.665192	0.000000

-2.119500	-3.061500	38.253101	0.000000
-2.119500	-2.904500	36.330581	0.000000
-2.119500	-2.747500	34.018662	0.000000
-2.119500	-2.590500	32.512937	0.000000
-2.119500	-2.433500	31.640866	0.000000
-2.119500	-2.276500	31.938536	0.000000
-2.119500	-2.119500	32.738226	0.000000
-2.119500	-1.962500	34.316848	0.000000
-2.119500	-1.805500	35.730465	0.000000
-2.119500	-1.648500	36.390991	0.000000
-2.119500	-1.491500	35.742926	0.000000
-2.119500	-1.334500	35.468307	0.000000
-2.119500	-1.177500	34.625443	0.000000
-2.119500	-1.020500	34.230884	0.000000
-2.119500	-0.863500	34.199441	0.000000
-2.119500	-0.706500	34.764851	0.000000
-2.119500	-0.549500	35.439349	0.000000
-2.119500	-0.392500	36.860147	0.000000
-2.119500	-0.235500	38.553447	0.000000
-2.119500	-0.078500	40.830297	0.000000
-2.119500	0.078500	44.105683	0.000000
-2.119500	0.235500	42.721966	0.000000
-2.119500	0.392500	40.270080	0.000000
-2.119500	0.549500	38.856514	0.000000
-2.119500	0.706500	36.081196	0.000000
-2.119500	0.863500	31.661461	0.000000
-2.119500	1.020500	29.640695	0.000000
-2.119500	1.177500	29.346555	0.000000
-2.119500	1.334500	28.993294	0.000000
-2.119500	1.491500	28.029020	0.000000
-2.119500	1.648500	27.349368	0.000000
-2.119500	1.805500	27.436506	0.000000
-2.119500	1.962500	27.853206	0.000000
-2.119500	2.119500	28.552674	0.000000
-2.119500	2.276500	29.432621	0.000000
-2.119500	2.433500	30.221928	0.000000
-2.119500	2.590500	31.106533	0.000000
-2.119500	2.747500	33.857593	0.000000
-2.119500	2.904500	9999999.000000	0.000000
-2.119500	3.061500	43.418938	0.000000

-1.962500	-3.061500	39.930802	0.000000
-1.962500	-2.904500	37.755724	0.000000
-1.962500	-2.747500	35.688913	0.000000
-1.962500	-2.590500	34.038542	0.000000
-1.962500	-2.433500	32.770718	0.000000
-1.962500	-2.276500	32.621258	0.000000
-1.962500	-2.119500	33.990296	0.000000
-1.962500	-1.962500	35.391156	0.000000
-1.962500	-1.805500	36.602692	0.000000
-1.962500	-1.648500	37.538650	0.000000
-1.962500	-1.491500	38.016877	0.000000
-1.962500	-1.334500	37.153995	0.000000
-1.962500	-1.177500	36.135922	0.000000
-1.962500	-1.020500	35.846890	0.000000
-1.962500	-0.863500	35.642280	0.000000
-1.962500	-0.706500	36.315984	0.000000
-1.962500	-0.549500	37.435609	0.000000
-1.962500	-0.392500	39.309555	0.000000
-1.962500	-0.235500	41.355033	0.000000
-1.962500	-0.078500	42.860044	0.000000
-1.962500	0.078500	42.726071	0.000000
-1.962500	0.235500	42.543552	0.000000
-1.962500	0.392500	40.959038	0.000000
-1.962500	0.549500	40.044858	0.000000
-1.962500	0.706500	38.290232	0.000000
-1.962500	0.863500	35.228062	0.000000
-1.962500	1.020500	31.365074	0.000000
-1.962500	1.177500	30.158504	0.000000
-1.962500	1.334500	29.846498	0.000000
-1.962500	1.491500	29.602377	0.000000
-1.962500	1.648500	29.480491	0.000000
-1.962500	1.805500	29.738279	0.000000
-1.962500	1.962500	30.224650	0.000000
-1.962500	2.119500	30.968884	0.000000
-1.962500	2.276500	31.668426	0.000000
-1.962500	2.433500	33.267441	0.000000
-1.962500	2.590500	33.437694	0.000000
-1.962500	2.747500	38.126295	0.000000
-1.962500	2.904500	9999999.000000	0.000000
-1.962500	3.061500	42.188277	0.000000

-1.805500	-3.061500	42.374194	0.000000
-1.805500	-2.904500	39.979571	0.000000
-1.805500	-2.747500	37.706342	0.000000
-1.805500	-2.590500	35.968396	0.000000
-1.805500	-2.433500	34.396197	0.000000
-1.805500	-2.276500	33.989878	0.000000
-1.805500	-2.119500	34.714454	0.000000
-1.805500	-1.962500	35.818163	0.000000
-1.805500	-1.805500	36.694775	0.000000
-1.805500	-1.648500	37.745110	0.000000
-1.805500	-1.491500	38.176575	0.000000
-1.805500	-1.334500	37.772764	0.000000
-1.805500	-1.177500	36.753824	0.000000
-1.805500	-1.020500	36.418239	0.000000
-1.805500	-0.863500	36.489429	0.000000
-1.805500	-0.706500	37.636540	0.000000
-1.805500	-0.549500	39.282027	0.000000
-1.805500	-0.392500	40.930614	0.000000
-1.805500	-0.235500	42.861615	0.000000
-1.805500	-0.078500	44.563591	0.000000
-1.805500	0.078500	44.548915	0.000000
-1.805500	0.235500	42.753039	0.000000
-1.805500	0.392500	41.539721	0.000000
-1.805500	0.549500	40.091435	0.000000
-1.805500	0.706500	38.778053	0.000000
-1.805500	0.863500	36.822922	0.000000
-1.805500	1.020500	34.580445	0.000000
-1.805500	1.177500	31.437395	0.000000
-1.805500	1.334500	30.514016	0.000000
-1.805500	1.491500	31.493965	0.000000
-1.805500	1.648500	32.447397	0.000000
-1.805500	1.805500	33.119981	0.000000
-1.805500	1.962500	33.804679	0.000000
-1.805500	2.119500	34.426680	0.000000
-1.805500	2.276500	34.952871	0.000000
-1.805500	2.433500	36.781891	0.000000
-1.805500	2.590500	35.541692	0.000000
-1.805500	2.747500	9999999.000000	0.000000
-1.805500	2.904500	43.942888	0.000000
-1.805500	3.061500	43.983954	0.000000

-1.648500	-3.061500	43.930929	0.000000
-1.648500	-2.904500	41.513144	0.000000
-1.648500	-2.747500	38.955207	0.000000
-1.648500	-2.590500	36.887765	0.000000
-1.648500	-2.433500	35.110746	0.000000
-1.648500	-2.276500	34.287324	0.000000
-1.648500	-2.119500	34.746106	0.000000
-1.648500	-1.962500	35.743982	0.000000
-1.648500	-1.805500	36.528390	0.000000
-1.648500	-1.648500	37.217491	0.000000
-1.648500	-1.491500	38.336590	0.000000
-1.648500	-1.334500	37.796059	0.000000
-1.648500	-1.177500	36.817031	0.000000
-1.648500	-1.020500	36.316346	0.000000
-1.648500	-0.863500	36.583096	0.000000
-1.648500	-0.706500	37.963188	0.000000
-1.648500	-0.549500	39.965117	0.000000
-1.648500	-0.392500	41.666904	0.000000
-1.648500	-0.235500	43.531757	0.000000
-1.648500	-0.078500	45.187977	0.000000
-1.648500	0.078500	44.343428	0.000000
-1.648500	0.235500	42.310632	0.000000
-1.648500	0.392500	41.161491	0.000000
-1.648500	0.549500	39.920777	0.000000
-1.648500	0.706500	38.248349	0.000000
-1.648500	0.863500	36.851937	0.000000
-1.648500	1.020500	35.873269	0.000000
-1.648500	1.177500	33.764014	0.000000
-1.648500	1.334500	32.644611	0.000000
-1.648500	1.491500	31.700638	0.000000
-1.648500	1.648500	33.525330	0.000000
-1.648500	1.805500	40.833668	0.000000
-1.648500	1.962500	37.157535	0.000000
-1.648500	2.119500	39.477668	0.000000
-1.648500	2.276500	36.820181	0.000000
-1.648500	2.433500	35.054701	0.000000
-1.648500	2.590500	9999999.000000	0.000000
-1.648500	2.747500	9999999.000000	0.000000
-1.648500	2.904500	9999999.000000	0.000000
-1.648500	3.061500	44.973898	0.000000

-1.491500	-3.061500	43.586299	0.000000
-1.491500	-2.904500	41.483263	0.000000
-1.491500	-2.747500	38.821865	0.000000
-1.491500	-2.590500	36.533960	0.000000
-1.491500	-2.433500	34.555658	0.000000
-1.491500	-2.276500	33.505062	0.000000
-1.491500	-2.119500	33.903288	0.000000
-1.491500	-1.962500	34.955079	0.000000
-1.491500	-1.805500	35.758585	0.000000
-1.491500	-1.648500	36.346635	0.000000
-1.491500	-1.491500	37.084826	0.000000
-1.491500	-1.334500	37.012319	0.000000
-1.491500	-1.177500	36.116683	0.000000
-1.491500	-1.020500	35.699040	0.000000
-1.491500	-0.863500	35.825090	0.000000
-1.491500	-0.706500	37.350502	0.000000
-1.491500	-0.549500	39.327370	0.000000
-1.491500	-0.392500	41.190701	0.000000
-1.491500	-0.235500	42.845995	0.000000
-1.491500	-0.078500	44.392892	0.000000
-1.491500	0.078500	43.503260	0.000000
-1.491500	0.235500	41.534757	0.000000
-1.491500	0.392500	40.241246	0.000000
-1.491500	0.549500	39.014117	0.000000
-1.491500	0.706500	37.809415	0.000000
-1.491500	0.863500	36.401315	0.000000
-1.491500	1.020500	35.891421	0.000000
-1.491500	1.177500	34.978573	0.000000
-1.491500	1.334500	35.783121	0.000000
-1.491500	1.491500	31.081801	0.000000
-1.491500	1.648500	9999999.000000	0.000000
-1.491500	1.805500	9999999.000000	0.000000
-1.491500	1.962500	9999999.000000	0.000000
-1.491500	2.119500	36.121891	0.000000
-1.491500	2.276500	9999999.000000	0.000000
-1.491500	2.433500	35.141904	0.000000
-1.491500	2.590500	9999999.000000	0.000000
-1.491500	2.747500	9999999.000000	0.000000
-1.491500	2.904500	47.678304	0.000000
-1.491500	3.061500	45.358044	0.000000

-1.334500	-3.061500	42.819151	0.000000
-1.334500	-2.904500	40.180557	0.000000
-1.334500	-2.747500	37.792976	0.000000
-1.334500	-2.590500	35.217841	0.000000
-1.334500	-2.433500	33.122699	0.000000
-1.334500	-2.276500	32.198550	0.000000
-1.334500	-2.119500	32.746387	0.000000
-1.334500	-1.962500	33.612751	0.000000
-1.334500	-1.805500	34.447987	0.000000
-1.334500	-1.648500	35.032167	0.000000
-1.334500	-1.491500	35.824280	0.000000
-1.334500	-1.334500	35.683976	0.000000
-1.334500	-1.177500	34.813111	0.000000
-1.334500	-1.020500	34.400263	0.000000
-1.334500	-0.863500	34.777172	0.000000
-1.334500	-0.706500	36.207931	0.000000
-1.334500	-0.549500	37.690116	0.000000
-1.334500	-0.392500	39.149468	0.000000
-1.334500	-0.235500	40.742790	0.000000
-1.334500	-0.078500	42.378220	0.000000
-1.334500	0.078500	42.352083	0.000000
-1.334500	0.235500	40.214312	0.000000
-1.334500	0.392500	39.311788	0.000000
-1.334500	0.549500	37.845603	0.000000
-1.334500	0.706500	36.654726	0.000000
-1.334500	0.863500	35.312187	0.000000
-1.334500	1.020500	34.428084	0.000000
-1.334500	1.177500	33.592285	0.000000
-1.334500	1.334500	32.535561	0.000000
-1.334500	1.491500	9999999.000000	0.000000
-1.334500	1.648500	9999999.000000	0.000000
-1.334500	1.805500	9999999.000000	0.000000
-1.334500	1.962500	9999999.000000	0.000000
-1.334500	2.119500	9999999.000000	0.000000
-1.334500	2.276500	9999999.000000	0.000000
-1.334500	2.433500	9999999.000000	0.000000
-1.334500	2.590500	9999999.000000	0.000000
-1.334500	2.747500	42.211257	0.000000
-1.334500	2.904500	47.212299	0.000000
-1.334500	3.061500	44.734577	0.000000

-1.177500	-3.061500	40.607532	0.000000
-1.177500	-2.904500	38.208001	0.000000
-1.177500	-2.747500	35.949454	0.000000
-1.177500	-2.590500	33.541054	0.000000
-1.177500	-2.433500	31.470361	0.000000
-1.177500	-2.276500	30.741216	0.000000
-1.177500	-2.119500	31.333403	0.000000
-1.177500	-1.962500	32.236495	0.000000
-1.177500	-1.805500	33.121762	0.000000
-1.177500	-1.648500	33.664590	0.000000
-1.177500	-1.491500	34.329330	0.000000
-1.177500	-1.334500	34.015056	0.000000
-1.177500	-1.177500	33.277154	0.000000
-1.177500	-1.020500	32.857679	0.000000
-1.177500	-0.863500	33.087099	0.000000
-1.177500	-0.706500	34.096468	0.000000
-1.177500	-0.549500	34.985650	0.000000
-1.177500	-0.392500	35.972946	0.000000
-1.177500	-0.235500	37.292389	0.000000
-1.177500	-0.078500	38.923987	0.000000
-1.177500	0.078500	40.173073	0.000000
-1.177500	0.235500	38.860343	0.000000
-1.177500	0.392500	37.658460	0.000000
-1.177500	0.549500	36.403615	0.000000
-1.177500	0.706500	35.315926	0.000000
-1.177500	0.863500	33.782032	0.000000
-1.177500	1.020500	32.775322	0.000000
-1.177500	1.177500	31.310992	0.000000
-1.177500	1.334500	30.499397	0.000000
-1.177500	1.491500	33.134437	0.000000
-1.177500	1.648500	9999999.000000	0.000000
-1.177500	1.805500	37.217193	0.000000
-1.177500	1.962500	38.006128	0.000000
-1.177500	2.119500	36.683322	0.000000
-1.177500	2.276500	37.696854	0.000000
-1.177500	2.433500	40.307984	0.000000
-1.177500	2.590500	41.518997	0.000000
-1.177500	2.747500	41.136136	0.000000
-1.177500	2.904500	43.293129	0.000000
-1.177500	3.061500	41.824642	0.000000

-1.020500	-3.061500	37.266026	0.000000
-1.020500	-2.904500	35.712830	0.000000
-1.020500	-2.747500	33.966065	0.000000
-1.020500	-2.590500	31.718009	0.000000
-1.020500	-2.433500	29.676223	0.000000
-1.020500	-2.276500	29.216024	0.000000
-1.020500	-2.119500	30.136578	0.000000
-1.020500	-1.962500	31.136572	0.000000
-1.020500	-1.805500	32.069280	0.000000
-1.020500	-1.648500	32.654323	0.000000
-1.020500	-1.491500	32.827509	0.000000
-1.020500	-1.334500	32.299270	0.000000
-1.020500	-1.177500	31.520025	0.000000
-1.020500	-1.020500	31.079468	0.000000
-1.020500	-0.863500	30.999345	0.000000
-1.020500	-0.706500	30.959607	0.000000
-1.020500	-0.549500	31.173186	0.000000
-1.020500	-0.392500	32.040990	0.000000
-1.020500	-0.235500	33.208750	0.000000
-1.020500	-0.078500	34.907677	0.000000
-1.020500	0.078500	36.754463	0.000000
-1.020500	0.235500	36.989795	0.000000
-1.020500	0.392500	36.301241	0.000000
-1.020500	0.549500	35.423840	0.000000
-1.020500	0.706500	34.110068	0.000000
-1.020500	0.863500	32.650348	0.000000
-1.020500	1.020500	31.218999	0.000000
-1.020500	1.177500	29.062643	0.000000
-1.020500	1.334500	9999999.000000	0.000000
-1.020500	1.491500	32.889633	0.000000
-1.020500	1.648500	33.253819	0.000000
-1.020500	1.805500	33.773550	0.000000
-1.020500	1.962500	33.387191	0.000000
-1.020500	2.119500	33.681133	0.000000
-1.020500	2.276500	35.497842	0.000000
-1.020500	2.433500	36.387145	0.000000
-1.020500	2.590500	37.373257	0.000000
-1.020500	2.747500	39.077142	0.000000
-1.020500	2.904500	39.181745	0.000000
-1.020500	3.061500	38.244056	0.000000

-0.863500	-3.061500	34.146113	0.000000
-0.863500	-2.904500	33.103460	0.000000
-0.863500	-2.747500	31.499272	0.000000
-0.863500	-2.590500	29.210104	0.000000
-0.863500	-2.433500	27.385920	0.000000
-0.863500	-2.276500	27.417684	0.000000
-0.863500	-2.119500	28.943452	0.000000
-0.863500	-1.962500	29.894218	0.000000
-0.863500	-1.805500	30.788066	0.000000
-0.863500	-1.648500	30.873862	0.000000
-0.863500	-1.491500	30.363936	0.000000
-0.863500	-1.334500	29.821351	0.000000
-0.863500	-1.177500	29.526525	0.000000
-0.863500	-1.020500	28.942297	0.000000
-0.863500	-0.863500	28.149965	0.000000
-0.863500	-0.706500	27.244456	0.000000
-0.863500	-0.549500	27.420794	0.000000
-0.863500	-0.392500	28.195558	0.000000
-0.863500	-0.235500	29.325325	0.000000
-0.863500	-0.078500	30.984914	0.000000
-0.863500	0.078500	34.154529	0.000000
-0.863500	0.235500	35.650787	0.000000
-0.863500	0.392500	34.888484	0.000000
-0.863500	0.549500	33.953291	0.000000
-0.863500	0.706500	32.935099	0.000000
-0.863500	0.863500	31.690980	0.000000
-0.863500	1.020500	30.803744	0.000000
-0.863500	1.177500	29.516608	0.000000
-0.863500	1.334500	29.038671	0.000000
-0.863500	1.491500	30.064610	0.000000
-0.863500	1.648500	30.172222	0.000000
-0.863500	1.805500	30.246831	0.000000
-0.863500	1.962500	30.415627	0.000000
-0.863500	2.119500	31.024023	0.000000
-0.863500	2.276500	32.062107	0.000000
-0.863500	2.433500	33.631277	0.000000
-0.863500	2.590500	35.156919	0.000000
-0.863500	2.747500	36.330597	0.000000
-0.863500	2.904500	36.560846	0.000000
-0.863500	3.061500	35.322481	0.000000

-0.706500	-3.061500	31.086784	0.000000
-0.706500	-2.904500	30.729395	0.000000
-0.706500	-2.747500	28.948322	0.000000
-0.706500	-2.590500	26.667354	0.000000
-0.706500	-2.433500	24.753874	0.000001
-0.706500	-2.276500	24.264621	0.000001
-0.706500	-2.119500	25.676273	0.000000
-0.706500	-1.962500	26.685016	0.000000
-0.706500	-1.805500	27.047596	0.000000
-0.706500	-1.648500	27.073013	0.000000
-0.706500	-1.491500	26.321649	0.000000
-0.706500	-1.334500	26.285936	0.000000
-0.706500	-1.177500	26.432988	0.000000
-0.706500	-1.020500	26.006540	0.000000
-0.706500	-0.863500	24.682350	0.000001
-0.706500	-0.706500	23.748166	0.000001
-0.706500	-0.549500	24.075553	0.000001
-0.706500	-0.392500	24.909256	0.000001
-0.706500	-0.235500	26.098196	0.000000
-0.706500	-0.078500	28.493404	0.000000
-0.706500	0.078500	32.145098	0.000000
-0.706500	0.235500	32.856832	0.000000
-0.706500	0.392500	32.161683	0.000000
-0.706500	0.549500	30.964900	0.000000
-0.706500	0.706500	30.078314	0.000000
-0.706500	0.863500	29.206293	0.000000
-0.706500	1.020500	28.769449	0.000000
-0.706500	1.177500	28.014247	0.000000
-0.706500	1.334500	26.875757	0.000000
-0.706500	1.491500	27.185191	0.000000
-0.706500	1.648500	27.126959	0.000000
-0.706500	1.805500	27.187680	0.000000
-0.706500	1.962500	27.404022	0.000000
-0.706500	2.119500	27.911016	0.000000
-0.706500	2.276500	29.201560	0.000000
-0.706500	2.433500	30.951422	0.000000
-0.706500	2.590500	32.624169	0.000000
-0.706500	2.747500	33.919458	0.000000
-0.706500	2.904500	33.991871	0.000000
-0.706500	3.061500	32.465107	0.000000

-0.549500	-3.061500	28.377529	0.000000
-0.549500	-2.904500	28.193198	0.000000
-0.549500	-2.747500	26.801282	0.000000
-0.549500	-2.590500	24.403088	0.000001
-0.549500	-2.433500	22.303339	0.000002
-0.549500	-2.276500	21.665243	0.000002
-0.549500	-2.119500	22.622866	0.000001
-0.549500	-1.962500	23.616985	0.000001
-0.549500	-1.805500	24.035933	0.000001
-0.549500	-1.648500	23.759636	0.000001
-0.549500	-1.491500	22.880423	0.000001
-0.549500	-1.334500	22.033521	0.000002
-0.549500	-1.177500	22.105456	0.000002
-0.549500	-1.020500	21.797175	0.000002
-0.549500	-0.863500	20.845627	0.000003
-0.549500	-0.706500	20.873386	0.000003
-0.549500	-0.549500	21.445719	0.000002
-0.549500	-0.392500	22.315167	0.000002
-0.549500	-0.235500	23.628789	0.000001
-0.549500	-0.078500	26.067406	0.000000
-0.549500	0.078500	29.236946	0.000000
-0.549500	0.235500	29.765875	0.000000
-0.549500	0.392500	28.978040	0.000000
-0.549500	0.549500	27.947921	0.000000
-0.549500	0.706500	27.072128	0.000000
-0.549500	0.863500	26.258500	0.000000
-0.549500	1.020500	25.613663	0.000000
-0.549500	1.177500	25.137389	0.000000
-0.549500	1.334500	23.828487	0.000001
-0.549500	1.491500	24.147387	0.000001
-0.549500	1.648500	24.355075	0.000001
-0.549500	1.805500	24.429286	0.000001
-0.549500	1.962500	24.627149	0.000001
-0.549500	2.119500	25.170752	0.000000
-0.549500	2.276500	26.582497	0.000000
-0.549500	2.433500	28.461290	0.000000
-0.549500	2.590500	30.182521	0.000000
-0.549500	2.747500	31.573288	0.000000
-0.549500	2.904500	31.547929	0.000000
-0.549500	3.061500	29.871337	0.000000

-0.392500	-3.061500	26.099327	0.000000
-0.392500	-2.904500	25.859547	0.000000
-0.392500	-2.747500	24.547769	0.000001
-0.392500	-2.590500	22.299789	0.000002
-0.392500	-2.433500	20.036771	0.000004
-0.392500	-2.276500	19.092906	0.000006
-0.392500	-2.119500	20.025900	0.000004
-0.392500	-1.962500	20.971712	0.000003
-0.392500	-1.805500	21.349716	0.000002
-0.392500	-1.648500	21.044592	0.000003
-0.392500	-1.491500	20.258031	0.000004
-0.392500	-1.334500	19.006948	0.000006
-0.392500	-1.177500	18.160277	0.000008
-0.392500	-1.020500	18.039895	0.000009
-0.392500	-0.863500	17.855561	0.000009
-0.392500	-0.706500	18.162322	0.000008
-0.392500	-0.549500	18.741379	0.000006
-0.392500	-0.392500	19.682093	0.000004
-0.392500	-0.235500	21.015311	0.000003
-0.392500	-0.078500	23.362608	0.000001
-0.392500	0.078500	26.079123	0.000000
-0.392500	0.235500	26.701634	0.000000
-0.392500	0.392500	25.863083	0.000000
-0.392500	0.549500	24.899011	0.000001
-0.392500	0.706500	24.012270	0.000001
-0.392500	0.863500	23.350628	0.000001
-0.392500	1.020500	22.725065	0.000001
-0.392500	1.177500	21.818021	0.000002
-0.392500	1.334500	21.436189	0.000002
-0.392500	1.491500	21.519720	0.000002
-0.392500	1.648500	21.741614	0.000002
-0.392500	1.805500	21.917405	0.000002
-0.392500	1.962500	22.181483	0.000002
-0.392500	2.119500	22.769963	0.000001
-0.392500	2.276500	24.146709	0.000001
-0.392500	2.433500	26.224647	0.000000
-0.392500	2.590500	27.983925	0.000000
-0.392500	2.747500	29.491118	0.000000
-0.392500	2.904500	29.458242	0.000000
-0.392500	3.061500	27.703677	0.000000

-0.235500	-3.061500	24.249232	0.000001
-0.235500	-2.904500	23.709349	0.000001
-0.235500	-2.747500	22.139655	0.000002
-0.235500	-2.590500	19.922581	0.000004
-0.235500	-2.433500	17.835468	0.000009
-0.235500	-2.276500	16.799815	0.000014
-0.235500	-2.119500	17.652440	0.000010
-0.235500	-1.962500	18.503609	0.000007
-0.235500	-1.805500	18.816563	0.000006
-0.235500	-1.648500	18.539665	0.000007
-0.235500	-1.491500	17.678698	0.000010
-0.235500	-1.334500	16.648709	0.000015
-0.235500	-1.177500	15.995911	0.000019
-0.235500	-1.020500	15.632468	0.000023
-0.235500	-0.863500	15.036940	0.000029
-0.235500	-0.706500	15.476008	0.000024
-0.235500	-0.549500	16.222702	0.000018
-0.235500	-0.392500	17.131759	0.000012
-0.235500	-0.235500	18.459988	0.000007
-0.235500	-0.078500	20.771134	0.000003
-0.235500	0.078500	23.414150	0.000001
-0.235500	0.235500	23.805237	0.000001
-0.235500	0.392500	23.023242	0.000001
-0.235500	0.549500	22.084148	0.000002
-0.235500	0.706500	21.268546	0.000002
-0.235500	0.863500	20.638463	0.000003
-0.235500	1.020500	19.974534	0.000004
-0.235500	1.177500	19.154109	0.000005
-0.235500	1.334500	18.994561	0.000006
-0.235500	1.491500	19.163225	0.000005
-0.235500	1.648500	19.346503	0.000005
-0.235500	1.805500	19.556560	0.000005
-0.235500	1.962500	19.814221	0.000004
-0.235500	2.119500	20.425265	0.000003
-0.235500	2.276500	22.184486	0.000002
-0.235500	2.433500	24.364261	0.000001
-0.235500	2.590500	26.197889	0.000000
-0.235500	2.747500	27.621349	0.000000
-0.235500	2.904500	27.715129	0.000000
-0.235500	3.061500	25.996586	0.000000

-0.078500	-3.061500	22.991226	0.000001
-0.078500	-2.904500	21.321153	0.000002
-0.078500	-2.747500	19.776620	0.000004
-0.078500	-2.590500	17.861003	0.000009
-0.078500	-2.433500	16.137437	0.000018
-0.078500	-2.276500	15.164997	0.000027
-0.078500	-2.119500	15.629926	0.000023
-0.078500	-1.962500	16.397753	0.000017
-0.078500	-1.805500	16.699277	0.000015
-0.078500	-1.648500	16.479296	0.000016
-0.078500	-1.491500	15.775083	0.000021
-0.078500	-1.334500	15.046709	0.000029
-0.078500	-1.177500	14.598384	0.000034
-0.078500	-1.020500	13.963426	0.000044
-0.078500	-0.863500	13.223814	0.000059
-0.078500	-0.706500	13.177563	0.000060
-0.078500	-0.549500	13.830393	0.000046
-0.078500	-0.392500	14.798955	0.000031
-0.078500	-0.235500	16.078334	0.000019
-0.078500	-0.078500	18.260542	0.000008
-0.078500	0.078500	20.824336	0.000003
-0.078500	0.235500	21.620491	0.000002
-0.078500	0.392500	20.958614	0.000003
-0.078500	0.549500	20.078616	0.000004
-0.078500	0.706500	19.168060	0.000005
-0.078500	0.863500	18.649413	0.000007
-0.078500	1.020500	17.980587	0.000009
-0.078500	1.177500	17.554197	0.000010
-0.078500	1.334500	17.305915	0.000012
-0.078500	1.491500	17.181937	0.000012
-0.078500	1.648500	16.825099	0.000014
-0.078500	1.805500	17.014969	0.000013
-0.078500	1.962500	17.429020	0.000011
-0.078500	2.119500	18.353031	0.000008
-0.078500	2.276500	20.204360	0.000004
-0.078500	2.433500	22.686735	0.000001
-0.078500	2.590500	24.426125	0.000001
-0.078500	2.747500	26.078884	0.000000
-0.078500	2.904500	26.345717	0.000000
-0.078500	3.061500	25.043189	0.000001

0.078500	-3.061500	22.267882	0.000002
0.078500	-2.904500	20.143604	0.000004
0.078500	-2.747500	18.321664	0.000008
0.078500	-2.590500	16.683291	0.000015
0.078500	-2.433500	15.212629	0.000027
0.078500	-2.276500	14.194377	0.000040
0.078500	-2.119500	14.299602	0.000038
0.078500	-1.962500	14.875216	0.000031
0.078500	-1.805500	15.204493	0.000027
0.078500	-1.648500	14.981550	0.000029
0.078500	-1.491500	14.438968	0.000036
0.078500	-1.334500	13.747027	0.000048
0.078500	-1.177500	13.083358	0.000063
0.078500	-1.020500	12.446455	0.000081
0.078500	-0.863500	11.942712	0.000099
0.078500	-0.706500	11.838468	0.000103
0.078500	-0.549500	12.511761	0.000079
0.078500	-0.392500	13.518679	0.000053
0.078500	-0.235500	14.723310	0.000032
0.078500	-0.078500	16.737523	0.000014
0.078500	0.078500	19.101633	0.000006
0.078500	0.235500	19.971359	0.000004
0.078500	0.392500	19.601489	0.000005
0.078500	0.549500	18.764479	0.000006
0.078500	0.706500	17.850779	0.000009
0.078500	0.863500	17.199004	0.000012
0.078500	1.020500	16.549542	0.000016
0.078500	1.177500	16.185568	0.000018
0.078500	1.334500	15.884544	0.000020
0.078500	1.491500	15.642135	0.000022
0.078500	1.648500	15.294361	0.000026
0.078500	1.805500	15.283536	0.000026
0.078500	1.962500	15.864976	0.000021
0.078500	2.119500	16.852836	0.000014
0.078500	2.276500	18.604946	0.000007
0.078500	2.433500	20.660238	0.000003
0.078500	2.590500	22.404635	0.000001
0.078500	2.747500	23.979963	0.000001
0.078500	2.904500	24.741671	0.000001
0.078500	3.061500	24.277492	0.000001

0.235500	-3.061500	20.994608	0.000003
0.235500	-2.904500	19.132064	0.000006
0.235500	-2.747500	17.408839	0.000011
0.235500	-2.590500	15.653295	0.000022
0.235500	-2.433500	14.047879	0.000043
0.235500	-2.276500	12.841596	0.000069
0.235500	-2.119500	12.711485	0.000073
0.235500	-1.962500	13.183420	0.000060
0.235500	-1.805500	13.675100	0.000049
0.235500	-1.648500	13.666690	0.000050
0.235500	-1.491500	13.093806	0.000062
0.235500	-1.334500	12.349972	0.000084
0.235500	-1.177500	11.467892	0.000120
0.235500	-1.020500	10.812990	0.000156
0.235500	-0.863500	10.405244	0.000183
0.235500	-0.706500	10.681901	0.000164
0.235500	-0.549500	11.714382	0.000108
0.235500	-0.392500	12.849000	0.000069
0.235500	-0.235500	14.188093	0.000040
0.235500	-0.078500	15.610589	0.000023
0.235500	0.078500	17.210480	0.000012
0.235500	0.235500	18.099375	0.000008
0.235500	0.392500	17.892231	0.000009
0.235500	0.549500	17.076525	0.000013
0.235500	0.706500	16.253793	0.000018
0.235500	0.863500	15.568350	0.000023
0.235500	1.020500	15.125781	0.000028
0.235500	1.177500	14.616496	0.000034
0.235500	1.334500	14.336973	0.000038
0.235500	1.491500	14.233875	0.000040
0.235500	1.648500	14.130320	0.000041
0.235500	1.805500	14.466633	0.000036
0.235500	1.962500	14.987851	0.000029
0.235500	2.119500	15.787760	0.000021
0.235500	2.276500	16.822076	0.000014
0.235500	2.433500	18.380288	0.000007
0.235500	2.590500	20.135399	0.000004
0.235500	2.747500	21.647799	0.000002
0.235500	2.904500	22.661463	0.000001
0.235500	3.061500	22.280872	0.000002

0.392500	-3.061500	18.976208	0.000006
0.392500	-2.904500	17.658296	0.000010
0.392500	-2.747500	15.883654	0.000020
0.392500	-2.590500	14.014196	0.000043
0.392500	-2.433500	12.287826	0.000086
0.392500	-2.276500	10.982721	0.000145
0.392500	-2.119500	10.768853	0.000158
0.392500	-1.962500	11.227459	0.000132
0.392500	-1.805500	11.787233	0.000105
0.392500	-1.648500	11.803899	0.000105
0.392500	-1.491500	11.215601	0.000132
0.392500	-1.334500	10.518494	0.000175
0.392500	-1.177500	9.664585	0.000247
0.392500	-1.020500	8.913682	0.000333
0.392500	-0.863500	8.749575	0.000356
0.392500	-0.706500	9.290921	0.000287
0.392500	-0.549500	10.590181	0.000170
0.392500	-0.392500	12.148038	0.000091
0.392500	-0.235500	13.447241	0.000054
0.392500	-0.078500	14.309964	0.000038
0.392500	0.078500	15.300311	0.000026
0.392500	0.235500	16.257887	0.000018
0.392500	0.392500	15.984712	0.000020
0.392500	0.549500	15.082037	0.000028
0.392500	0.706500	14.290693	0.000039
0.392500	0.863500	13.726802	0.000048
0.392500	1.020500	13.353069	0.000056
0.392500	1.177500	12.826194	0.000069
0.392500	1.334500	12.434854	0.000081
0.392500	1.491500	12.365952	0.000084
0.392500	1.648500	12.693403	0.000073
0.392500	1.805500	13.174476	0.000060
0.392500	1.962500	13.493113	0.000053
0.392500	2.119500	14.048069	0.000043
0.392500	2.276500	14.717150	0.000033
0.392500	2.433500	16.022233	0.000019
0.392500	2.590500	17.656138	0.000010
0.392500	2.747500	19.166917	0.000005
0.392500	2.904500	20.149598	0.000004
0.392500	3.061500	19.957815	0.000004

0.549500	-3.061500	16.221276	0.000018
0.549500	-2.904500	15.156800	0.000027
0.549500	-2.747500	13.556925	0.000052
0.549500	-2.590500	11.776681	0.000106
0.549500	-2.433500	10.081671	0.000209
0.549500	-2.276500	8.692730	0.000364
0.549500	-2.119500	8.451255	0.000401
0.549500	-1.962500	8.952883	0.000328
0.549500	-1.805500	9.453073	0.000269
0.549500	-1.648500	9.516205	0.000262
0.549500	-1.491500	9.074760	0.000313
0.549500	-1.334500	8.377173	0.000413
0.549500	-1.177500	7.538077	0.000579
0.549500	-1.020500	6.823822	0.000771
0.549500	-0.863500	6.620796	0.000836
0.549500	-0.706500	7.494078	0.000589
0.549500	-0.549500	9.121071	0.000307
0.549500	-0.392500	10.680852	0.000164
0.549500	-0.235500	11.956470	0.000098
0.549500	-0.078500	12.729416	0.000072
0.549500	0.078500	13.557689	0.000052
0.549500	0.235500	14.243291	0.000039
0.549500	0.392500	14.045387	0.000043
0.549500	0.549500	13.176405	0.000060
0.549500	0.706500	12.303641	0.000086
0.549500	0.863500	11.699649	0.000109
0.549500	1.020500	11.142854	0.000136
0.549500	1.177500	10.614130	0.000169
0.549500	1.334500	10.320759	0.000190
0.549500	1.491500	10.345674	0.000188
0.549500	1.648500	10.618766	0.000168
0.549500	1.805500	10.939862	0.000148
0.549500	1.962500	11.357677	0.000125
0.549500	2.119500	11.785782	0.000105
0.549500	2.276500	12.305680	0.000086
0.549500	2.433500	13.430739	0.000055
0.549500	2.590500	15.047554	0.000029
0.549500	2.747500	16.542258	0.000016
0.549500	2.904500	17.505304	0.000011
0.549500	3.061500	17.234112	0.000012

0.706500	-3.061500	13.695124	0.000049
0.706500	-2.904500	12.648972	0.000075
0.706500	-2.747500	11.061630	0.000141
0.706500	-2.590500	9.305447	0.000285
0.706500	-2.433500	7.622486	0.000559
0.706500	-2.276500	6.307566	0.000948
0.706500	-2.119500	6.141886	0.001013
0.706500	-1.962500	6.731616	0.000800
0.706500	-1.805500	7.062222	0.000700
0.706500	-1.648500	7.059284	0.000701
0.706500	-1.491500	6.828069	0.000769
0.706500	-1.334500	6.442234	0.000898
0.706500	-1.177500	5.760890	0.001180
0.706500	-1.020500	4.874890	0.001683
0.706500	-0.863500	4.601426	0.001878
0.706500	-0.706500	5.314879	0.001411
0.706500	-0.549500	6.841911	0.000765
0.706500	-0.392500	8.302173	0.000426
0.706500	-0.235500	9.738505	0.000240
0.706500	-0.078500	11.072144	0.000140
0.706500	0.078500	12.243501	0.000088
0.706500	0.235500	12.917486	0.000067
0.706500	0.392500	12.584671	0.000077
0.706500	0.549500	11.652701	0.000111
0.706500	0.706500	10.690942	0.000164
0.706500	0.863500	9.860729	0.000228
0.706500	1.020500	9.103155	0.000309
0.706500	1.177500	8.670831	0.000367
0.706500	1.334500	8.315320	0.000424
0.706500	1.491500	8.398257	0.000410
0.706500	1.648500	8.684187	0.000366
0.706500	1.805500	8.908084	0.000334
0.706500	1.962500	9.136488	0.000305
0.706500	2.119500	9.503652	0.000263
0.706500	2.276500	9.939923	0.000221
0.706500	2.433500	11.007299	0.000144
0.706500	2.590500	12.530857	0.000078
0.706500	2.747500	13.829200	0.000046
0.706500	2.904500	14.930080	0.000030
0.706500	3.061500	14.702638	0.000033

0.863500	-3.061500	11.451778	0.000121
0.863500	-2.904500	10.418994	0.000182
0.863500	-2.747500	8.978563	0.000325
0.863500	-2.590500	7.238139	0.000653
0.863500	-2.433500	5.525487	0.001297
0.863500	-2.276500	4.428215	0.002013
0.863500	-2.119500	4.451772	0.001995
0.863500	-1.962500	5.109791	0.001532
0.863500	-1.805500	5.491609	0.001315
0.863500	-1.648500	5.445935	0.001339
0.863500	-1.491500	5.325357	0.001405
0.863500	-1.334500	5.169917	0.001496
0.863500	-1.177500	4.438949	0.002005
0.863500	-1.020500	3.540458	0.002874
0.863500	-0.863500	3.126306	0.003393
0.863500	-0.706500	3.675902	0.002722
0.863500	-0.549500	5.070428	0.001556
0.863500	-0.392500	6.480430	0.000884
0.863500	-0.235500	7.969023	0.000487
0.863500	-0.078500	9.350204	0.000280
0.863500	0.078500	10.860396	0.000153
0.863500	0.235500	11.569425	0.000115
0.863500	0.392500	11.007043	0.000144
0.863500	0.549500	10.260562	0.000194
0.863500	0.706500	9.262642	0.000290
0.863500	0.863500	8.347727	0.000418
0.863500	1.020500	7.525535	0.000582
0.863500	1.177500	7.140512	0.000679
0.863500	1.334500	6.919226	0.000742
0.863500	1.491500	7.097685	0.000690
0.863500	1.648500	7.462224	0.000597
0.863500	1.805500	7.750917	0.000531
0.863500	1.962500	7.832107	0.000514
0.863500	2.119500	8.068403	0.000468
0.863500	2.276500	8.478198	0.000397
0.863500	2.433500	9.315563	0.000284
0.863500	2.590500	10.593267	0.000170
0.863500	2.747500	11.879012	0.000102
0.863500	2.904500	12.823409	0.000070
0.863500	3.061500	12.586871	0.000076

1.020500	-3.061500	9.441850	0.000270
1.020500	-2.904500	8.398408	0.000410
1.020500	-2.747500	6.984634	0.000723
1.020500	-2.590500	5.291907	0.001424
1.020500	-2.433500	3.692814	0.002704
1.020500	-2.276500	2.819994	0.003837
1.020500	-2.119500	3.131742	0.003386
1.020500	-1.962500	3.870621	0.002518
1.020500	-1.805500	4.243911	0.002168
1.020500	-1.648500	4.170314	0.002233
1.020500	-1.491500	4.300808	0.002119
1.020500	-1.334500	3.984471	0.002405
1.020500	-1.177500	3.266593	0.003208
1.020500	-1.020500	2.426880	0.004492
1.020500	-0.863500	2.079723	0.005162
1.020500	-0.706500	2.525352	0.004318
1.020500	-0.549500	3.772623	0.002619
1.020500	-0.392500	5.253218	0.001446
1.020500	-0.235500	6.592055	0.000846
1.020500	-0.078500	7.848659	0.000511
1.020500	0.078500	9.264885	0.000290
1.020500	0.235500	9.733305	0.000240
1.020500	0.392500	9.360393	0.000279
1.020500	0.549500	8.611668	0.000376
1.020500	0.706500	7.578691	0.000569
1.020500	0.863500	6.774846	0.000786
1.020500	1.020500	6.261034	0.000966
1.020500	1.177500	5.918951	0.001108
1.020500	1.334500	5.853774	0.001137
1.020500	1.491500	6.001789	0.001071
1.020500	1.648500	6.378405	0.000921
1.020500	1.805500	6.645438	0.000828
1.020500	1.962500	6.727781	0.000801
1.020500	2.119500	6.973566	0.000726
1.020500	2.276500	7.320274	0.000632
1.020500	2.433500	8.122582	0.000458
1.020500	2.590500	9.279515	0.000288
1.020500	2.747500	10.458184	0.000179
1.020500	2.904500	11.134511	0.000137
1.020500	3.061500	10.783182	0.000158

1.177500	-3.061500	7.968540	0.000487
1.177500	-2.904500	6.728975	0.000800
1.177500	-2.747500	5.329349	0.001403
1.177500	-2.590500	3.735934	0.002658
1.177500	-2.433500	2.261656	0.004799
1.177500	-2.276500	1.571371	0.006329
1.177500	-2.119500	2.112108	0.005096
1.177500	-1.962500	2.840406	0.003805
1.177500	-1.805500	3.396542	0.003045
1.177500	-1.648500	3.418877	0.003018
1.177500	-1.491500	3.248820	0.003231
1.177500	-1.334500	3.072868	0.003467
1.177500	-1.177500	2.294811	0.004736
1.177500	-1.020500	1.518676	0.006464
1.177500	-0.863500	1.178133	0.007410
1.177500	-0.706500	1.742191	0.005910
1.177500	-0.549500	3.030797	0.003526
1.177500	-0.392500	4.346325	0.002081
1.177500	-0.235500	5.635027	0.001241
1.177500	-0.078500	6.825253	0.000770
1.177500	0.078500	7.940964	0.000492
1.177500	0.235500	8.439617	0.000403
1.177500	0.392500	8.122944	0.000458
1.177500	0.549500	7.307845	0.000635
1.177500	0.706500	6.275861	0.000960
1.177500	0.863500	5.585275	0.001266
1.177500	1.020500	5.294956	0.001422
1.177500	1.177500	5.109304	0.001532
1.177500	1.334500	5.056106	0.001565
1.177500	1.491500	5.224075	0.001463
1.177500	1.648500	5.608516	0.001254
1.177500	1.805500	5.722201	0.001199
1.177500	1.962500	5.683341	0.001217
1.177500	2.119500	5.986725	0.001078
1.177500	2.276500	6.315176	0.000945
1.177500	2.433500	7.146021	0.000677
1.177500	2.590500	8.201447	0.000444
1.177500	2.747500	9.328003	0.000282
1.177500	2.904500	9.710158	0.000242
1.177500	3.061500	9.147187	0.000304

1.334500	-3.061500	6.486390	0.000882
1.334500	-2.904500	5.741351	0.001189
1.334500	-2.747500	4.412751	0.002026
1.334500	-2.590500	2.854973	0.003783
1.334500	-2.433500	1.609018	0.006234
1.334500	-2.276500	0.880982	0.008348
1.334500	-2.119500	1.421344	0.006722
1.334500	-1.962500	2.298075	0.004730
1.334500	-1.805500	2.900663	0.003715
1.334500	-1.648500	2.974913	0.003606
1.334500	-1.491500	2.820066	0.003837
1.334500	-1.334500	2.527561	0.004314
1.334500	-1.177500	1.922911	0.005497
1.334500	-1.020500	1.136083	0.007536
1.334500	-0.863500	0.791950	0.008651
1.334500	-0.706500	1.297950	0.007063
1.334500	-0.549500	2.429195	0.004487
1.334500	-0.392500	3.584013	0.002824
1.334500	-0.235500	4.773947	0.001753
1.334500	-0.078500	6.095637	0.001032
1.334500	0.078500	7.234905	0.000654
1.334500	0.235500	7.951163	0.000490
1.334500	0.392500	7.799356	0.000521
1.334500	0.549500	6.956856	0.000731
1.334500	0.706500	5.970362	0.001085
1.334500	0.863500	5.109264	0.001532
1.334500	1.020500	4.807049	0.001730
1.334500	1.177500	4.623759	0.001862
1.334500	1.334500	4.500952	0.001956
1.334500	1.491500	4.702023	0.001804
1.334500	1.648500	4.907678	0.001661
1.334500	1.805500	4.853082	0.001698
1.334500	1.962500	4.954117	0.001631
1.334500	2.119500	5.184670	0.001487
1.334500	2.276500	5.565754	0.001276
1.334500	2.433500	6.317421	0.000944
1.334500	2.590500	7.479777	0.000592
1.334500	2.747500	8.357438	0.000417
1.334500	2.904500	8.514608	0.000391
1.334500	3.061500	7.678275	0.000547

1.491500	-3.061500	5.846633	0.001140
1.491500	-2.904500	5.370896	0.001380
1.491500	-2.747500	3.927615	0.002461
1.491500	-2.590500	2.497463	0.004366
1.491500	-2.433500	1.135730	0.007537
1.491500	-2.276500	0.724504	0.008888
1.491500	-2.119500	1.325481	0.006985
1.491500	-1.962500	2.287263	0.004750
1.491500	-1.805500	2.972731	0.003609
1.491500	-1.648500	3.110873	0.003414
1.491500	-1.491500	3.064194	0.003479
1.491500	-1.334500	2.865493	0.003767
1.491500	-1.177500	2.170170	0.004978
1.491500	-1.020500	1.417975	0.006731
1.491500	-0.863500	1.066762	0.007748
1.491500	-0.706500	1.286858	0.007094
1.491500	-0.549500	2.185845	0.004947
1.491500	-0.392500	3.249439	0.003230
1.491500	-0.235500	4.255723	0.002158
1.491500	-0.078500	5.586952	0.001265
1.491500	0.078500	6.784526	0.000783
1.491500	0.235500	7.677663	0.000547
1.491500	0.392500	7.780625	0.000525
1.491500	0.549500	7.019629	0.000712
1.491500	0.706500	6.035939	0.001057
1.491500	0.863500	5.190444	0.001483
1.491500	1.020500	4.855150	0.001697
1.491500	1.177500	4.579098	0.001895
1.491500	1.334500	4.436353	0.002007
1.491500	1.491500	4.532462	0.001931
1.491500	1.648500	4.659422	0.001835
1.491500	1.805500	4.670727	0.001827
1.491500	1.962500	4.706968	0.001801
1.491500	2.119500	4.795871	0.001738
1.491500	2.276500	5.311418	0.001413
1.491500	2.433500	6.069886	0.001043
1.491500	2.590500	7.095165	0.000691
1.491500	2.747500	8.043196	0.000473
1.491500	2.904500	8.029539	0.000475
1.491500	3.061500	7.034334	0.000708

1.648500	-3.061500	5.592411	0.001263
1.648500	-2.904500	4.810812	0.001727
1.648500	-2.747500	3.256100	0.003221
1.648500	-2.590500	1.640544	0.006156
1.648500	-2.433500	0.551810	0.009525
1.648500	-2.276500	0.422300	0.010033
1.648500	-2.119500	1.259825	0.007171
1.648500	-1.962500	2.310306	0.004706
1.648500	-1.805500	2.963615	0.003622
1.648500	-1.648500	2.991798	0.003581
1.648500	-1.491500	3.094128	0.003437
1.648500	-1.334500	2.828050	0.003824
1.648500	-1.177500	2.166444	0.004986
1.648500	-1.020500	1.457422	0.006625
1.648500	-0.863500	1.086213	0.007688
1.648500	-0.706500	1.305642	0.007041
1.648500	-0.549500	2.042147	0.005241
1.648500	-0.392500	3.047591	0.003502
1.648500	-0.235500	3.972689	0.002417
1.648500	-0.078500	5.216947	0.001468
1.648500	0.078500	6.482429	0.000884
1.648500	0.235500	7.469194	0.000595
1.648500	0.392500	7.617445	0.000561
1.648500	0.549500	6.925760	0.000740
1.648500	0.706500	5.867902	0.001131
1.648500	0.863500	4.984303	0.001611
1.648500	1.020500	4.657211	0.001837
1.648500	1.177500	4.362350	0.002067
1.648500	1.334500	4.306321	0.002114
1.648500	1.491500	4.357885	0.002071
1.648500	1.648500	4.577019	0.001897
1.648500	1.805500	4.619275	0.001865
1.648500	1.962500	4.648897	0.001843
1.648500	2.119500	4.660153	0.001835
1.648500	2.276500	5.099701	0.001538
1.648500	2.433500	6.041798	0.001054
1.648500	2.590500	7.058989	0.000701
1.648500	2.747500	7.956623	0.000489
1.648500	2.904500	7.809664	0.000519
1.648500	3.061500	6.792876	0.000780

1.805500	-3.061500	5.303391	0.001418
1.805500	-2.904500	4.291868	0.002127
1.805500	-2.747500	2.598939	0.004192
1.805500	-2.590500	1.004641	0.007944
1.805500	-2.433500	0.000000	0.011884
1.805500	-2.276500	0.070703	0.011552
1.805500	-2.119500	1.089581	0.007678
1.805500	-1.962500	2.125069	0.005069
1.805500	-1.805500	2.754745	0.003938
1.805500	-1.648500	2.907052	0.003705
1.805500	-1.491500	2.892498	0.003727
1.805500	-1.334500	2.672883	0.004070
1.805500	-1.177500	1.988774	0.005354
1.805500	-1.020500	1.302020	0.007051
1.805500	-0.863500	0.886824	0.008328
1.805500	-0.706500	1.263575	0.007161
1.805500	-0.549500	2.081647	0.005158
1.805500	-0.392500	3.031562	0.003525
1.805500	-0.235500	4.067226	0.002327
1.805500	-0.078500	5.083893	0.001548
1.805500	0.078500	6.439398	0.000899
1.805500	0.235500	7.462588	0.000597
1.805500	0.392500	7.570136	0.000571
1.805500	0.549500	6.888141	0.000751
1.805500	0.706500	5.877241	0.001126
1.805500	0.863500	4.820404	0.001721
1.805500	1.020500	4.271073	0.002144
1.805500	1.177500	4.027602	0.002364
1.805500	1.334500	3.889907	0.002498
1.805500	1.491500	4.086324	0.002309
1.805500	1.648500	4.481349	0.001971
1.805500	1.805500	4.566000	0.001905
1.805500	1.962500	4.473697	0.001977
1.805500	2.119500	4.454618	0.001992
1.805500	2.276500	4.863253	0.001691
1.805500	2.433500	5.959690	0.001090
1.805500	2.590500	6.909205	0.000745
1.805500	2.747500	7.783156	0.000525
1.805500	2.904500	7.678738	0.000547
1.805500	3.061500	6.554118	0.000859

1.962500	-3.061500	5.800821	0.001161
1.962500	-2.904500	4.012323	0.002379
1.962500	-2.747500	2.360553	0.004613
1.962500	-2.590500	1.088182	0.007682
1.962500	-2.433500	0.242018	0.010785
1.962500	-2.276500	0.299263	0.010540
1.962500	-2.119500	1.037242	0.007841
1.962500	-1.962500	2.037070	0.005251
1.962500	-1.805500	2.684203	0.004051
1.962500	-1.648500	2.904695	0.003709
1.962500	-1.491500	2.822511	0.003833
1.962500	-1.334500	2.521691	0.004324
1.962500	-1.177500	1.886293	0.005579
1.962500	-1.020500	1.278967	0.007116
1.962500	-0.863500	1.139078	0.007527
1.962500	-0.706500	1.689312	0.006037
1.962500	-0.549500	2.567940	0.004245
1.962500	-0.392500	3.531270	0.002885
1.962500	-0.235500	4.614312	0.001869
1.962500	-0.078500	5.682074	0.001218
1.962500	0.078500	6.809606	0.000775
1.962500	0.235500	7.703884	0.000542
1.962500	0.392500	8.036832	0.000474
1.962500	0.549500	7.540120	0.000578
1.962500	0.706500	6.382434	0.000920
1.962500	0.863500	5.173488	0.001493
1.962500	1.020500	4.361922	0.002068
1.962500	1.177500	3.903171	0.002485
1.962500	1.334500	3.865152	0.002523
1.962500	1.491500	4.040303	0.002352
1.962500	1.648500	4.431159	0.002011
1.962500	1.805500	4.662329	0.001833
1.962500	1.962500	4.482425	0.001970
1.962500	2.119500	4.431631	0.002011
1.962500	2.276500	4.781767	0.001747
1.962500	2.433500	5.708320	0.001205
1.962500	2.590500	6.820970	0.000772
1.962500	2.747500	7.666637	0.000550
1.962500	2.904500	7.844914	0.000512
1.962500	3.061500	7.118752	0.000685

2.119500	-3.061500	7.011199	0.000715
2.119500	-2.904500	4.823122	0.001719
2.119500	-2.747500	3.179349	0.003322
2.119500	-2.590500	2.065300	0.005192
2.119500	-2.433500	1.388802	0.006810
2.119500	-2.276500	1.047709	0.007808
2.119500	-2.119500	1.685284	0.006047
2.119500	-1.962500	2.726596	0.003983
2.119500	-1.805500	3.549157	0.002864
2.119500	-1.648500	3.806523	0.002583
2.119500	-1.491500	3.623735	0.002780
2.119500	-1.334500	3.244974	0.003236
2.119500	-1.177500	2.844981	0.003798
2.119500	-1.020500	2.323002	0.004683
2.119500	-0.863500	2.389301	0.004560
2.119500	-0.706500	3.013168	0.003551
2.119500	-0.549500	3.980927	0.002409
2.119500	-0.392500	5.050988	0.001569
2.119500	-0.235500	6.119245	0.001022
2.119500	-0.078500	7.121091	0.000684
2.119500	0.078500	7.895832	0.000501
2.119500	0.235500	8.760100	0.000355
2.119500	0.392500	9.074466	0.000313
2.119500	0.549500	8.508659	0.000392
2.119500	0.706500	7.341929	0.000626
2.119500	0.863500	6.202310	0.000989
2.119500	1.020500	5.509150	0.001305
2.119500	1.177500	5.147123	0.001509
2.119500	1.334500	4.997886	0.001602
2.119500	1.491500	5.228303	0.001461
2.119500	1.648500	5.596799	0.001260
2.119500	1.805500	5.730983	0.001194
2.119500	1.962500	5.542257	0.001288
2.119500	2.119500	5.423544	0.001351
2.119500	2.276500	5.693384	0.001212
2.119500	2.433500	6.523278	0.000869
2.119500	2.590500	7.533180	0.000580
2.119500	2.747500	8.369344	0.000415
2.119500	2.904500	8.799469	0.000349
2.119500	3.061500	8.567857	0.000383

2.276500	-3.061500	8.820034	0.000346
2.276500	-2.904500	6.445494	0.000897
2.276500	-2.747500	4.807703	0.001729
2.276500	-2.590500	3.673544	0.002725
2.276500	-2.433500	2.809538	0.003853
2.276500	-2.276500	2.354712	0.004623
2.276500	-2.119500	2.886746	0.003735
2.276500	-1.962500	3.924704	0.002464
2.276500	-1.805500	4.846142	0.001703
2.276500	-1.648500	5.182274	0.001488
2.276500	-1.491500	5.224841	0.001463
2.276500	-1.334500	5.119143	0.001526
2.276500	-1.177500	4.558838	0.001911
2.276500	-1.020500	4.222554	0.002187
2.276500	-0.863500	4.290362	0.002128
2.276500	-0.706500	4.943535	0.001638
2.276500	-0.549500	6.052637	0.001050
2.276500	-0.392500	7.108555	0.000687
2.276500	-0.235500	8.344369	0.000419
2.276500	-0.078500	9.240699	0.000292
2.276500	0.078500	9.876506	0.000227
2.276500	0.235500	10.598992	0.000170
2.276500	0.392500	10.693153	0.000163
2.276500	0.549500	9.913634	0.000223
2.276500	0.706500	8.774315	0.000353
2.276500	0.863500	7.807103	0.000520
2.276500	1.020500	7.412318	0.000609
2.276500	1.177500	7.122527	0.000684
2.276500	1.334500	6.936265	0.000737
2.276500	1.491500	7.052985	0.000703
2.276500	1.648500	7.429913	0.000604
2.276500	1.805500	7.423135	0.000606
2.276500	1.962500	7.273448	0.000644
2.276500	2.119500	7.262528	0.000646
2.276500	2.276500	7.423233	0.000606
2.276500	2.433500	8.172676	0.000449
2.276500	2.590500	9.116487	0.000307
2.276500	2.747500	9.929111	0.000222
2.276500	2.904500	10.375902	0.000186
2.276500	3.061500	10.228795	0.000197

2.433500	-3.061500	10.446367	0.000180
2.433500	-2.904500	8.384126	0.000412
2.433500	-2.747500	6.780781	0.000784
2.433500	-2.590500	5.486203	0.001317
2.433500	-2.433500	4.466054	0.001983
2.433500	-2.276500	3.780520	0.002610
2.433500	-2.119500	4.375782	0.002056
2.433500	-1.962500	5.586380	0.001266
2.433500	-1.805500	6.522417	0.000870
2.433500	-1.648500	6.889412	0.000751
2.433500	-1.491500	7.142490	0.000678
2.433500	-1.334500	7.165162	0.000672
2.433500	-1.177500	6.698556	0.000810
2.433500	-1.020500	6.496382	0.000879
2.433500	-0.863500	6.662204	0.000822
2.433500	-0.706500	7.277588	0.000642
2.433500	-0.549500	8.422886	0.000406
2.433500	-0.392500	9.634884	0.000250
2.433500	-0.235500	10.815816	0.000156
2.433500	-0.078500	11.757822	0.000107
2.433500	0.078500	12.462554	0.000080
2.433500	0.235500	13.124396	0.000062
2.433500	0.392500	13.063130	0.000063
2.433500	0.549500	12.172788	0.000090
2.433500	0.706500	10.874524	0.000152
2.433500	0.863500	9.826755	0.000231
2.433500	1.020500	9.577268	0.000256
2.433500	1.177500	9.266460	0.000289
2.433500	1.334500	9.087830	0.000311
2.433500	1.491500	9.183219	0.000299
2.433500	1.648500	9.507737	0.000263
2.433500	1.805500	9.539338	0.000259
2.433500	1.962500	9.469554	0.000267
2.433500	2.119500	9.493143	0.000264
2.433500	2.276500	9.596281	0.000254
2.433500	2.433500	10.320128	0.000190
2.433500	2.590500	11.151262	0.000136
2.433500	2.747500	11.930520	0.000099
2.433500	2.904500	12.344775	0.000084
2.433500	3.061500	12.010614	0.000096

2.590500	-3.061500	11.825313	0.000104
2.590500	-2.904500	10.352136	0.000187
2.590500	-2.747500	8.832485	0.000344
2.590500	-2.590500	7.575116	0.000570
2.590500	-2.433500	6.214423	0.000984
2.590500	-2.276500	5.515144	0.001302
2.590500	-2.119500	6.314029	0.000945
2.590500	-1.962500	7.678566	0.000547
2.590500	-1.805500	8.745178	0.000357
2.590500	-1.648500	9.158822	0.000302
2.590500	-1.491500	9.479268	0.000266
2.590500	-1.334500	9.324533	0.000283
2.590500	-1.177500	8.962807	0.000327
2.590500	-1.020500	8.878806	0.000338
2.590500	-0.863500	9.267430	0.000289
2.590500	-0.706500	10.189913	0.000200
2.590500	-0.549500	11.381598	0.000124
2.590500	-0.392500	12.618611	0.000075
2.590500	-0.235500	13.736119	0.000048
2.590500	-0.078500	14.878390	0.000031
2.590500	0.078500	15.877383	0.000020
2.590500	0.235500	16.545966	0.000016
2.590500	0.392500	16.306771	0.000017
2.590500	0.549500	15.270871	0.000026
2.590500	0.706500	13.938597	0.000044
2.590500	0.863500	12.666050	0.000074
2.590500	1.020500	12.083003	0.000094
2.590500	1.177500	11.850511	0.000103
2.590500	1.334500	11.748890	0.000107
2.590500	1.491500	11.840590	0.000103
2.590500	1.648500	11.964156	0.000098
2.590500	1.805500	11.794666	0.000105
2.590500	1.962500	11.788691	0.000105
2.590500	2.119500	11.817620	0.000104
2.590500	2.276500	12.148389	0.000091
2.590500	2.433500	12.670270	0.000074
2.590500	2.590500	13.634061	0.000050
2.590500	2.747500	14.568656	0.000035
2.590500	2.904500	14.617811	0.000034
2.590500	3.061500	13.462632	0.000054

2.747500	-3.061500	13.952364	0.000044
2.747500	-2.904500	12.411293	0.000082
2.747500	-2.747500	11.259678	0.000130
2.747500	-2.590500	9.999320	0.000216
2.747500	-2.433500	8.691020	0.000365
2.747500	-2.276500	8.044991	0.000472
2.747500	-2.119500	8.889877	0.000337
2.747500	-1.962500	10.354637	0.000187
2.747500	-1.805500	11.378201	0.000124
2.747500	-1.648500	11.995025	0.000097
2.747500	-1.491500	12.245640	0.000088
2.747500	-1.334500	11.735512	0.000108
2.747500	-1.177500	11.333017	0.000126
2.747500	-1.020500	11.257519	0.000130
2.747500	-0.863500	11.938670	0.000099
2.747500	-0.706500	13.140199	0.000061
2.747500	-0.549500	14.530280	0.000035
2.747500	-0.392500	15.759206	0.000021
2.747500	-0.235500	16.937399	0.000013
2.747500	-0.078500	18.235403	0.000008
2.747500	0.078500	19.715691	0.000004
2.747500	0.235500	20.178614	0.000004
2.747500	0.392500	19.759528	0.000004
2.747500	0.549500	18.617730	0.000007
2.747500	0.706500	17.274329	0.000012
2.747500	0.863500	15.786333	0.000021
2.747500	1.020500	14.922005	0.000030
2.747500	1.177500	14.589793	0.000034
2.747500	1.334500	14.584872	0.000034
2.747500	1.491500	14.551795	0.000035
2.747500	1.648500	14.418785	0.000037
2.747500	1.805500	14.169338	0.000041
2.747500	1.962500	14.070873	0.000042
2.747500	2.119500	14.285727	0.000039
2.747500	2.276500	14.489278	0.000036
2.747500	2.433500	15.247599	0.000026
2.747500	2.590500	16.317803	0.000017
2.747500	2.747500	17.160907	0.000012
2.747500	2.904500	17.165214	0.000012
2.747500	3.061500	15.895273	0.000020

2.904500	-3.061500	16.509018	0.000016
2.904500	-2.904500	14.808898	0.000031
2.904500	-2.747500	13.433153	0.000054
2.904500	-2.590500	12.028084	0.000096
2.904500	-2.433500	10.905508	0.000150
2.904500	-2.276500	10.565077	0.000172
2.904500	-2.119500	11.514528	0.000118
2.904500	-1.962500	12.987578	0.000065
2.904500	-1.805500	14.152380	0.000041
2.904500	-1.648500	14.572816	0.000034
2.904500	-1.491500	14.447538	0.000036
2.904500	-1.334500	13.972912	0.000044
2.904500	-1.177500	13.507698	0.000053
2.904500	-1.020500	13.538322	0.000052
2.904500	-0.863500	14.161775	0.000041
2.904500	-0.706500	15.525166	0.000024
2.904500	-0.549500	17.007523	0.000013
2.904500	-0.392500	18.559348	0.000007
2.904500	-0.235500	19.928979	0.000004
2.904500	-0.078500	21.643030	0.000002
2.904500	0.078500	22.977618	0.000001
2.904500	0.235500	23.294908	0.000001
2.904500	0.392500	22.777452	0.000001
2.904500	0.549500	21.586064	0.000002
2.904500	0.706500	20.221313	0.000004
2.904500	0.863500	18.640550	0.000007
2.904500	1.020500	17.475768	0.000011
2.904500	1.177500	17.032725	0.000013
2.904500	1.334500	16.965136	0.000013
2.904500	1.491500	17.024613	0.000013
2.904500	1.648500	16.800906	0.000014
2.904500	1.805500	16.381332	0.000017
2.904500	1.962500	16.203413	0.000018
2.904500	2.119500	16.358842	0.000017
2.904500	2.276500	16.684611	0.000015
2.904500	2.433500	17.467212	0.000011
2.904500	2.590500	18.595144	0.000007
2.904500	2.747500	19.660394	0.000004
2.904500	2.904500	19.757803	0.000004
2.904500	3.061500	18.561103	0.000007

3.061500	-3.061500	18.864825	0.000006
3.061500	-2.904500	16.663073	0.000015
3.061500	-2.747500	15.162870	0.000027
3.061500	-2.590500	13.736242	0.000048
3.061500	-2.433500	12.723961	0.000072
3.061500	-2.276500	12.914204	0.000067
3.061500	-2.119500	14.030230	0.000043
3.061500	-1.962500	15.611256	0.000023
3.061500	-1.805500	16.635525	0.000015
3.061500	-1.648500	17.143023	0.000012
3.061500	-1.491500	16.657767	0.000015
3.061500	-1.334500	16.176601	0.000018
3.061500	-1.177500	15.803789	0.000021
3.061500	-1.020500	15.739198	0.000022
3.061500	-0.863500	16.383602	0.000017
3.061500	-0.706500	17.671282	0.000010
3.061500	-0.549500	19.229315	0.000005
3.061500	-0.392500	20.872580	0.000003
3.061500	-0.235500	22.399410	0.000001
3.061500	-0.078500	24.134344	0.000001
3.061500	0.078500	25.514331	0.000000
3.061500	0.235500	25.978949	0.000000
3.061500	0.392500	25.179895	0.000000
3.061500	0.549500	23.979963	0.000001
3.061500	0.706500	22.682786	0.000001
3.061500	0.863500	21.167936	0.000002
3.061500	1.020500	19.979377	0.000004
3.061500	1.177500	19.530431	0.000005
3.061500	1.334500	19.417456	0.000005
3.061500	1.491500	19.389151	0.000005
3.061500	1.648500	19.076763	0.000006
3.061500	1.805500	18.701707	0.000007
3.061500	1.962500	18.469607	0.000007
3.061500	2.119500	18.556489	0.000007
3.061500	2.276500	18.904381	0.000006
3.061500	2.433500	19.495225	0.000005
3.061500	2.590500	20.571980	0.000003
3.061500	2.747500	21.740697	0.000002
3.061500	2.904500	22.082010	0.000002
3.061500	3.061500	20.821375	0.000003

